[2022-04-01T10:04:31.518Z] Validating found git in: /usr/local/bin/git
[2022-04-01T10:04:31.623Z] Using git 2.32.0 from /usr/local/bin/git
[2022-04-01T10:04:31.791Z] > git rev-parse --git-dir [118ms]
[2022-04-01T10:04:31.807Z] Open repository: /Users/jdej/dev/jdej/WebStorageManager
[2022-04-01T10:04:31.843Z] > git symbolic-ref --short HEAD [11ms]
[2022-04-01T10:04:31.854Z] > git for-each-ref --format=%(refname)%00%(upstream:short)%00%(objectname)%00%(upstream:track) refs/heads/devel refs/remotes/devel [8ms]
[2022-04-01T10:04:31.866Z] > git remote --verbose [8ms]
[2022-04-01T10:04:31.867Z] > git for-each-ref --sort -committerdate --format %(refname) %(objectname) %(*objectname) [11ms]
[2022-04-01T10:04:31.878Z] > git config --get commit.template [4ms]
[2022-04-01T10:04:32.137Z] > git ls-files --stage -- /Users/jdej/dev/jdej/WebStorageManager/tsconfig.json [11ms]
[2022-04-01T10:04:32.140Z] > git ls-files --stage -- /Users/jdej/dev/jdej/WebStorageManager/src/Types.ts [12ms]
[2022-04-01T10:04:32.152Z] > git cat-file -s ce9b806f035fa27652824ac597e34a01393443a1 [9ms]
[2022-04-01T10:04:32.154Z] > git cat-file -s 7b682d335a0a35322abc12504336ae1cc035310f [15ms]
[2022-04-01T10:04:33.648Z] > git config --global user.email [754ms]
[2022-04-01T10:04:33.652Z] > git config --global user.name [3ms]
[2022-04-01T10:04:34.137Z] > git symbolic-ref --short HEAD [163ms]
[2022-04-01T10:04:34.152Z] > git for-each-ref --format=%(refname)%00%(upstream:short)%00%(objectname)%00%(upstream:track) refs/heads/devel refs/remotes/devel [13ms]
[2022-04-01T10:04:34.391Z] > git remote --verbose [235ms]
[2022-04-01T10:04:34.391Z] > git for-each-ref --sort -committerdate --format %(refname) %(objectname) %(*objectname) [237ms]
[2022-04-01T10:04:34.404Z] > git config --get commit.template [9ms]
[2022-04-01T10:04:34.431Z] > git show -s --format=%an <%ae> [%ai] 7cf972f5767ac00920ca561092ac03d04520e784 [24ms]
[2022-04-05T10:36:15.801Z] > git ls-files --stage -- /Users/jdej/dev/jdej/WebStorageManager/src/Types.ts [5ms]
[2022-04-05T10:36:15.810Z] > git ls-files --stage -- /Users/jdej/dev/jdej/WebStorageManager/tsconfig.json [19ms]
[2022-04-05T10:36:15.812Z] > git symbolic-ref --short HEAD [15ms]
[2022-04-05T10:36:15.815Z] > git cat-file -s ce9b806f035fa27652824ac597e34a01393443a1 [5ms]
[2022-04-05T10:36:15.817Z] > git cat-file -s 7b682d335a0a35322abc12504336ae1cc035310f [6ms]
[2022-04-05T10:36:15.818Z] > git for-each-ref --format=%(refname)%00%(upstream:short)%00%(objectname)%00%(upstream:track) refs/heads/devel refs/remotes/devel [4ms]
[2022-04-05T10:36:15.829Z] > git remote --verbose [6ms]
[2022-04-05T10:36:15.830Z] > git for-each-ref --sort -committerdate --format %(refname) %(objectname) %(*objectname) [8ms]
[2022-04-05T10:36:15.851Z] > git config --get commit.template [4ms]
[2022-04-05T10:42:25.207Z] > git ls-files --stage -- /Users/jdej/dev/jdej/WebStorageManager/package.json [5ms]
[2022-04-05T10:42:25.217Z] > git cat-file -s 3cc51cb7175694df46eee2ec48cd7559375d71c2 [9ms]
[2022-04-05T10:43:17.245Z] > git ls-files --stage -- /Users/jdej/dev/jdej/WebStorageManager/jest.config.json [4ms]
[2022-04-05T10:43:17.253Z] > git cat-file -s 301c387ceaeb5f8d7be85be869711e19fcd356a3 [6ms]
[2022-04-05T10:43:35.600Z] > git ls-files --stage -- /Users/jdej/dev/jdej/WebStorageManager/src/index.ts [5ms]
[2022-04-05T10:43:35.606Z] > git cat-file -s 801ca2350be6d05984bd56ce43b37012e7c37d97 [4ms]
[2022-04-05T10:43:41.340Z] > git ls-files --stage -- /Users/jdej/dev/jdej/WebStorageManager/src/windowStorage.ts [19ms]
[2022-04-05T10:43:45.589Z] > git log --format=%H%n%aN%n%aE%n%at%n%ct%n%P%n%B -z -n21 -- /Users/jdej/dev/jdej/WebStorageManager/src/WindowStorage.ts [6ms]
[2022-04-05T10:43:45.592Z] > git log --format=%H%n%aN%n%aE%n%at%n%ct%n%P%n%B -z -n41 -- /Users/jdej/dev/jdej/WebStorageManager/src/WindowStorage.ts [7ms]
[2022-04-05T10:43:45.711Z] > git ls-files --stage -- /Users/jdej/dev/jdej/WebStorageManager/src/index.ts [4ms]
[2022-04-05T10:43:45.718Z] > git cat-file -s 801ca2350be6d05984bd56ce43b37012e7c37d97 [5ms]
[2022-04-05T10:43:50.731Z] > git ls-files --stage -- /Users/jdej/dev/jdej/WebStorageManager/src/WebStorageManager.ts [25ms]
[2022-04-05T10:43:50.756Z] > git cat-file -s cc9eda410179140246b444b8a7dc3936da366f3d [16ms]
[2022-04-05T10:43:52.878Z] > git log --format=%H%n%aN%n%aE%n%at%n%ct%n%P%n%B -z -n21 -- /Users/jdej/dev/jdej/WebStorageManager/src/WebStorageManager.ts [43ms]
[2022-04-05T10:43:52.881Z] > git log --format=%H%n%aN%n%aE%n%at%n%ct%n%P%n%B -z -n41 -- /Users/jdej/dev/jdej/WebStorageManager/src/WebStorageManager.ts [11ms]
[2022-04-05T10:43:52.979Z] > git ls-files --stage -- /Users/jdej/dev/jdej/WebStorageManager/src/index.ts [5ms]
[2022-04-05T10:43:52.987Z] > git cat-file -s 801ca2350be6d05984bd56ce43b37012e7c37d97 [7ms]
[2022-04-05T10:44:14.879Z] > git ls-files --stage -- /Users/jdej/dev/jdej/WebStorageManager/src/Types.ts [7ms]
[2022-04-05T10:44:14.893Z] > git cat-file -s ce9b806f035fa27652824ac597e34a01393443a1 [6ms]
[2022-04-05T10:44:19.468Z] > git ls-files --stage -- /Users/jdej/dev/jdej/WebStorageManager/src/WebStorageManager.ts [5ms]
[2022-04-05T10:44:19.474Z] > git cat-file -s cc9eda410179140246b444b8a7dc3936da366f3d [5ms]
[2022-04-05T10:50:24.965Z] > git ls-files --stage -- /Users/jdej/dev/jdej/WebStorageManager/src/WebStorageManager.ts [5ms]
[2022-04-05T10:50:24.972Z] > git cat-file -s cc9eda410179140246b444b8a7dc3936da366f3d [5ms]
[2022-04-05T10:50:35.372Z] > git ls-files --stage -- /Users/jdej/dev/jdej/WebStorageManager/src/WebStorageManager.ts [6ms]
[2022-04-05T10:50:35.382Z] > git cat-file -s cc9eda410179140246b444b8a7dc3936da366f3d [5ms]
[2022-04-05T10:51:17.806Z] > git ls-files --stage -- /Users/jdej/dev/jdej/WebStorageManager/src/index.ts [4ms]
[2022-04-05T10:51:17.812Z] > git cat-file -s 801ca2350be6d05984bd56ce43b37012e7c37d97 [5ms]
[2022-04-05T10:51:43.308Z] > git ls-files --stage -- /Users/jdej/dev/jdej/WebStorageManager/src/WebStorageManager.test.ts [7ms]
[2022-04-05T10:51:43.317Z] > git cat-file -s 567a1f2ec5633900252480ead7d6395a7d882c46 [7ms]
[2022-04-05T10:53:39.191Z] > git ls-files --stage -- /Users/jdej/dev/jdej/WebStorageManager/src/Types.ts [5ms]
[2022-04-05T10:53:39.197Z] > git cat-file -s ce9b806f035fa27652824ac597e34a01393443a1 [4ms]
[2022-04-05T10:53:42.100Z] > git log --format=%H%n%aN%n%aE%n%at%n%ct%n%P%n%B -z -n21 -- /Users/jdej/dev/jdej/WebStorageManager/src/Types.ts [6ms]
[2022-04-05T10:53:42.126Z] > git log --format=%H%n%aN%n%aE%n%at%n%ct%n%P%n%B -z -n41 -- /Users/jdej/dev/jdej/WebStorageManager/src/Types.ts [8ms]
[2022-04-05T10:53:42.252Z] > git ls-files --stage -- /Users/jdej/dev/jdej/WebStorageManager/src/WebStorageManager.ts [4ms]
[2022-04-05T10:53:42.258Z] > git cat-file -s cc9eda410179140246b444b8a7dc3936da366f3d [4ms]
[2022-04-05T10:54:51.663Z] > git ls-files --stage -- /Users/jdej/dev/jdej/WebStorageManager/src/Types.ts [4ms]
[2022-04-05T10:54:51.670Z] > git cat-file -s ce9b806f035fa27652824ac597e34a01393443a1 [5ms]
[2022-04-05T11:00:27.080Z] > git ls-files --stage -- /Users/jdej/dev/jdej/WebStorageManager/src/WebStorageManager.ts [8ms]
[2022-04-05T11:00:27.089Z] > git cat-file -s cc9eda410179140246b444b8a7dc3936da366f3d [6ms]
[2022-04-06T09:29:15.831Z] > git ls-files --stage -- /Users/jdej/dev/jdej/WebStorageManager/src/WebStorageManager.test.ts [33ms]
[2022-04-06T09:29:15.840Z] > git cat-file -s 567a1f2ec5633900252480ead7d6395a7d882c46 [5ms]
[2022-04-06T09:29:30.270Z] > git ls-files --stage -- /Users/jdej/dev/jdej/WebStorageManager/src/Types.ts [4ms]
[2022-04-06T09:29:30.277Z] > git cat-file -s ce9b806f035fa27652824ac597e34a01393443a1 [5ms]
[2022-04-06T09:29:32.793Z] > git ls-files --stage -- /Users/jdej/dev/jdej/WebStorageManager/src/WebStorageManager.ts [8ms]
[2022-04-06T09:29:32.805Z] > git cat-file -s cc9eda410179140246b444b8a7dc3936da366f3d [10ms]
[2022-04-06T09:33:43.464Z] > git ls-files --stage -- /Users/jdej/dev/jdej/WebStorageManager/tsconfig.json [6ms]
[2022-04-06T09:33:43.471Z] > git cat-file -s 7b682d335a0a35322abc12504336ae1cc035310f [5ms]
[2022-04-06T09:39:22.719Z] > git ls-files --stage -- /Users/jdej/dev/jdej/WebStorageManager/src/Types.ts [5ms]
[2022-04-06T09:39:22.726Z] > git cat-file -s ce9b806f035fa27652824ac597e34a01393443a1 [5ms]
[2022-04-06T09:40:26.033Z] > git ls-files --stage -- /Users/jdej/dev/jdej/WebStorageManager/src/WebStorageManager.test.ts [5ms]
[2022-04-06T09:40:26.039Z] > git cat-file -s 567a1f2ec5633900252480ead7d6395a7d882c46 [4ms]
[2022-04-06T09:40:31.246Z] > git ls-files --stage -- /Users/jdej/dev/jdej/WebStorageManager/src/WebStorageManager.ts [5ms]
[2022-04-06T09:40:31.252Z] > git cat-file -s cc9eda410179140246b444b8a7dc3936da366f3d [5ms]
[2022-04-06T09:43:16.336Z] > git symbolic-ref --short HEAD [4ms]
[2022-04-06T09:43:16.344Z] > git for-each-ref --format=%(refname)%00%(upstream:short)%00%(objectname)%00%(upstream:track) refs/heads/devel refs/remotes/devel [6ms]
[2022-04-06T09:43:16.352Z] > git for-each-ref --sort -committerdate --format %(refname) %(objectname) %(*objectname) [6ms]
[2022-04-06T09:43:16.352Z] > git remote --verbose [5ms]
[2022-04-06T09:43:16.363Z] > git config --get commit.template [4ms]
[2022-04-06T09:48:44.032Z] > git ls-files --stage -- /Users/jdej/dev/jdej/WebStorageManager/src/WebStorageManager.test.ts [5ms]
[2022-04-06T09:48:44.041Z] > git cat-file -s 567a1f2ec5633900252480ead7d6395a7d882c46 [6ms]
[2022-04-06T09:49:28.851Z] > git log --format=%H%n%aN%n%aE%n%at%n%ct%n%P%n%B -z -n21 -- /Users/jdej/dev/jdej/WebStorageManager/src/WebStorageManager.ts [8ms]
[2022-04-06T09:50:37.827Z] > git ls-files --stage -- /Users/jdej/dev/jdej/WebStorageManager/src/WebStorageManager.test.ts [5ms]
[2022-04-06T09:50:37.834Z] > git cat-file -s 567a1f2ec5633900252480ead7d6395a7d882c46 [6ms]
[2022-04-06T10:04:21.090Z] > git ls-files --stage -- /Users/jdej/dev/jdej/WebStorageManager/src/Types.ts [5ms]
[2022-04-06T10:04:21.099Z] > git cat-file -s ce9b806f035fa27652824ac597e34a01393443a1 [6ms]
[2022-04-06T10:07:16.477Z] > git ls-files --stage -- /Users/jdej/dev/jdej/WebStorageManager/src/WebStorageManager.ts [7ms]
[2022-04-06T10:07:16.484Z] > git cat-file -s cc9eda410179140246b444b8a7dc3936da366f3d [5ms]
[2022-04-06T10:08:16.692Z] > git ls-files --stage -- /Users/jdej/dev/jdej/WebStorageManager/src/Types.ts [5ms]
[2022-04-06T10:08:16.699Z] > git cat-file -s ce9b806f035fa27652824ac597e34a01393443a1 [5ms]
[2022-04-06T10:09:07.495Z] > git ls-files --stage -- /Users/jdej/dev/jdej/WebStorageManager/src/Types.ts [4ms]
[2022-04-06T10:09:07.505Z] > git cat-file -s ce9b806f035fa27652824ac597e34a01393443a1 [4ms]
[2022-04-06T10:19:09.994Z] > git ls-files --stage -- /Users/jdej/dev/jdej/WebStorageManager/src/Types.ts [5ms]
[2022-04-06T10:19:10.003Z] > git cat-file -s ce9b806f035fa27652824ac597e34a01393443a1 [5ms]
[2022-04-06T10:21:21.351Z] > git ls-files --stage -- /Users/jdej/dev/jdej/WebStorageManager/tsconfig.json [5ms]
[2022-04-06T10:21:21.358Z] > git cat-file -s 7b682d335a0a35322abc12504336ae1cc035310f [5ms]
[2022-04-06T10:22:00.580Z] > git ls-files --stage -- /Users/jdej/dev/jdej/WebStorageManager/tsconfig.json [4ms]
[2022-04-06T10:22:00.588Z] > git cat-file -s 7b682d335a0a35322abc12504336ae1cc035310f [6ms]
[2022-04-06T10:24:50.378Z] > git ls-files --stage -- /Users/jdej/dev/jdej/WebStorageManager/src/Types.ts [4ms]
[2022-04-06T10:24:50.387Z] > git cat-file -s ce9b806f035fa27652824ac597e34a01393443a1 [5ms]
[2022-04-06T10:42:12.964Z] > git symbolic-ref --short HEAD [6ms]
[2022-04-06T10:42:12.974Z] > git for-each-ref --format=%(refname)%00%(upstream:short)%00%(objectname)%00%(upstream:track) refs/heads/devel refs/remotes/devel [7ms]
[2022-04-06T10:42:12.982Z] > git remote --verbose [5ms]
[2022-04-06T10:42:12.982Z] > git for-each-ref --sort -committerdate --format %(refname) %(objectname) %(*objectname) [6ms]
[2022-04-06T10:42:12.990Z] > git config --get commit.template [4ms]
[2022-04-06T10:43:15.872Z] > git ls-files --stage -- /Users/jdej/dev/jdej/WebStorageManager/package.json [4ms]
[2022-04-06T10:43:15.879Z] > git cat-file -s 3cc51cb7175694df46eee2ec48cd7559375d71c2 [5ms]
[2022-04-06T10:43:18.787Z] > git ls-files --stage -- /Users/jdej/dev/jdej/WebStorageManager/jest.config.json [5ms]
[2022-04-06T10:43:18.793Z] > git cat-file -s 301c387ceaeb5f8d7be85be869711e19fcd356a3 [5ms]
[2022-04-06T10:43:22.408Z] > git ls-files --stage -- /Users/jdej/dev/jdej/WebStorageManager/tsconfig.json [4ms]
[2022-04-06T10:43:22.423Z] > git cat-file -s 7b682d335a0a35322abc12504336ae1cc035310f [5ms]
[2022-04-06T10:43:51.272Z] > git ls-tree -l HEAD -- /Users/jdej/dev/jdej/WebStorageManager/README.md [9ms]
[2022-04-06T10:43:54.481Z] > git ls-tree -l HEAD -- /Users/jdej/dev/jdej/WebStorageManager/src/WebStorageManager.test.ts [7ms]
[2022-04-06T10:43:55.835Z] > git ls-tree -l HEAD -- /Users/jdej/dev/jdej/WebStorageManager/src/WebStorageManager.ts [4ms]
[2022-04-06T10:44:03.034Z] git.stage 1
[2022-04-06T10:44:03.039Z] git.stage.scmResources 1
[2022-04-06T10:44:03.051Z] > git add -A -- /Users/jdej/dev/jdej/WebStorageManager/src/WebStorageManager.test.ts [10ms]
[2022-04-06T10:44:03.066Z] > git symbolic-ref --short HEAD [5ms]
[2022-04-06T10:44:03.073Z] > git for-each-ref --format=%(refname)%00%(upstream:short)%00%(objectname)%00%(upstream:track) refs/heads/devel refs/remotes/devel [5ms]
[2022-04-06T10:44:03.080Z] > git remote --verbose [5ms]
[2022-04-06T10:44:03.081Z] > git for-each-ref --sort -committerdate --format %(refname) %(objectname) %(*objectname) [7ms]
[2022-04-06T10:44:03.087Z] > git config --get commit.template [4ms]
[2022-04-06T10:44:04.349Z] > git symbolic-ref --short HEAD [29ms]
[2022-04-06T10:44:04.356Z] > git for-each-ref --format=%(refname)%00%(upstream:short)%00%(objectname)%00%(upstream:track) refs/heads/devel refs/remotes/devel [6ms]
[2022-04-06T10:44:04.363Z] > git remote --verbose [5ms]
[2022-04-06T10:44:04.364Z] > git for-each-ref --sort -committerdate --format %(refname) %(objectname) %(*objectname) [7ms]
[2022-04-06T10:44:04.370Z] > git config --get commit.template [4ms]
[2022-04-06T10:44:04.423Z] > git ls-files --stage -- /Users/jdej/dev/jdej/WebStorageManager/src/WebStorageManager.ts [5ms]
[2022-04-06T10:44:04.424Z] > git ls-tree -l HEAD -- /Users/jdej/dev/jdej/WebStorageManager/README.md [5ms]
[2022-04-06T10:44:04.425Z] > git ls-files --stage -- /Users/jdej/dev/jdej/WebStorageManager/src/WebStorageManager.test.ts [4ms]
[2022-04-06T10:44:04.427Z] > git ls-tree -l HEAD -- /Users/jdej/dev/jdej/WebStorageManager/src/WebStorageManager.ts [5ms]
[2022-04-06T10:44:04.430Z] > git cat-file -s cc9eda410179140246b444b8a7dc3936da366f3d [6ms]
[2022-04-06T10:44:04.433Z] > git cat-file -s 98b0eb482b9f04bcaabaf06bf8d20711570fd4c4 [7ms]
[2022-04-06T10:44:04.622Z] git.stage 1
[2022-04-06T10:44:04.623Z] git.stage.scmResources 1
[2022-04-06T10:44:04.631Z] > git add -A -- /Users/jdej/dev/jdej/WebStorageManager/src/WebStorageManager.ts [7ms]
[2022-04-06T10:44:04.645Z] > git symbolic-ref --short HEAD [5ms]
[2022-04-06T10:44:04.652Z] > git for-each-ref --format=%(refname)%00%(upstream:short)%00%(objectname)%00%(upstream:track) refs/heads/devel refs/remotes/devel [5ms]
[2022-04-06T10:44:04.659Z] > git remote --verbose [5ms]
[2022-04-06T10:44:04.660Z] > git for-each-ref --sort -committerdate --format %(refname) %(objectname) %(*objectname) [7ms]
[2022-04-06T10:44:04.666Z] > git config --get commit.template [4ms]
[2022-04-06T10:44:05.823Z] > git ls-files --stage -- /Users/jdej/dev/jdej/WebStorageManager/src/WebStorageManager.ts [5ms]
[2022-04-06T10:44:05.825Z] > git ls-tree -l HEAD -- /Users/jdej/dev/jdej/WebStorageManager/README.md [6ms]
[2022-04-06T10:44:05.826Z] > git ls-files --stage -- /Users/jdej/dev/jdej/WebStorageManager/src/WebStorageManager.test.ts [5ms]
[2022-04-06T10:44:05.828Z] > git ls-files --stage -- /Users/jdej/dev/jdej/WebStorageManager/src/WebStorageManager.ts [6ms]
[2022-04-06T10:44:05.831Z] > git cat-file -s afd7c38e4aff66d9e12340d9cd46d6e2cb516136 [7ms]
[2022-04-06T10:44:05.832Z] > git cat-file -s 98b0eb482b9f04bcaabaf06bf8d20711570fd4c4 [5ms]
[2022-04-06T10:44:05.834Z] > git cat-file -s afd7c38e4aff66d9e12340d9cd46d6e2cb516136 [5ms]
[2022-04-06T10:44:09.389Z] > git symbolic-ref --short HEAD [4ms]
[2022-04-06T10:44:09.396Z] > git for-each-ref --format=%(refname)%00%(upstream:short)%00%(objectname)%00%(upstream:track) refs/heads/devel refs/remotes/devel [5ms]
[2022-04-06T10:44:09.403Z] > git remote --verbose [4ms]
[2022-04-06T10:44:09.404Z] > git for-each-ref --sort -committerdate --format %(refname) %(objectname) %(*objectname) [6ms]
[2022-04-06T10:44:09.410Z] > git config --get commit.template [4ms]
[2022-04-06T10:46:45.480Z] > git ls-files --stage -- /Users/jdej/dev/jdej/WebStorageManager/src/WebStorageManager.ts [32ms]
[2022-04-06T10:46:45.491Z] > git cat-file -s afd7c38e4aff66d9e12340d9cd46d6e2cb516136 [9ms]
[2022-04-06T10:47:17.376Z] > git -c user.useConfigOnly=true commit --quiet --allow-empty-message --file - [28ms]
[2022-04-06T10:47:17.393Z] > git symbolic-ref --short HEAD [6ms]
[2022-04-06T10:47:17.400Z] > git for-each-ref --format=%(refname)%00%(upstream:short)%00%(objectname)%00%(upstream:track) refs/heads/devel refs/remotes/devel [6ms]
[2022-04-06T10:47:17.408Z] > git remote --verbose [5ms]
[2022-04-06T10:47:17.408Z] > git for-each-ref --sort -committerdate --format %(refname) %(objectname) %(*objectname) [6ms]
[2022-04-06T10:47:17.415Z] > git config --get commit.template [4ms]
[2022-04-06T10:47:17.421Z] > git config --get commit.template [4ms]
[2022-04-06T10:47:18.480Z] > git symbolic-ref --short HEAD [5ms]
[2022-04-06T10:47:18.488Z] > git for-each-ref --format=%(refname)%00%(upstream:short)%00%(objectname)%00%(upstream:track) refs/heads/devel refs/remotes/devel [6ms]
[2022-04-06T10:47:18.495Z] > git remote --verbose [4ms]
[2022-04-06T10:47:18.495Z] > git for-each-ref --sort -committerdate --format %(refname) %(objectname) %(*objectname) [6ms]
[2022-04-06T10:47:18.502Z] > git config --get commit.template [4ms]
[2022-04-06T10:47:18.577Z] > git ls-files --stage -- /Users/jdej/dev/jdej/WebStorageManager/src/WebStorageManager.ts [6ms]
[2022-04-06T10:47:18.579Z] > git ls-tree -l HEAD -- /Users/jdej/dev/jdej/WebStorageManager/README.md [6ms]
[2022-04-06T10:47:18.580Z] > git ls-tree -l HEAD -- /Users/jdej/dev/jdej/WebStorageManager/src/WebStorageManager.test.ts [5ms]
[2022-04-06T10:47:18.581Z] > git ls-tree -l HEAD -- /Users/jdej/dev/jdej/WebStorageManager/src/WebStorageManager.ts [5ms]
[2022-04-06T10:47:18.586Z] > git cat-file -s afd7c38e4aff66d9e12340d9cd46d6e2cb516136 [8ms]
[2022-04-07T12:09:46.981Z] > git ls-tree -l HEAD -- /Users/jdej/dev/jdej/WebStorageManager/src/WebStorageManager.ts [11ms]
[2022-04-07T12:09:51.271Z] > git rev-list --count 1130cfb5cd98a350aa26894281a0af6ee46807ad.. -- /Users/jdej/dev/jdej/WebStorageManager/src/WebStorageManager.ts [8ms]
[2022-04-07T12:09:51.298Z] > git log --format=%H%n%aN%n%aE%n%at%n%ct%n%P%n%B -z -n9 -- /Users/jdej/dev/jdej/WebStorageManager/src/WebStorageManager.ts [8ms]
[2022-04-07T12:09:55.331Z] > git ls-files --stage -- /Users/jdej/dev/jdej/WebStorageManager/src/Types.ts [12ms]
[2022-04-07T12:09:55.343Z] > git cat-file -s ce9b806f035fa27652824ac597e34a01393443a1 [9ms]
[2022-04-07T12:10:09.585Z] > git symbolic-ref --short HEAD [4ms]
[2022-04-07T12:10:09.594Z] > git for-each-ref --format=%(refname)%00%(upstream:short)%00%(objectname)%00%(upstream:track) refs/heads/devel refs/remotes/devel [7ms]
[2022-04-07T12:10:09.603Z] > git remote --verbose [5ms]
[2022-04-07T12:10:09.604Z] > git for-each-ref --sort -committerdate --format %(refname) %(objectname) %(*objectname) [7ms]
[2022-04-07T12:10:09.614Z] > git config --get commit.template [4ms]
[2022-04-07T12:10:09.672Z] > git ls-tree -l HEAD -- /Users/jdej/dev/jdej/WebStorageManager/README.md [6ms]
[2022-04-07T12:10:09.673Z] > git ls-tree -l HEAD -- /Users/jdej/dev/jdej/WebStorageManager/src/WebStorageManager.test.ts [5ms]
[2022-04-07T12:10:09.674Z] > git ls-tree -l HEAD -- /Users/jdej/dev/jdej/WebStorageManager/src/WebStorageManager.ts [5ms]
[2022-04-07T12:10:12.788Z] > git ls-tree -l HEAD -- /Users/jdej/dev/jdej/WebStorageManager/README.md [5ms]
[2022-04-07T12:10:12.789Z] > git ls-tree -l HEAD -- /Users/jdej/dev/jdej/WebStorageManager/src/WebStorageManager.test.ts [5ms]
[2022-04-07T12:10:12.791Z] > git ls-tree -l HEAD -- /Users/jdej/dev/jdej/WebStorageManager/src/WebStorageManager.ts [5ms]
[2022-04-07T12:10:14.628Z] > git symbolic-ref --short HEAD [5ms]
[2022-04-07T12:10:14.634Z] > git for-each-ref --format=%(refname)%00%(upstream:short)%00%(objectname)%00%(upstream:track) refs/heads/devel refs/remotes/devel [5ms]
[2022-04-07T12:10:14.641Z] > git remote --verbose [4ms]
[2022-04-07T12:10:14.641Z] > git for-each-ref --sort -committerdate --format %(refname) %(objectname) %(*objectname) [5ms]
[2022-04-07T12:10:14.647Z] > git config --get commit.template [4ms]
[2022-04-07T12:10:16.744Z] > git ls-tree -l HEAD -- /Users/jdej/dev/jdej/WebStorageManager/README.md [6ms]
[2022-04-07T12:10:16.745Z] > git ls-tree -l HEAD -- /Users/jdej/dev/jdej/WebStorageManager/src/WebStorageManager.test.ts [5ms]
[2022-04-07T12:10:16.750Z] > git ls-tree -l HEAD -- /Users/jdej/dev/jdej/WebStorageManager/src/WebStorageManager.ts [9ms]
[2022-04-07T12:10:19.663Z] > git symbolic-ref --short HEAD [4ms]
[2022-04-07T12:10:19.671Z] > git for-each-ref --format=%(refname)%00%(upstream:short)%00%(objectname)%00%(upstream:track) refs/heads/devel refs/remotes/devel [6ms]
[2022-04-07T12:10:19.678Z] > git remote --verbose [4ms]
[2022-04-07T12:10:19.678Z] > git for-each-ref --sort -committerdate --format %(refname) %(objectname) %(*objectname) [6ms]
[2022-04-07T12:10:19.685Z] > git config --get commit.template [4ms]
[2022-04-07T12:12:54.229Z] > git ls-tree -l HEAD -- /Users/jdej/dev/jdej/WebStorageManager/src/WebStorageManager.ts [14ms]
[2022-04-07T12:13:02.356Z] > git ls-files --stage -- /Users/jdej/dev/jdej/WebStorageManager/package.json [23ms]
[2022-04-07T12:13:02.365Z] > git cat-file -s 3cc51cb7175694df46eee2ec48cd7559375d71c2 [8ms]
[2022-04-07T12:13:17.627Z] > git symbolic-ref --short HEAD [4ms]
[2022-04-07T12:13:17.634Z] > git for-each-ref --format=%(refname)%00%(upstream:short)%00%(objectname)%00%(upstream:track) refs/heads/devel refs/remotes/devel [6ms]
[2022-04-07T12:13:17.641Z] > git remote --verbose [4ms]
[2022-04-07T12:13:17.641Z] > git for-each-ref --sort -committerdate --format %(refname) %(objectname) %(*objectname) [6ms]
[2022-04-07T12:13:17.648Z] > git config --get commit.template [1ms]
[2022-04-07T12:13:17.720Z] > git ls-tree -l HEAD -- /Users/jdej/dev/jdej/WebStorageManager/README.md [6ms]
[2022-04-07T12:13:17.721Z] > git ls-tree -l HEAD -- /Users/jdej/dev/jdej/WebStorageManager/src/WebStorageManager.test.ts [5ms]
[2022-04-07T12:13:17.723Z] > git ls-tree -l HEAD -- /Users/jdej/dev/jdej/WebStorageManager/src/WebStorageManager.ts [5ms]
[2022-04-07T12:13:17.726Z] > git ls-files --stage -- /Users/jdej/dev/jdej/WebStorageManager/package.json [7ms]
[2022-04-07T12:13:17.732Z] > git cat-file -s 3cc51cb7175694df46eee2ec48cd7559375d71c2 [4ms]
[2022-04-07T12:13:59.879Z] > git ls-files --stage -- /Users/jdej/dev/jdej/WebStorageManager/src/WebStorageManager.test.ts [7ms]
[2022-04-07T12:13:59.889Z] > git cat-file -s 98b0eb482b9f04bcaabaf06bf8d20711570fd4c4 [5ms]
[2022-04-07T12:14:01.167Z] > git ls-files --stage -- /Users/jdej/dev/jdej/WebStorageManager/package.json [5ms]
[2022-04-07T12:14:01.173Z] > git cat-file -s 3cc51cb7175694df46eee2ec48cd7559375d71c2 [5ms]
[2022-04-07T12:14:23.423Z] > git symbolic-ref --short HEAD [4ms]
[2022-04-07T12:14:23.430Z] > git for-each-ref --format=%(refname)%00%(upstream:short)%00%(objectname)%00%(upstream:track) refs/heads/devel refs/remotes/devel [5ms]
[2022-04-07T12:14:23.438Z] > git remote --verbose [5ms]
[2022-04-07T12:14:23.438Z] > git for-each-ref --sort -committerdate --format %(refname) %(objectname) %(*objectname) [6ms]
[2022-04-07T12:14:23.445Z] > git config --get commit.template [5ms]
[2022-04-07T12:14:50.505Z] > git symbolic-ref --short HEAD [6ms]
[2022-04-07T12:14:50.516Z] > git for-each-ref --format=%(refname)%00%(upstream:short)%00%(objectname)%00%(upstream:track) refs/heads/devel refs/remotes/devel [9ms]
[2022-04-07T12:14:50.536Z] > git remote --verbose [16ms]
[2022-04-07T12:14:50.538Z] > git for-each-ref --sort -committerdate --format %(refname) %(objectname) %(*objectname) [20ms]
[2022-04-07T12:14:50.546Z] > git config --get commit.template [5ms]
[2022-04-07T12:14:51.605Z] > git ls-tree -l HEAD -- /Users/jdej/dev/jdej/WebStorageManager/src/WebStorageManager.test.ts [8ms]
[2022-04-07T12:14:51.605Z] > git ls-tree -l HEAD -- /Users/jdej/dev/jdej/WebStorageManager/README.md [9ms]
[2022-04-07T12:14:51.606Z] > git ls-tree -l HEAD -- /Users/jdej/dev/jdej/WebStorageManager/src/WebStorageManager.ts [8ms]
[2022-04-07T12:14:51.606Z] > git ls-files --stage -- /Users/jdej/dev/jdej/WebStorageManager/src/WebStorageManager.test.ts [6ms]
[2022-04-07T12:14:51.615Z] > git cat-file -s 98b0eb482b9f04bcaabaf06bf8d20711570fd4c4 [7ms]
[2022-04-07T12:14:51.616Z] > git ls-files --stage -- /Users/jdej/dev/jdej/WebStorageManager/package.json [12ms]
[2022-04-07T12:14:51.623Z] > git cat-file -s 3cc51cb7175694df46eee2ec48cd7559375d71c2 [6ms]
[2022-04-07T12:16:00.880Z] > git symbolic-ref --short HEAD [3ms]
[2022-04-07T12:16:00.886Z] > git for-each-ref --format=%(refname)%00%(upstream:short)%00%(objectname)%00%(upstream:track) refs/heads/devel refs/remotes/devel [4ms]
[2022-04-07T12:16:00.892Z] > git remote --verbose [3ms]
[2022-04-07T12:16:00.893Z] > git for-each-ref --sort -committerdate --format %(refname) %(objectname) %(*objectname) [5ms]
[2022-04-07T12:16:00.898Z] > git config --get commit.template [3ms]
[2022-04-07T12:16:05.919Z] > git symbolic-ref --short HEAD [4ms]
[2022-04-07T12:16:05.926Z] > git for-each-ref --format=%(refname)%00%(upstream:short)%00%(objectname)%00%(upstream:track) refs/heads/devel refs/remotes/devel [5ms]
[2022-04-07T12:16:05.933Z] > git remote --verbose [5ms]
[2022-04-07T12:16:05.933Z] > git for-each-ref --sort -committerdate --format %(refname) %(objectname) %(*objectname) [6ms]
[2022-04-07T12:16:05.941Z] > git config --get commit.template [3ms]
[2022-04-07T12:16:10.764Z] > git log --format=%H%n%aN%n%aE%n%at%n%ct%n%P%n%B -z -n21 -- /Users/jdej/dev/jdej/WebStorageManager/package.json [5ms]
[2022-04-07T12:16:19.121Z] > git log --format=%H%n%aN%n%aE%n%at%n%ct%n%P%n%B -z -n21 -- /Users/jdej/dev/jdej/WebStorageManager/test-build.js [47ms]
[2022-04-07T12:16:19.439Z] > git ls-files --stage -- /Users/jdej/dev/jdej/WebStorageManager/test-build.js [7ms]
[2022-04-07T12:16:19.447Z] > git cat-file -s 88f7680c705efb91deb9b22066539a6897d822e0 [6ms]
[2022-04-07T12:16:57.345Z] > git ls-files --stage -- /Users/jdej/dev/jdej/WebStorageManager/dist/index.js [7ms]
[2022-04-07T12:16:59.531Z] > git ls-files --stage -- /Users/jdej/dev/jdej/WebStorageManager/dist/WebStorageManager.js [8ms]
[2022-04-07T12:17:06.027Z] > git ls-files --stage -- /Users/jdej/dev/jdej/WebStorageManager/dist/index.js [4ms]
[2022-04-07T12:17:07.540Z] > git ls-files --stage -- /Users/jdej/dev/jdej/WebStorageManager/test-build.js [4ms]
[2022-04-07T12:17:07.547Z] > git cat-file -s 88f7680c705efb91deb9b22066539a6897d822e0 [5ms]
[2022-04-07T12:17:12.265Z] > git ls-files --stage -- /Users/jdej/dev/jdej/WebStorageManager/tsconfig.json [4ms]
[2022-04-07T12:17:12.272Z] > git cat-file -s 7b682d335a0a35322abc12504336ae1cc035310f [5ms]
[2022-04-07T12:17:13.352Z] > git ls-files --stage -- /Users/jdej/dev/jdej/WebStorageManager/test-build.js [4ms]
[2022-04-07T12:17:13.359Z] > git cat-file -s 88f7680c705efb91deb9b22066539a6897d822e0 [5ms]
[2022-04-07T12:17:27.364Z] > git ls-files --stage -- /Users/jdej/dev/jdej/WebStorageManager/tsconfig.json [5ms]
[2022-04-07T12:17:27.371Z] > git cat-file -s 7b682d335a0a35322abc12504336ae1cc035310f [6ms]
[2022-04-07T12:17:28.791Z] > git ls-files --stage -- /Users/jdej/dev/jdej/WebStorageManager/test-build.js [4ms]
[2022-04-07T12:17:28.797Z] > git cat-file -s 88f7680c705efb91deb9b22066539a6897d822e0 [4ms]
[2022-04-07T12:17:30.701Z] > git ls-files --stage -- /Users/jdej/dev/jdej/WebStorageManager/tsconfig.json [5ms]
[2022-04-07T12:17:30.707Z] > git cat-file -s 7b682d335a0a35322abc12504336ae1cc035310f [4ms]
[2022-04-07T12:17:31.592Z] > git symbolic-ref --short HEAD [5ms]
[2022-04-07T12:17:31.599Z] > git for-each-ref --format=%(refname)%00%(upstream:short)%00%(objectname)%00%(upstream:track) refs/heads/devel refs/remotes/devel [5ms]
[2022-04-07T12:17:31.607Z] > git for-each-ref --sort -committerdate --format %(refname) %(objectname) %(*objectname) [6ms]
[2022-04-07T12:17:31.607Z] > git remote --verbose [5ms]
[2022-04-07T12:17:31.614Z] > git config --get commit.template [4ms]
[2022-04-07T12:17:43.892Z] > git symbolic-ref --short HEAD [4ms]
[2022-04-07T12:17:43.899Z] > git for-each-ref --format=%(refname)%00%(upstream:short)%00%(objectname)%00%(upstream:track) refs/heads/devel refs/remotes/devel [5ms]
[2022-04-07T12:17:43.906Z] > git remote --verbose [4ms]
[2022-04-07T12:17:43.906Z] > git for-each-ref --sort -committerdate --format %(refname) %(objectname) %(*objectname) [5ms]
[2022-04-07T12:17:43.913Z] > git config --get commit.template [4ms]
[2022-04-07T12:17:46.343Z] > git ls-files --stage -- /Users/jdej/dev/jdej/WebStorageManager/dist/index.js [5ms]
[2022-04-07T12:18:02.751Z] > git symbolic-ref --short HEAD [8ms]
[2022-04-07T12:18:02.771Z] > git for-each-ref --format=%(refname)%00%(upstream:short)%00%(objectname)%00%(upstream:track) refs/heads/devel refs/remotes/devel [10ms]
[2022-04-07T12:18:02.785Z] > git for-each-ref --sort -committerdate --format %(refname) %(objectname) %(*objectname) [8ms]
[2022-04-07T12:18:02.786Z] > git remote --verbose [4ms]
[2022-04-07T12:18:02.793Z] > git config --get commit.template [4ms]
[2022-04-07T12:18:07.433Z] > git ls-files --stage -- /Users/jdej/dev/jdej/WebStorageManager/dist/WebStorageManager.js [4ms]
[2022-04-07T12:18:07.811Z] > git symbolic-ref --short HEAD [6ms]
[2022-04-07T12:18:07.832Z] > git for-each-ref --format=%(refname)%00%(upstream:short)%00%(objectname)%00%(upstream:track) refs/heads/devel refs/remotes/devel [19ms]
[2022-04-07T12:18:07.841Z] > git remote --verbose [7ms]
[2022-04-07T12:18:07.841Z] > git for-each-ref --sort -committerdate --format %(refname) %(objectname) %(*objectname) [8ms]
[2022-04-07T12:18:07.848Z] > git config --get commit.template [5ms]
[2022-04-07T12:18:12.282Z] > git ls-files --stage -- /Users/jdej/dev/jdej/WebStorageManager/src/WebStorageManager.test.ts [4ms]
[2022-04-07T12:18:12.288Z] > git cat-file -s 98b0eb482b9f04bcaabaf06bf8d20711570fd4c4 [5ms]
[2022-04-07T12:20:22.973Z] > git ls-tree -l HEAD -- /Users/jdej/dev/jdej/WebStorageManager/README.md [9ms]
[2022-04-07T12:20:31.491Z] > git ls-tree -l HEAD -- /Users/jdej/dev/jdej/WebStorageManager/src/WebStorageManager.test.ts [4ms]
[2022-04-07T12:20:39.955Z] git.stage 1
[2022-04-07T12:20:39.955Z] git.stage.scmResources 1
[2022-04-07T12:20:39.966Z] > git add -A -- /Users/jdej/dev/jdej/WebStorageManager/package.json [9ms]
[2022-04-07T12:20:39.982Z] > git symbolic-ref --short HEAD [5ms]
[2022-04-07T12:20:39.989Z] > git for-each-ref --format=%(refname)%00%(upstream:short)%00%(objectname)%00%(upstream:track) refs/heads/devel refs/remotes/devel [6ms]
[2022-04-07T12:20:39.996Z] > git remote --verbose [4ms]
[2022-04-07T12:20:39.997Z] > git for-each-ref --sort -committerdate --format %(refname) %(objectname) %(*objectname) [7ms]
[2022-04-07T12:20:40.005Z] > git config --get commit.template [5ms]
[2022-04-07T12:20:41.172Z] > git symbolic-ref --short HEAD [4ms]
[2022-04-07T12:20:41.180Z] > git for-each-ref --format=%(refname)%00%(upstream:short)%00%(objectname)%00%(upstream:track) refs/heads/devel refs/remotes/devel [5ms]
[2022-04-07T12:20:41.188Z] > git remote --verbose [5ms]
[2022-04-07T12:20:41.188Z] > git for-each-ref --sort -committerdate --format %(refname) %(objectname) %(*objectname) [6ms]
[2022-04-07T12:20:41.195Z] > git config --get commit.template [4ms]
[2022-04-07T12:20:41.267Z] > git ls-tree -l HEAD -- /Users/jdej/dev/jdej/WebStorageManager/README.md [6ms]
[2022-04-07T12:20:41.269Z] > git ls-tree -l HEAD -- /Users/jdej/dev/jdej/WebStorageManager/src/WebStorageManager.test.ts [6ms]
[2022-04-07T12:20:41.270Z] > git ls-tree -l HEAD -- /Users/jdej/dev/jdej/WebStorageManager/src/WebStorageManager.ts [5ms]
[2022-04-07T12:20:41.276Z] > git ls-files --stage -- /Users/jdej/dev/jdej/WebStorageManager/src/WebStorageManager.test.ts [10ms]
[2022-04-07T12:20:41.284Z] > git cat-file -s 98b0eb482b9f04bcaabaf06bf8d20711570fd4c4 [6ms]
[2022-04-07T12:20:41.754Z] git.stage 1
[2022-04-07T12:20:41.764Z] git.stage.scmResources 1
[2022-04-07T12:20:41.772Z] > git add -A -- /Users/jdej/dev/jdej/WebStorageManager/test-build.js [6ms]
[2022-04-07T12:20:41.791Z] > git symbolic-ref --short HEAD [5ms]
[2022-04-07T12:20:41.798Z] > git for-each-ref --format=%(refname)%00%(upstream:short)%00%(objectname)%00%(upstream:track) refs/heads/devel refs/remotes/devel [6ms]
[2022-04-07T12:20:41.805Z] > git remote --verbose [4ms]
[2022-04-07T12:20:41.806Z] > git for-each-ref --sort -committerdate --format %(refname) %(objectname) %(*objectname) [7ms]
[2022-04-07T12:20:41.812Z] > git config --get commit.template [4ms]
[2022-04-07T12:20:42.869Z] git.stage 1
[2022-04-07T12:20:42.870Z] git.stage.scmResources 1
[2022-04-07T12:20:42.879Z] > git add -A -- /Users/jdej/dev/jdej/WebStorageManager/src/WebStorageManager.test.ts [7ms]
[2022-04-07T12:20:42.893Z] > git symbolic-ref --short HEAD [4ms]
[2022-04-07T12:20:42.901Z] > git for-each-ref --format=%(refname)%00%(upstream:short)%00%(objectname)%00%(upstream:track) refs/heads/devel refs/remotes/devel [5ms]
[2022-04-07T12:20:42.908Z] > git remote --verbose [4ms]
[2022-04-07T12:20:42.909Z] > git for-each-ref --sort -committerdate --format %(refname) %(objectname) %(*objectname) [6ms]
[2022-04-07T12:20:42.916Z] > git config --get commit.template [4ms]
[2022-04-07T12:20:42.969Z] > git ls-tree -l HEAD -- /Users/jdej/dev/jdej/WebStorageManager/README.md [7ms]
[2022-04-07T12:20:42.970Z] > git ls-files --stage -- /Users/jdej/dev/jdej/WebStorageManager/src/WebStorageManager.test.ts [5ms]
[2022-04-07T12:20:42.974Z] > git ls-files --stage -- /Users/jdej/dev/jdej/WebStorageManager/src/WebStorageManager.test.ts [6ms]
[2022-04-07T12:20:42.976Z] > git ls-tree -l HEAD -- /Users/jdej/dev/jdej/WebStorageManager/src/WebStorageManager.ts [9ms]
[2022-04-07T12:20:42.978Z] > git cat-file -s 2df34b7ed10954b997a3e179736cb0e2bdc906d9 [7ms]
[2022-04-07T12:20:42.981Z] > git cat-file -s 2df34b7ed10954b997a3e179736cb0e2bdc906d9 [5ms]
[2022-04-07T12:20:44.074Z] > git ls-tree -l HEAD -- /Users/jdej/dev/jdej/WebStorageManager/README.md [5ms]
[2022-04-07T12:20:44.075Z] > git ls-files --stage -- /Users/jdej/dev/jdej/WebStorageManager/src/WebStorageManager.test.ts [5ms]
[2022-04-07T12:20:44.079Z] > git ls-tree -l HEAD -- /Users/jdej/dev/jdej/WebStorageManager/src/WebStorageManager.ts [7ms]
[2022-04-07T12:20:44.079Z] > git ls-files --stage -- /Users/jdej/dev/jdej/WebStorageManager/src/WebStorageManager.test.ts [6ms]
[2022-04-07T12:20:44.081Z] > git cat-file -s 2df34b7ed10954b997a3e179736cb0e2bdc906d9 [4ms]
[2022-04-07T12:20:44.085Z] > git cat-file -s 2df34b7ed10954b997a3e179736cb0e2bdc906d9 [5ms]
[2022-04-07T12:20:46.215Z] > git symbolic-ref --short HEAD [5ms]
[2022-04-07T12:20:46.222Z] > git for-each-ref --format=%(refname)%00%(upstream:short)%00%(objectname)%00%(upstream:track) refs/heads/devel refs/remotes/devel [5ms]
[2022-04-07T12:20:46.229Z] > git remote --verbose [4ms]
[2022-04-07T12:20:46.229Z] > git for-each-ref --sort -committerdate --format %(refname) %(objectname) %(*objectname) [6ms]
[2022-04-07T12:20:46.236Z] > git config --get commit.template [4ms]
[2022-04-07T12:21:01.473Z] > git -c user.useConfigOnly=true commit --quiet --allow-empty-message --file - [21ms]
[2022-04-07T12:21:01.486Z] > git symbolic-ref --short HEAD [4ms]
[2022-04-07T12:21:01.494Z] > git for-each-ref --format=%(refname)%00%(upstream:short)%00%(objectname)%00%(upstream:track) refs/heads/devel refs/remotes/devel [6ms]
[2022-04-07T12:21:01.502Z] > git remote --verbose [6ms]
[2022-04-07T12:21:01.502Z] > git for-each-ref --sort -committerdate --format %(refname) %(objectname) %(*objectname) [7ms]
[2022-04-07T12:21:01.510Z] > git config --get commit.template [4ms]
[2022-04-07T12:21:01.516Z] > git config --get commit.template [4ms]
[2022-04-07T12:21:02.569Z] > git symbolic-ref --short HEAD [5ms]
[2022-04-07T12:21:02.576Z] > git for-each-ref --format=%(refname)%00%(upstream:short)%00%(objectname)%00%(upstream:track) refs/heads/devel refs/remotes/devel [5ms]
[2022-04-07T12:21:02.584Z] > git remote --verbose [4ms]
[2022-04-07T12:21:02.585Z] > git for-each-ref --sort -committerdate --format %(refname) %(objectname) %(*objectname) [6ms]
[2022-04-07T12:21:02.591Z] > git config --get commit.template [4ms]
[2022-04-07T12:21:02.664Z] > git ls-tree -l HEAD -- /Users/jdej/dev/jdej/WebStorageManager/README.md [6ms]
[2022-04-07T12:21:02.665Z] > git ls-tree -l HEAD -- /Users/jdej/dev/jdej/WebStorageManager/src/WebStorageManager.test.ts [5ms]
[2022-04-07T12:21:02.669Z] > git ls-tree -l HEAD -- /Users/jdej/dev/jdej/WebStorageManager/src/WebStorageManager.ts [8ms]
[2022-04-07T12:21:02.670Z] > git ls-files --stage -- /Users/jdej/dev/jdej/WebStorageManager/src/WebStorageManager.test.ts [7ms]
[2022-04-07T12:21:02.677Z] > git cat-file -s 2df34b7ed10954b997a3e179736cb0e2bdc906d9 [6ms]
[2022-04-07T12:21:05.455Z] > git ls-tree -l HEAD -- /Users/jdej/dev/jdej/WebStorageManager/README.md [12ms]
[2022-04-07T12:21:05.865Z] > git ls-files --stage -- /Users/jdej/dev/jdej/WebStorageManager/package.json [4ms]
[2022-04-07T12:21:05.871Z] > git cat-file -s ce853c07ed9f0f3b10d9a8712a952119678726c8 [4ms]
[2022-04-07T12:21:06.121Z] > git ls-tree -l HEAD -- /Users/jdej/dev/jdej/WebStorageManager/src/WebStorageManager.ts [22ms]
[2022-04-07T12:21:06.718Z] > git ls-files --stage -- /Users/jdej/dev/jdej/WebStorageManager/tsconfig.json [4ms]
[2022-04-07T12:21:06.725Z] > git cat-file -s 7b682d335a0a35322abc12504336ae1cc035310f [5ms]
[2022-04-07T12:21:07.004Z] > git ls-files --stage -- /Users/jdej/dev/jdej/WebStorageManager/src/WebStorageManager.ts [5ms]
[2022-04-07T12:21:07.010Z] > git cat-file -s afd7c38e4aff66d9e12340d9cd46d6e2cb516136 [4ms]
[2022-04-07T12:21:07.392Z] > git ls-files --stage -- /Users/jdej/dev/jdej/WebStorageManager/src/index.ts [5ms]
[2022-04-07T12:21:07.399Z] > git cat-file -s 801ca2350be6d05984bd56ce43b37012e7c37d97 [5ms]
[2022-04-07T12:21:09.111Z] > git ls-tree -l HEAD -- /Users/jdej/dev/jdej/WebStorageManager/README.md [7ms]
[2022-04-07T12:21:19.076Z] > git ls-files --stage -- /Users/jdej/dev/jdej/WebStorageManager/README.md [5ms]
[2022-04-07T12:21:19.082Z] > git cat-file -s a151b973fd9098f8ef5849199e25637048cc4c8f [4ms]
[2022-04-07T12:28:19.738Z] > git ls-files --stage -- /Users/jdej/dev/jdej/WebStorageManager/LICENSE [4ms]
[2022-04-07T12:28:20.705Z] > git symbolic-ref --short HEAD [7ms]
[2022-04-07T12:28:20.714Z] > git for-each-ref --format=%(refname)%00%(upstream:short)%00%(objectname)%00%(upstream:track) refs/heads/devel refs/remotes/devel [8ms]
[2022-04-07T12:28:20.721Z] > git remote --verbose [4ms]
[2022-04-07T12:28:20.722Z] > git for-each-ref --sort -committerdate --format %(refname) %(objectname) %(*objectname) [7ms]
[2022-04-07T12:28:20.730Z] > git config --get commit.template [4ms]
[2022-04-07T12:28:25.751Z] > git symbolic-ref --short HEAD [5ms]
[2022-04-07T12:28:25.759Z] > git for-each-ref --format=%(refname)%00%(upstream:short)%00%(objectname)%00%(upstream:track) refs/heads/devel refs/remotes/devel [6ms]
[2022-04-07T12:28:25.767Z] > git remote --verbose [4ms]
[2022-04-07T12:28:25.768Z] > git for-each-ref --sort -committerdate --format %(refname) %(objectname) %(*objectname) [7ms]
[2022-04-07T12:28:25.777Z] > git config --get commit.template [5ms]
[2022-04-07T12:28:46.126Z] > git symbolic-ref --short HEAD [4ms]
[2022-04-07T12:28:46.133Z] > git for-each-ref --format=%(refname)%00%(upstream:short)%00%(objectname)%00%(upstream:track) refs/heads/devel refs/remotes/devel [5ms]
[2022-04-07T12:28:46.140Z] > git remote --verbose [4ms]
[2022-04-07T12:28:46.141Z] > git for-each-ref --sort -committerdate --format %(refname) %(objectname) %(*objectname) [6ms]
[2022-04-07T12:28:46.147Z] > git config --get commit.template [4ms]
[2022-04-07T12:29:46.028Z] > git ls-files --stage -- /Users/jdej/dev/jdej/WebStorageManager/CONTRUBUTING [5ms]
[2022-04-07T12:29:46.905Z] > git symbolic-ref --short HEAD [5ms]
[2022-04-07T12:29:46.912Z] > git for-each-ref --format=%(refname)%00%(upstream:short)%00%(objectname)%00%(upstream:track) refs/heads/devel refs/remotes/devel [6ms]
[2022-04-07T12:29:46.919Z] > git remote --verbose [4ms]
[2022-04-07T12:29:46.920Z] > git for-each-ref --sort -committerdate --format %(refname) %(objectname) %(*objectname) [6ms]
[2022-04-07T12:29:46.927Z] > git config --get commit.template [5ms]
[2022-04-07T12:29:54.079Z] > git ls-files --stage -- /Users/jdej/dev/jdej/WebStorageManager/CONTRIBUTING [5ms]
[2022-04-07T12:29:54.931Z] > git symbolic-ref --short HEAD [5ms]
[2022-04-07T12:29:54.938Z] > git for-each-ref --format=%(refname)%00%(upstream:short)%00%(objectname)%00%(upstream:track) refs/heads/devel refs/remotes/devel [6ms]
[2022-04-07T12:29:54.945Z] > git remote --verbose [4ms]
[2022-04-07T12:29:54.946Z] > git for-each-ref --sort -committerdate --format %(refname) %(objectname) %(*objectname) [7ms]
[2022-04-07T12:29:54.952Z] > git config --get commit.template [4ms]
[2022-04-07T12:32:22.725Z] > git ls-files --stage -- /Users/jdej/dev/jdej/WebStorageManager/package.json [10ms]
[2022-04-07T12:32:22.735Z] > git cat-file -s ce853c07ed9f0f3b10d9a8712a952119678726c8 [8ms]
[2022-04-07T12:35:06.338Z] > git ls-files --stage -- /Users/jdej/dev/jdej/WebStorageManager/CONTRIBUTING [4ms]
[2022-04-07T12:35:08.875Z] > git ls-files --stage -- /Users/jdej/dev/jdej/WebStorageManager/package.json [5ms]
[2022-04-07T12:35:08.882Z] > git cat-file -s ce853c07ed9f0f3b10d9a8712a952119678726c8 [6ms]
[2022-04-07T12:35:12.642Z] > git ls-files --stage -- /Users/jdej/dev/jdej/WebStorageManager/CONTRIBUTING [4ms]
[2022-04-07T12:38:35.614Z] > git ls-files --stage -- /Users/jdej/dev/jdej/WebStorageManager/LICENSE [5ms]
[2022-04-07T12:38:37.093Z] > git ls-files --stage -- /Users/jdej/dev/jdej/WebStorageManager/README.md [3ms]
[2022-04-07T12:38:37.099Z] > git cat-file -s a151b973fd9098f8ef5849199e25637048cc4c8f [4ms]
[2022-04-07T12:40:24.780Z] > git ls-files --stage -- /Users/jdej/dev/jdej/WebStorageManager/package.json [6ms]
[2022-04-07T12:40:24.787Z] > git cat-file -s ce853c07ed9f0f3b10d9a8712a952119678726c8 [6ms]
[2022-04-07T12:40:27.062Z] > git ls-files --stage -- /Users/jdej/dev/jdej/WebStorageManager/README.md [5ms]
[2022-04-07T12:40:27.068Z] > git cat-file -s a151b973fd9098f8ef5849199e25637048cc4c8f [5ms]
[2022-04-07T12:40:36.121Z] > git ls-files --stage -- /Users/jdej/dev/jdej/WebStorageManager/package.json [5ms]
[2022-04-07T12:40:36.127Z] > git cat-file -s ce853c07ed9f0f3b10d9a8712a952119678726c8 [5ms]
[2022-04-07T12:40:40.516Z] > git ls-files --stage -- /Users/jdej/dev/jdej/WebStorageManager/README.md [4ms]
[2022-04-07T12:40:40.522Z] > git cat-file -s a151b973fd9098f8ef5849199e25637048cc4c8f [5ms]
[2022-04-07T12:43:57.468Z] > git ls-files --stage -- /Users/jdej/dev/jdej/WebStorageManager/package.json [4ms]
[2022-04-07T12:43:57.476Z] > git cat-file -s ce853c07ed9f0f3b10d9a8712a952119678726c8 [6ms]
[2022-04-07T12:44:01.818Z] > git ls-files --stage -- /Users/jdej/dev/jdej/WebStorageManager/README.md [4ms]
[2022-04-07T12:44:01.824Z] > git cat-file -s a151b973fd9098f8ef5849199e25637048cc4c8f [4ms]
[2022-04-07T12:50:17.780Z] > git ls-files --stage -- /Users/jdej/dev/jdej/WebStorageManager/package.json [4ms]
[2022-04-07T12:50:17.788Z] > git cat-file -s ce853c07ed9f0f3b10d9a8712a952119678726c8 [6ms]
[2022-04-07T12:50:22.507Z] > git ls-files --stage -- /Users/jdej/dev/jdej/WebStorageManager/README.md [5ms]
[2022-04-07T12:50:22.513Z] > git cat-file -s a151b973fd9098f8ef5849199e25637048cc4c8f [5ms]
[2022-04-07T13:03:29.397Z] > git ls-files --stage -- /Users/jdej/dev/jdej/WebStorageManager/.travis.yml [5ms]
[2022-04-07T13:03:29.408Z] > git cat-file -s 4326a19b4b81135b4f2387c0c01061fdd947dbec [7ms]
[2022-04-07T13:03:48.591Z] > git ls-files --stage -- /Users/jdej/dev/jdej/WebStorageManager/package.json [5ms]
[2022-04-07T13:03:48.597Z] > git cat-file -s ce853c07ed9f0f3b10d9a8712a952119678726c8 [5ms]
[2022-04-07T13:08:28.400Z] > git ls-files --stage -- /Users/jdej/dev/jdej/WebStorageManager/src/WebStorageManager.test.ts [13ms]
[2022-04-07T13:08:28.415Z] > git cat-file -s 2df34b7ed10954b997a3e179736cb0e2bdc906d9 [9ms]
[2022-04-07T13:10:12.639Z] > git symbolic-ref --short HEAD [6ms]
[2022-04-07T13:10:12.656Z] > git for-each-ref --format=%(refname)%00%(upstream:short)%00%(objectname)%00%(upstream:track) refs/heads/devel refs/remotes/devel [8ms]
[2022-04-07T13:10:12.665Z] > git remote --verbose [5ms]
[2022-04-07T13:10:12.665Z] > git for-each-ref --sort -committerdate --format %(refname) %(objectname) %(*objectname) [7ms]
[2022-04-07T13:10:12.678Z] > git config --get commit.template [4ms]
[2022-04-07T13:10:17.701Z] > git symbolic-ref --short HEAD [4ms]
[2022-04-07T13:10:17.708Z] > git for-each-ref --format=%(refname)%00%(upstream:short)%00%(objectname)%00%(upstream:track) refs/heads/devel refs/remotes/devel [6ms]
[2022-04-07T13:10:17.715Z] > git for-each-ref --sort -committerdate --format %(refname) %(objectname) %(*objectname) [6ms]
[2022-04-07T13:10:17.716Z] > git remote --verbose [6ms]
[2022-04-07T13:10:17.723Z] > git config --get commit.template [5ms]
[2022-04-07T13:10:23.276Z] > git symbolic-ref --short HEAD [5ms]
[2022-04-07T13:10:23.284Z] > git for-each-ref --format=%(refname)%00%(upstream:short)%00%(objectname)%00%(upstream:track) refs/heads/devel refs/remotes/devel [6ms]
[2022-04-07T13:10:23.291Z] > git remote --verbose [5ms]
[2022-04-07T13:10:23.291Z] > git for-each-ref --sort -committerdate --format %(refname) %(objectname) %(*objectname) [6ms]
[2022-04-07T13:10:23.298Z] > git config --get commit.template [4ms]
[2022-04-07T13:10:36.941Z] > git symbolic-ref --short HEAD [5ms]
[2022-04-07T13:10:36.949Z] > git for-each-ref --format=%(refname)%00%(upstream:short)%00%(objectname)%00%(upstream:track) refs/heads/devel refs/remotes/devel [6ms]
[2022-04-07T13:10:36.957Z] > git for-each-ref --sort -committerdate --format %(refname) %(objectname) %(*objectname) [6ms]
[2022-04-07T13:10:36.958Z] > git remote --verbose [6ms]
[2022-04-07T13:10:36.965Z] > git config --get commit.template [5ms]
[2022-04-07T13:10:52.462Z] > git symbolic-ref --short HEAD [6ms]
[2022-04-07T13:10:52.470Z] > git for-each-ref --format=%(refname)%00%(upstream:short)%00%(objectname)%00%(upstream:track) refs/heads/devel refs/remotes/devel [6ms]
[2022-04-07T13:10:52.478Z] > git remote --verbose [5ms]
[2022-04-07T13:10:52.478Z] > git for-each-ref --sort -committerdate --format %(refname) %(objectname) %(*objectname) [6ms]
[2022-04-07T13:10:52.485Z] > git config --get commit.template [4ms]
[2022-04-07T13:11:13.067Z] > git symbolic-ref --short HEAD [5ms]
[2022-04-07T13:11:13.075Z] > git for-each-ref --format=%(refname)%00%(upstream:short)%00%(objectname)%00%(upstream:track) refs/heads/devel refs/remotes/devel [6ms]
[2022-04-07T13:11:13.084Z] > git for-each-ref --sort -committerdate --format %(refname) %(objectname) %(*objectname) [7ms]
[2022-04-07T13:11:13.084Z] > git remote --verbose [6ms]
[2022-04-07T13:11:13.090Z] > git config --get commit.template [4ms]
[2022-04-07T13:12:10.913Z] > git symbolic-ref --short HEAD [6ms]
[2022-04-07T13:12:10.923Z] > git for-each-ref --format=%(refname)%00%(upstream:short)%00%(objectname)%00%(upstream:track) refs/heads/devel refs/remotes/devel [8ms]
[2022-04-07T13:12:10.931Z] > git remote --verbose [5ms]
[2022-04-07T13:12:10.931Z] > git for-each-ref --sort -committerdate --format %(refname) %(objectname) %(*objectname) [6ms]
[2022-04-07T13:12:10.938Z] > git config --get commit.template [4ms]
[2022-04-07T13:12:57.978Z] > git ls-files --stage -- /Users/jdej/dev/jdej/WebStorageManager/src/index.test.ts [6ms]
[2022-04-07T13:12:57.987Z] > git cat-file -s f8d7662a01769b7604a1750b019e7ea142ea2434 [7ms]
[2022-04-07T13:13:13.475Z] > git ls-files --stage -- /Users/jdej/dev/jdej/WebStorageManager/src/windowStorage.ts [5ms]
[2022-04-07T13:13:46.126Z] > git log --format=%H%n%aN%n%aE%n%at%n%ct%n%P%n%B -z -n21 -- /Users/jdej/dev/jdej/WebStorageManager/README.md [9ms]
[2022-04-07T13:13:46.280Z] > git ls-files --stage -- /Users/jdej/dev/jdej/WebStorageManager/README.md [4ms]
[2022-04-07T13:13:46.286Z] > git cat-file -s a151b973fd9098f8ef5849199e25637048cc4c8f [5ms]
[2022-04-07T13:14:05.215Z] > git log --format=%H%n%aN%n%aE%n%at%n%ct%n%P%n%B -z -n21 -- /Users/jdej/dev/jdej/WebStorageManager/package.json [9ms]
[2022-04-07T13:14:05.373Z] > git ls-files --stage -- /Users/jdej/dev/jdej/WebStorageManager/package.json [5ms]
[2022-04-07T13:14:05.380Z] > git cat-file -s ce853c07ed9f0f3b10d9a8712a952119678726c8 [5ms]
[2022-04-07T13:14:13.467Z] > git symbolic-ref --short HEAD [4ms]
[2022-04-07T13:14:13.474Z] > git for-each-ref --format=%(refname)%00%(upstream:short)%00%(objectname)%00%(upstream:track) refs/heads/devel refs/remotes/devel [6ms]
[2022-04-07T13:14:13.481Z] > git remote --verbose [4ms]
[2022-04-07T13:14:13.481Z] > git for-each-ref --sort -committerdate --format %(refname) %(objectname) %(*objectname) [6ms]
[2022-04-07T13:14:13.487Z] > git config --get commit.template [4ms]
[2022-04-07T13:14:18.508Z] > git symbolic-ref --short HEAD [4ms]
[2022-04-07T13:14:18.515Z] > git for-each-ref --format=%(refname)%00%(upstream:short)%00%(objectname)%00%(upstream:track) refs/heads/devel refs/remotes/devel [5ms]
[2022-04-07T13:14:18.522Z] > git remote --verbose [4ms]
[2022-04-07T13:14:18.522Z] > git for-each-ref --sort -committerdate --format %(refname) %(objectname) %(*objectname) [5ms]
[2022-04-07T13:14:18.528Z] > git config --get commit.template [3ms]
[2022-04-07T13:14:37.374Z] > git ls-files --stage -- /Users/jdej/dev/jdej/WebStorageManager/dist/index.js [7ms]
[2022-04-07T13:14:49.889Z] > git ls-files --stage -- /Users/jdej/dev/jdej/WebStorageManager/coverage/index.js [5ms]
[2022-04-07T13:14:51.019Z] > git symbolic-ref --short HEAD [4ms]
[2022-04-07T13:14:51.026Z] > git for-each-ref --format=%(refname)%00%(upstream:short)%00%(objectname)%00%(upstream:track) refs/heads/devel refs/remotes/devel [6ms]
[2022-04-07T13:14:51.032Z] > git remote --verbose [4ms]
[2022-04-07T13:14:51.033Z] > git for-each-ref --sort -committerdate --format %(refname) %(objectname) %(*objectname) [6ms]
[2022-04-07T13:14:51.039Z] > git config --get commit.template [4ms]
[2022-04-07T13:14:53.996Z] > git ls-files --stage -- /Users/jdej/dev/jdej/WebStorageManager/coverage/index.html [4ms]
[2022-04-07T13:15:17.967Z] > git ls-files --stage -- /Users/jdej/dev/jdej/WebStorageManager/coverage/WebStorageManager.js.html [29ms]
[2022-04-07T13:15:20.664Z] > git ls-files --stage -- /Users/jdej/dev/jdej/WebStorageManager/coverage/windowStorage.js.html [5ms]
[2022-04-07T13:15:25.394Z] > git ls-files --stage -- /Users/jdej/dev/jdej/WebStorageManager/coverage/windowStorage.js [3ms]
[2022-04-07T13:15:43.168Z] > git ls-files --stage -- /Users/jdej/dev/jdej/WebStorageManager/coverage/index.html [4ms]
[2022-04-07T13:17:16.154Z] > git symbolic-ref --short HEAD [5ms]
[2022-04-07T13:17:16.163Z] > git for-each-ref --format=%(refname)%00%(upstream:short)%00%(objectname)%00%(upstream:track) refs/heads/devel refs/remotes/devel [7ms]
[2022-04-07T13:17:16.171Z] > git remote --verbose [5ms]
[2022-04-07T13:17:16.171Z] > git for-each-ref --sort -committerdate --format %(refname) %(objectname) %(*objectname) [6ms]
[2022-04-07T13:17:16.177Z] > git config --get commit.template [4ms]
[2022-04-07T13:17:32.612Z] > git ls-files --stage -- /Users/jdej/dev/jdej/WebStorageManager/package.json [4ms]
[2022-04-07T13:17:32.619Z] > git cat-file -s ce853c07ed9f0f3b10d9a8712a952119678726c8 [5ms]
[2022-04-07T13:17:39.252Z] > git ls-files --stage -- /Users/jdej/dev/jdej/WebStorageManager/tsconfig.json [9ms]
[2022-04-07T13:17:39.261Z] > git cat-file -s 7b682d335a0a35322abc12504336ae1cc035310f [6ms]
[2022-04-07T13:18:43.991Z] > git symbolic-ref --short HEAD [11ms]
[2022-04-07T13:18:44.001Z] > git for-each-ref --format=%(refname)%00%(upstream:short)%00%(objectname)%00%(upstream:track) refs/heads/devel refs/remotes/devel [7ms]
[2022-04-07T13:18:44.009Z] > git for-each-ref --sort -committerdate --format %(refname) %(objectname) %(*objectname) [7ms]
[2022-04-07T13:18:44.010Z] > git remote --verbose [6ms]
[2022-04-07T13:18:44.018Z] > git config --get commit.template [5ms]
[2022-04-07T13:18:49.059Z] > git symbolic-ref --short HEAD [7ms]
[2022-04-07T13:18:49.066Z] > git for-each-ref --format=%(refname)%00%(upstream:short)%00%(objectname)%00%(upstream:track) refs/heads/devel refs/remotes/devel [4ms]
[2022-04-07T13:18:49.091Z] > git remote --verbose [22ms]
[2022-04-07T13:18:49.092Z] > git for-each-ref --sort -committerdate --format %(refname) %(objectname) %(*objectname) [24ms]
[2022-04-07T13:18:49.098Z] > git config --get commit.template [4ms]
[2022-04-07T13:18:54.119Z] > git symbolic-ref --short HEAD [4ms]
[2022-04-07T13:18:54.126Z] > git for-each-ref --format=%(refname)%00%(upstream:short)%00%(objectname)%00%(upstream:track) refs/heads/devel refs/remotes/devel [5ms]
[2022-04-07T13:18:54.134Z] > git remote --verbose [5ms]
[2022-04-07T13:18:54.134Z] > git for-each-ref --sort -committerdate --format %(refname) %(objectname) %(*objectname) [6ms]
[2022-04-07T13:18:54.140Z] > git config --get commit.template [4ms]
[2022-04-07T13:19:01.863Z] > git symbolic-ref --short HEAD [4ms]
[2022-04-07T13:19:01.870Z] > git for-each-ref --format=%(refname)%00%(upstream:short)%00%(objectname)%00%(upstream:track) refs/heads/devel refs/remotes/devel [5ms]
[2022-04-07T13:19:01.877Z] > git remote --verbose [4ms]
[2022-04-07T13:19:01.877Z] > git for-each-ref --sort -committerdate --format %(refname) %(objectname) %(*objectname) [6ms]
[2022-04-07T13:19:01.884Z] > git config --get commit.template [4ms]
[2022-04-07T13:19:23.379Z] > git ls-files --stage -- /Users/jdej/dev/jdej/WebStorageManager/dist/windowStorage.js [7ms]
[2022-04-07T13:19:27.983Z] > git ls-files --stage -- /Users/jdej/dev/jdej/WebStorageManager/dist/Types.js [5ms]
[2022-04-07T13:19:35.408Z] > git ls-files --stage -- /Users/jdej/dev/jdej/WebStorageManager/dist/windowStorage.js [4ms]
[2022-04-07T13:19:49.600Z] > git ls-files --stage -- /Users/jdej/dev/jdej/WebStorageManager/coverage/WebStorageManager.js [8ms]
[2022-04-07T13:21:35.271Z] > git ls-files --stage -- /Users/jdej/dev/jdej/WebStorageManager/tsconfig.json [6ms]
[2022-04-07T13:21:35.278Z] > git cat-file -s 7b682d335a0a35322abc12504336ae1cc035310f [6ms]
[2022-04-07T13:22:06.478Z] > git symbolic-ref --short HEAD [5ms]
[2022-04-07T13:22:06.486Z] > git for-each-ref --format=%(refname)%00%(upstream:short)%00%(objectname)%00%(upstream:track) refs/heads/devel refs/remotes/devel [6ms]
[2022-04-07T13:22:06.495Z] > git remote --verbose [6ms]
[2022-04-07T13:22:06.496Z] > git for-each-ref --sort -committerdate --format %(refname) %(objectname) %(*objectname) [8ms]
[2022-04-07T13:22:06.504Z] > git config --get commit.template [6ms]
[2022-04-07T13:22:27.425Z] > git symbolic-ref --short HEAD [5ms]
[2022-04-07T13:22:27.434Z] > git for-each-ref --format=%(refname)%00%(upstream:short)%00%(objectname)%00%(upstream:track) refs/heads/devel refs/remotes/devel [6ms]
[2022-04-07T13:22:27.443Z] > git remote --verbose [5ms]
[2022-04-07T13:22:27.444Z] > git for-each-ref --sort -committerdate --format %(refname) %(objectname) %(*objectname) [8ms]
[2022-04-07T13:22:27.452Z] > git config --get commit.template [5ms]
[2022-04-07T13:22:32.469Z] > git symbolic-ref --short HEAD [4ms]
[2022-04-07T13:22:32.476Z] > git for-each-ref --format=%(refname)%00%(upstream:short)%00%(objectname)%00%(upstream:track) refs/heads/devel refs/remotes/devel [6ms]
[2022-04-07T13:22:32.482Z] > git remote --verbose [4ms]
[2022-04-07T13:22:32.483Z] > git for-each-ref --sort -committerdate --format %(refname) %(objectname) %(*objectname) [6ms]
[2022-04-07T13:22:32.489Z] > git config --get commit.template [4ms]
[2022-04-07T13:22:42.552Z] > git symbolic-ref --short HEAD [4ms]
[2022-04-07T13:22:42.560Z] > git for-each-ref --format=%(refname)%00%(upstream:short)%00%(objectname)%00%(upstream:track) refs/heads/devel refs/remotes/devel [6ms]
[2022-04-07T13:22:42.567Z] > git remote --verbose [4ms]
[2022-04-07T13:22:42.567Z] > git for-each-ref --sort -committerdate --format %(refname) %(objectname) %(*objectname) [6ms]
[2022-04-07T13:22:42.574Z] > git config --get commit.template [4ms]
[2022-04-07T13:22:47.592Z] > git symbolic-ref --short HEAD [5ms]
[2022-04-07T13:22:47.599Z] > git for-each-ref --format=%(refname)%00%(upstream:short)%00%(objectname)%00%(upstream:track) refs/heads/devel refs/remotes/devel [5ms]
[2022-04-07T13:22:47.606Z] > git remote --verbose [4ms]
[2022-04-07T13:22:47.606Z] > git for-each-ref --sort -committerdate --format %(refname) %(objectname) %(*objectname) [6ms]
[2022-04-07T13:22:47.612Z] > git config --get commit.template [4ms]
[2022-04-07T13:22:55.997Z] > git symbolic-ref --short HEAD [4ms]
[2022-04-07T13:22:56.002Z] > git for-each-ref --format=%(refname)%00%(upstream:short)%00%(objectname)%00%(upstream:track) refs/heads/devel refs/remotes/devel [4ms]
[2022-04-07T13:22:56.008Z] > git remote --verbose [3ms]
[2022-04-07T13:22:56.009Z] > git for-each-ref --sort -committerdate --format %(refname) %(objectname) %(*objectname) [6ms]
[2022-04-07T13:22:56.014Z] > git config --get commit.template [4ms]
[2022-04-07T13:23:01.039Z] > git symbolic-ref --short HEAD [5ms]
[2022-04-07T13:23:01.046Z] > git for-each-ref --format=%(refname)%00%(upstream:short)%00%(objectname)%00%(upstream:track) refs/heads/devel refs/remotes/devel [6ms]
[2022-04-07T13:23:01.053Z] > git remote --verbose [5ms]
[2022-04-07T13:23:01.053Z] > git for-each-ref --sort -committerdate --format %(refname) %(objectname) %(*objectname) [6ms]
[2022-04-07T13:23:01.059Z] > git config --get commit.template [4ms]
[2022-04-07T13:23:01.633Z] > git ls-files --stage -- /Users/jdej/dev/jdej/WebStorageManager/dist/WebStorageManager.js [5ms]
[2022-04-07T13:23:09.448Z] > git ls-files --stage -- /Users/jdej/dev/jdej/WebStorageManager/dist/index.js [5ms]
[2022-04-07T13:23:21.975Z] > git ls-files --stage -- /Users/jdej/dev/jdej/WebStorageManager/coverage/index.js [5ms]
[2022-04-07T13:23:23.512Z] > git symbolic-ref --short HEAD [5ms]
[2022-04-07T13:23:23.519Z] > git for-each-ref --format=%(refname)%00%(upstream:short)%00%(objectname)%00%(upstream:track) refs/heads/devel refs/remotes/devel [6ms]
[2022-04-07T13:23:23.527Z] > git for-each-ref --sort -committerdate --format %(refname) %(objectname) %(*objectname) [6ms]
[2022-04-07T13:23:23.527Z] > git remote --verbose [5ms]
[2022-04-07T13:23:23.533Z] > git config --get commit.template [4ms]
[2022-04-07T13:23:35.510Z] > git ls-files --stage -- /Users/jdej/dev/jdej/WebStorageManager/coverage/index.html [5ms]
[2022-04-07T13:23:36.992Z] > git ls-files --stage -- /Users/jdej/dev/jdej/WebStorageManager/tsconfig.json [4ms]
[2022-04-07T13:23:36.998Z] > git cat-file -s 7b682d335a0a35322abc12504336ae1cc035310f [5ms]
[2022-04-07T13:25:57.050Z] > git log --format=%H%n%aN%n%aE%n%at%n%ct%n%P%n%B -z -n21 -- /Users/jdej/dev/jdej/WebStorageManager/package.json [29ms]
[2022-04-07T13:25:57.195Z] > git ls-files --stage -- /Users/jdej/dev/jdej/WebStorageManager/package.json [5ms]
[2022-04-07T13:25:57.202Z] > git cat-file -s ce853c07ed9f0f3b10d9a8712a952119678726c8 [5ms]
[2022-04-07T13:28:22.145Z] > git symbolic-ref --short HEAD [13ms]
[2022-04-07T13:28:22.153Z] > git for-each-ref --format=%(refname)%00%(upstream:short)%00%(objectname)%00%(upstream:track) refs/heads/devel refs/remotes/devel [7ms]
[2022-04-07T13:28:22.162Z] > git for-each-ref --sort -committerdate --format %(refname) %(objectname) %(*objectname) [7ms]
[2022-04-07T13:28:22.163Z] > git remote --verbose [7ms]
[2022-04-07T13:28:22.169Z] > git config --get commit.template [4ms]
[2022-04-07T13:28:27.187Z] > git symbolic-ref --short HEAD [5ms]
[2022-04-07T13:28:27.194Z] > git for-each-ref --format=%(refname)%00%(upstream:short)%00%(objectname)%00%(upstream:track) refs/heads/devel refs/remotes/devel [5ms]
[2022-04-07T13:28:27.202Z] > git for-each-ref --sort -committerdate --format %(refname) %(objectname) %(*objectname) [6ms]
[2022-04-07T13:28:27.202Z] > git remote --verbose [5ms]
[2022-04-07T13:28:27.209Z] > git config --get commit.template [4ms]
[2022-04-07T13:28:32.225Z] > git symbolic-ref --short HEAD [4ms]
[2022-04-07T13:28:32.232Z] > git for-each-ref --format=%(refname)%00%(upstream:short)%00%(objectname)%00%(upstream:track) refs/heads/devel refs/remotes/devel [5ms]
[2022-04-07T13:28:32.238Z] > git remote --verbose [4ms]
[2022-04-07T13:28:32.239Z] > git for-each-ref --sort -committerdate --format %(refname) %(objectname) %(*objectname) [6ms]
[2022-04-07T13:28:32.244Z] > git config --get commit.template [3ms]
[2022-04-07T13:28:40.174Z] > git ls-files --stage -- /Users/jdej/dev/jdej/WebStorageManager/dist/Types.js [5ms]
[2022-04-07T13:28:42.556Z] > git ls-files --stage -- /Users/jdej/dev/jdej/WebStorageManager/package.json [5ms]
[2022-04-07T13:28:42.562Z] > git cat-file -s ce853c07ed9f0f3b10d9a8712a952119678726c8 [4ms]
[2022-04-07T13:28:47.865Z] > git ls-files --stage -- /Users/jdej/dev/jdej/WebStorageManager/src/Types.ts [4ms]
[2022-04-07T13:28:47.871Z] > git cat-file -s ce9b806f035fa27652824ac597e34a01393443a1 [4ms]
[2022-04-07T13:28:53.717Z] > git ls-files --stage -- /Users/jdej/dev/jdej/WebStorageManager/package.json [5ms]
[2022-04-07T13:28:53.723Z] > git cat-file -s ce853c07ed9f0f3b10d9a8712a952119678726c8 [5ms]
[2022-04-07T13:32:17.766Z] > git symbolic-ref --short HEAD [5ms]
[2022-04-07T13:32:17.773Z] > git for-each-ref --format=%(refname)%00%(upstream:short)%00%(objectname)%00%(upstream:track) refs/heads/devel refs/remotes/devel [6ms]
[2022-04-07T13:32:17.780Z] > git remote --verbose [4ms]
[2022-04-07T13:32:17.780Z] > git for-each-ref --sort -committerdate --format %(refname) %(objectname) %(*objectname) [6ms]
[2022-04-07T13:32:17.786Z] > git config --get commit.template [4ms]
[2022-04-07T13:32:25.530Z] > git symbolic-ref --short HEAD [9ms]
[2022-04-07T13:32:25.537Z] > git for-each-ref --format=%(refname)%00%(upstream:short)%00%(objectname)%00%(upstream:track) refs/heads/devel refs/remotes/devel [5ms]
[2022-04-07T13:32:25.543Z] > git remote --verbose [4ms]
[2022-04-07T13:32:25.543Z] > git for-each-ref --sort -committerdate --format %(refname) %(objectname) %(*objectname) [5ms]
[2022-04-07T13:32:25.548Z] > git config --get commit.template [3ms]
[2022-04-07T13:32:30.569Z] > git symbolic-ref --short HEAD [5ms]
[2022-04-07T13:32:30.576Z] > git for-each-ref --format=%(refname)%00%(upstream:short)%00%(objectname)%00%(upstream:track) refs/heads/devel refs/remotes/devel [5ms]
[2022-04-07T13:32:30.585Z] > git remote --verbose [6ms]
[2022-04-07T13:32:30.604Z] > git for-each-ref --sort -committerdate --format %(refname) %(objectname) %(*objectname) [26ms]
[2022-04-07T13:32:30.610Z] > git config --get commit.template [4ms]
[2022-04-07T13:32:33.820Z] > git ls-files --stage -- /Users/jdej/dev/jdej/WebStorageManager/dist/index.js [7ms]
[2022-04-07T13:32:40.093Z] > git ls-files --stage -- /Users/jdej/dev/jdej/WebStorageManager/coverage/index.js [5ms]
[2022-04-07T13:32:41.582Z] > git symbolic-ref --short HEAD [4ms]
[2022-04-07T13:32:41.590Z] > git for-each-ref --format=%(refname)%00%(upstream:short)%00%(objectname)%00%(upstream:track) refs/heads/devel refs/remotes/devel [6ms]
[2022-04-07T13:32:41.598Z] > git remote --verbose [5ms]
[2022-04-07T13:32:41.598Z] > git for-each-ref --sort -committerdate --format %(refname) %(objectname) %(*objectname) [6ms]
[2022-04-07T13:32:41.604Z] > git config --get commit.template [4ms]
[2022-04-07T13:33:00.695Z] > git ls-files --stage -- /Users/jdej/dev/jdej/WebStorageManager/coverage/index.html [4ms]
[2022-04-07T13:33:36.959Z] > git symbolic-ref --short HEAD [6ms]
[2022-04-07T13:33:36.967Z] > git for-each-ref --format=%(refname)%00%(upstream:short)%00%(objectname)%00%(upstream:track) refs/heads/devel refs/remotes/devel [7ms]
[2022-04-07T13:33:36.974Z] > git remote --verbose [4ms]
[2022-04-07T13:33:36.975Z] > git for-each-ref --sort -committerdate --format %(refname) %(objectname) %(*objectname) [6ms]
[2022-04-07T13:33:36.980Z] > git config --get commit.template [3ms]
[2022-04-07T13:34:02.313Z] > git symbolic-ref --short HEAD [4ms]
[2022-04-07T13:34:02.321Z] > git for-each-ref --format=%(refname)%00%(upstream:short)%00%(objectname)%00%(upstream:track) refs/heads/devel refs/remotes/devel [6ms]
[2022-04-07T13:34:02.328Z] > git for-each-ref --sort -committerdate --format %(refname) %(objectname) %(*objectname) [6ms]
[2022-04-07T13:34:02.328Z] > git remote --verbose [4ms]
[2022-04-07T13:34:02.334Z] > git config --get commit.template [4ms]
[2022-04-07T13:34:23.492Z] > git ls-files --stage -- /Users/jdej/dev/jdej/WebStorageManager/coverage/index.js [4ms]
[2022-04-07T13:34:37.242Z] > git ls-files --stage -- /Users/jdej/dev/jdej/WebStorageManager/tsconfig.json [5ms]
[2022-04-07T13:34:37.248Z] > git cat-file -s 7b682d335a0a35322abc12504336ae1cc035310f [4ms]
[2022-04-07T13:34:45.972Z] > git ls-files --stage -- /Users/jdej/dev/jdej/WebStorageManager/README.md [5ms]
[2022-04-07T13:34:45.978Z] > git cat-file -s a151b973fd9098f8ef5849199e25637048cc4c8f [5ms]
[2022-04-07T13:39:56.159Z] > git symbolic-ref --short HEAD [5ms]
[2022-04-07T13:39:56.168Z] > git for-each-ref --format=%(refname)%00%(upstream:short)%00%(objectname)%00%(upstream:track) refs/heads/devel refs/remotes/devel [7ms]
[2022-04-07T13:39:56.176Z] > git for-each-ref --sort -committerdate --format %(refname) %(objectname) %(*objectname) [6ms]
[2022-04-07T13:39:56.176Z] > git remote --verbose [5ms]
[2022-04-07T13:39:56.182Z] > git config --get commit.template [4ms]
[2022-04-07T13:40:01.201Z] > git symbolic-ref --short HEAD [5ms]
[2022-04-07T13:40:01.208Z] > git for-each-ref --format=%(refname)%00%(upstream:short)%00%(objectname)%00%(upstream:track) refs/heads/devel refs/remotes/devel [6ms]
[2022-04-07T13:40:01.215Z] > git remote --verbose [4ms]
[2022-04-07T13:40:01.215Z] > git for-each-ref --sort -committerdate --format %(refname) %(objectname) %(*objectname) [5ms]
[2022-04-07T13:40:01.222Z] > git config --get commit.template [4ms]
[2022-04-07T13:44:32.458Z] > git symbolic-ref --short HEAD [6ms]
[2022-04-07T13:44:32.468Z] > git for-each-ref --format=%(refname)%00%(upstream:short)%00%(objectname)%00%(upstream:track) refs/heads/devel refs/remotes/devel [8ms]
[2022-04-07T13:44:32.475Z] > git remote --verbose [5ms]
[2022-04-07T13:44:32.475Z] > git for-each-ref --sort -committerdate --format %(refname) %(objectname) %(*objectname) [6ms]
[2022-04-07T13:44:32.481Z] > git config --get commit.template [4ms]
[2022-04-07T13:52:57.147Z] > git ls-files --stage -- /Users/jdej/dev/jdej/WebStorageManager/src/WebStorageManager.test.ts [7ms]
[2022-04-07T13:52:57.155Z] > git cat-file -s 2df34b7ed10954b997a3e179736cb0e2bdc906d9 [6ms]
[2022-04-07T13:52:58.286Z] > git ls-files --stage -- /Users/jdej/dev/jdej/WebStorageManager/README.md [5ms]
[2022-04-07T13:52:58.292Z] > git cat-file -s a151b973fd9098f8ef5849199e25637048cc4c8f [5ms]
[2022-04-07T13:53:04.696Z] > git ls-files --stage -- /Users/jdej/dev/jdej/WebStorageManager/src/WebStorageManager.ts [5ms]
[2022-04-07T13:53:04.703Z] > git cat-file -s afd7c38e4aff66d9e12340d9cd46d6e2cb516136 [5ms]
[2022-04-07T13:53:43.712Z] > git ls-files --stage -- /Users/jdej/dev/jdej/WebStorageManager/src/WebStorageManager.ts [10ms]
[2022-04-07T13:53:43.719Z] > git cat-file -s afd7c38e4aff66d9e12340d9cd46d6e2cb516136 [5ms]
[2022-04-07T13:57:01.889Z] > git ls-files --stage -- /Users/jdej/dev/jdej/WebStorageManager/src/WebStorageManager.ts [4ms]
[2022-04-07T13:57:01.896Z] > git cat-file -s afd7c38e4aff66d9e12340d9cd46d6e2cb516136 [5ms]
[2022-04-07T13:57:53.047Z] > git ls-files --stage -- /Users/jdej/dev/jdej/WebStorageManager/src/WebStorageManager.ts [5ms]
[2022-04-07T13:57:53.054Z] > git cat-file -s afd7c38e4aff66d9e12340d9cd46d6e2cb516136 [5ms]
[2022-04-07T13:59:24.839Z] > git ls-files --stage -- /Users/jdej/dev/jdej/WebStorageManager/src/WebStorageManager.test.ts [5ms]
[2022-04-07T13:59:24.845Z] > git cat-file -s 2df34b7ed10954b997a3e179736cb0e2bdc906d9 [5ms]
[2022-04-07T13:59:27.625Z] > git ls-files --stage -- /Users/jdej/dev/jdej/WebStorageManager/src/WebStorageManager.ts [5ms]
[2022-04-07T13:59:27.631Z] > git cat-file -s afd7c38e4aff66d9e12340d9cd46d6e2cb516136 [5ms]
[2022-04-07T13:59:56.766Z] > git ls-files --stage -- /Users/jdej/dev/jdej/WebStorageManager/src/WebStorageManager.test.ts [5ms]
[2022-04-07T13:59:56.773Z] > git cat-file -s 2df34b7ed10954b997a3e179736cb0e2bdc906d9 [5ms]
[2022-04-07T14:00:00.252Z] > git ls-files --stage -- /Users/jdej/dev/jdej/WebStorageManager/src/WebStorageManager.ts [4ms]
[2022-04-07T14:00:00.259Z] > git cat-file -s afd7c38e4aff66d9e12340d9cd46d6e2cb516136 [5ms]
[2022-04-07T14:04:40.151Z] > git ls-files --stage -- /Users/jdej/dev/jdej/WebStorageManager/src/WebStorageManager.ts [4ms]
[2022-04-07T14:04:40.159Z] > git cat-file -s afd7c38e4aff66d9e12340d9cd46d6e2cb516136 [6ms]
[2022-04-07T14:05:01.362Z] > git ls-files --stage -- /Users/jdej/dev/jdej/WebStorageManager/src/WebStorageManager.ts [5ms]
[2022-04-07T14:05:01.368Z] > git cat-file -s afd7c38e4aff66d9e12340d9cd46d6e2cb516136 [5ms]
[2022-04-07T14:06:34.207Z] > git ls-files --stage -- /Users/jdej/dev/jdej/WebStorageManager/src/WebStorageManager.ts [17ms]
[2022-04-07T14:06:34.215Z] > git cat-file -s afd7c38e4aff66d9e12340d9cd46d6e2cb516136 [5ms]
[2022-04-07T14:08:32.045Z] > git ls-files --stage -- /Users/jdej/dev/jdej/WebStorageManager/src/WebStorageManager.ts [4ms]
[2022-04-07T14:08:32.052Z] > git cat-file -s afd7c38e4aff66d9e12340d9cd46d6e2cb516136 [4ms]
[2022-04-07T14:12:14.212Z] > git ls-files --stage -- /Users/jdej/dev/jdej/WebStorageManager/src/WebStorageManager.ts [4ms]
[2022-04-07T14:12:14.219Z] > git cat-file -s afd7c38e4aff66d9e12340d9cd46d6e2cb516136 [5ms]
[2022-04-07T14:19:30.358Z] > git ls-files --stage -- /Users/jdej/dev/jdej/WebStorageManager/src/WebStorageManager.ts [5ms]
[2022-04-07T14:19:30.364Z] > git cat-file -s afd7c38e4aff66d9e12340d9cd46d6e2cb516136 [4ms]
[2022-04-07T14:20:03.638Z] > git ls-files --stage -- /Users/jdej/dev/jdej/WebStorageManager/src/WebStorageManager.ts [4ms]
[2022-04-07T14:20:03.644Z] > git cat-file -s afd7c38e4aff66d9e12340d9cd46d6e2cb516136 [4ms]
[2022-04-07T14:20:26.762Z] > git ls-files --stage -- /Users/jdej/dev/jdej/WebStorageManager/src/WebStorageManager.ts [5ms]
[2022-04-07T14:20:26.769Z] > git cat-file -s afd7c38e4aff66d9e12340d9cd46d6e2cb516136 [5ms]
[2022-04-07T14:21:19.396Z] > git ls-files --stage -- /Users/jdej/dev/jdej/WebStorageManager/src/WebStorageManager.ts [5ms]
[2022-04-07T14:21:19.402Z] > git cat-file -s afd7c38e4aff66d9e12340d9cd46d6e2cb516136 [5ms]
[2022-04-07T14:27:24.175Z] > git log --format=%H%n%aN%n%aE%n%at%n%ct%n%P%n%B -z -n21 -- /Users/jdej/dev/jdej/WebStorageManager/README.md [7ms]
[2022-04-07T14:27:54.020Z] > git ls-files --stage -- /Users/jdej/dev/jdej/WebStorageManager/CONTRIBUTING [4ms]
[2022-04-07T14:28:01.021Z] > git ls-files --stage -- /Users/jdej/dev/jdej/WebStorageManager/README.md [5ms]
[2022-04-07T14:28:01.027Z] > git cat-file -s a151b973fd9098f8ef5849199e25637048cc4c8f [5ms]
[2022-04-07T14:28:53.516Z] > git ls-files --stage -- /Users/jdej/dev/jdej/WebStorageManager/CONTRIBUTING [4ms]
[2022-04-07T14:28:57.669Z] > git ls-files --stage -- /Users/jdej/dev/jdej/WebStorageManager/README.md [5ms]
[2022-04-07T14:28:57.675Z] > git cat-file -s a151b973fd9098f8ef5849199e25637048cc4c8f [4ms]
[2022-04-07T14:29:23.680Z] > git ls-files --stage -- /Users/jdej/dev/jdej/WebStorageManager/LICENSE [4ms]
[2022-04-07T14:29:26.899Z] > git ls-files --stage -- /Users/jdej/dev/jdej/WebStorageManager/README.md [5ms]
[2022-04-07T14:29:26.904Z] > git cat-file -s a151b973fd9098f8ef5849199e25637048cc4c8f [4ms]
[2022-04-07T14:32:53.376Z] > git ls-files --stage -- /Users/jdej/dev/jdej/WebStorageManager/src/Types.ts [5ms]
[2022-04-07T14:32:53.382Z] > git cat-file -s ce9b806f035fa27652824ac597e34a01393443a1 [5ms]
[2022-04-07T14:33:19.425Z] > git ls-files --stage -- /Users/jdej/dev/jdej/WebStorageManager/.travis.yml [4ms]
[2022-04-07T14:33:19.431Z] > git cat-file -s 4326a19b4b81135b4f2387c0c01061fdd947dbec [4ms]
[2022-04-07T14:33:20.185Z] > git ls-files --stage -- /Users/jdej/dev/jdej/WebStorageManager/README.md [4ms]
[2022-04-07T14:33:20.191Z] > git cat-file -s a151b973fd9098f8ef5849199e25637048cc4c8f [4ms]
[2022-04-07T14:38:52.110Z] > git ls-files --stage -- /Users/jdej/dev/jdej/WebStorageManager/src/WebStorageManager.ts [5ms]
[2022-04-07T14:38:52.117Z] > git cat-file -s afd7c38e4aff66d9e12340d9cd46d6e2cb516136 [5ms]
[2022-04-07T14:38:54.267Z] > git ls-files --stage -- /Users/jdej/dev/jdej/WebStorageManager/src/Types.ts [5ms]
[2022-04-07T14:38:54.272Z] > git cat-file -s ce9b806f035fa27652824ac597e34a01393443a1 [4ms]
[2022-04-07T14:38:56.068Z] > git ls-files --stage -- /Users/jdej/dev/jdej/WebStorageManager/src/WebStorageManager.ts [4ms]
[2022-04-07T14:38:56.075Z] > git cat-file -s afd7c38e4aff66d9e12340d9cd46d6e2cb516136 [5ms]
[2022-04-07T14:39:05.904Z] > git ls-files --stage -- /Users/jdej/dev/jdej/WebStorageManager/src/Types.ts [5ms]
[2022-04-07T14:39:05.910Z] > git cat-file -s ce9b806f035fa27652824ac597e34a01393443a1 [5ms]
[2022-04-07T14:43:13.580Z] > git ls-files --stage -- /Users/jdej/dev/jdej/WebStorageManager/src/Types.ts [5ms]
[2022-04-07T14:43:13.587Z] > git cat-file -s ce9b806f035fa27652824ac597e34a01393443a1 [5ms]
[2022-04-07T14:43:28.461Z] > git ls-files --stage -- /Users/jdej/dev/jdej/WebStorageManager/src/Types.ts [5ms]
[2022-04-07T14:43:28.468Z] > git cat-file -s ce9b806f035fa27652824ac597e34a01393443a1 [3ms]
[2022-04-07T14:51:35.248Z] > git ls-files --stage -- /Users/jdej/dev/jdej/WebStorageManager/src/WebStorageManager.ts [5ms]
[2022-04-07T14:51:35.255Z] > git cat-file -s afd7c38e4aff66d9e12340d9cd46d6e2cb516136 [5ms]
[2022-04-10T07:31:59.830Z] > git ls-files --stage -- /Users/jdej/dev/jdej/WebStorageManager/src/WebStorageManager.ts [6ms]
[2022-04-10T07:31:59.839Z] > git cat-file -s afd7c38e4aff66d9e12340d9cd46d6e2cb516136 [4ms]
[2022-04-10T07:41:09.717Z] > git ls-files --stage -- /Users/jdej/dev/jdej/WebStorageManager/src/Types.ts [4ms]
[2022-04-10T07:41:09.725Z] > git cat-file -s ce9b806f035fa27652824ac597e34a01393443a1 [7ms]
[2022-04-10T07:41:24.206Z] > git ls-files --stage -- /Users/jdej/dev/jdej/WebStorageManager/src/WebStorageManager.ts [4ms]
[2022-04-10T07:41:24.213Z] > git cat-file -s afd7c38e4aff66d9e12340d9cd46d6e2cb516136 [5ms]
[2022-04-10T07:46:49.693Z] > git ls-files --stage -- /Users/jdej/dev/jdej/WebStorageManager/src/Types.ts [6ms]
[2022-04-10T07:46:49.700Z] > git cat-file -s ce9b806f035fa27652824ac597e34a01393443a1 [5ms]
[2022-04-10T07:46:50.772Z] > git ls-files --stage -- /Users/jdej/dev/jdej/WebStorageManager/src/WebStorageManager.ts [4ms]
[2022-04-10T07:46:50.779Z] > git cat-file -s afd7c38e4aff66d9e12340d9cd46d6e2cb516136 [5ms]
[2022-04-10T07:50:16.065Z] > git ls-files --stage -- /Users/jdej/dev/jdej/WebStorageManager/src/Types.ts [5ms]
[2022-04-10T07:50:16.072Z] > git cat-file -s ce9b806f035fa27652824ac597e34a01393443a1 [5ms]
[2022-04-10T07:50:20.168Z] > git ls-files --stage -- /Users/jdej/dev/jdej/WebStorageManager/src/Types.ts [4ms]
[2022-04-10T07:50:20.174Z] > git cat-file -s ce9b806f035fa27652824ac597e34a01393443a1 [4ms]
[2022-04-10T07:51:54.872Z] > git ls-files --stage -- /Users/jdej/dev/jdej/WebStorageManager/src/WebStorageManager.ts [4ms]
[2022-04-10T07:51:54.878Z] > git cat-file -s afd7c38e4aff66d9e12340d9cd46d6e2cb516136 [4ms]
[2022-04-10T07:59:17.029Z] > git ls-files --stage -- /Users/jdej/dev/jdej/WebStorageManager/src/Types.ts [4ms]
[2022-04-10T07:59:17.036Z] > git cat-file -s ce9b806f035fa27652824ac597e34a01393443a1 [5ms]
[2022-04-10T07:59:23.615Z] > git ls-files --stage -- /Users/jdej/dev/jdej/WebStorageManager/src/WebStorageManager.ts [5ms]
[2022-04-10T07:59:23.621Z] > git cat-file -s afd7c38e4aff66d9e12340d9cd46d6e2cb516136 [4ms]
[2022-04-10T07:59:57.350Z] > git ls-files --stage -- /Users/jdej/dev/jdej/WebStorageManager/src/Types.ts [5ms]
[2022-04-10T07:59:57.357Z] > git cat-file -s ce9b806f035fa27652824ac597e34a01393443a1 [5ms]
[2022-04-10T08:00:13.055Z] > git ls-files --stage -- /Users/jdej/dev/jdej/WebStorageManager/src/WebStorageManager.ts [5ms]
[2022-04-10T08:00:13.062Z] > git cat-file -s afd7c38e4aff66d9e12340d9cd46d6e2cb516136 [6ms]
[2022-04-10T08:00:26.483Z] > git ls-files --stage -- /Users/jdej/dev/jdej/WebStorageManager/src/Types.ts [4ms]
[2022-04-10T08:00:26.489Z] > git cat-file -s ce9b806f035fa27652824ac597e34a01393443a1 [4ms]
[2022-04-10T08:00:30.474Z] > git ls-files --stage -- /Users/jdej/dev/jdej/WebStorageManager/src/WebStorageManager.ts [5ms]
[2022-04-10T08:00:30.480Z] > git cat-file -s afd7c38e4aff66d9e12340d9cd46d6e2cb516136 [4ms]
[2022-04-10T08:10:58.699Z] > git ls-files --stage -- /Users/jdej/dev/jdej/WebStorageManager/src/WebStorageManager.ts [5ms]
[2022-04-10T08:10:58.707Z] > git cat-file -s afd7c38e4aff66d9e12340d9cd46d6e2cb516136 [5ms]
[2022-04-10T08:14:25.568Z] > git ls-files --stage -- /Users/jdej/dev/jdej/WebStorageManager/src/Types.ts [5ms]
[2022-04-10T08:14:25.574Z] > git cat-file -s ce9b806f035fa27652824ac597e34a01393443a1 [5ms]
[2022-04-10T08:17:50.831Z] > git ls-files --stage -- /Users/jdej/dev/jdej/WebStorageManager/src/WebStorageManager.ts [5ms]
[2022-04-10T08:17:50.837Z] > git cat-file -s afd7c38e4aff66d9e12340d9cd46d6e2cb516136 [5ms]
[2022-04-10T08:23:00.030Z] > git ls-files --stage -- /Users/jdej/dev/jdej/WebStorageManager/CONTRIBUTING [5ms]
[2022-04-10T08:23:11.766Z] > git symbolic-ref --short HEAD [5ms]
[2022-04-10T08:23:11.775Z] > git for-each-ref --format=%(refname)%00%(upstream:short)%00%(objectname)%00%(upstream:track) refs/heads/devel refs/remotes/devel [7ms]
[2022-04-10T08:23:11.784Z] > git for-each-ref --sort -committerdate --format %(refname) %(objectname) %(*objectname) [6ms]
[2022-04-10T08:23:11.785Z] > git remote --verbose [5ms]
[2022-04-10T08:23:11.798Z] > git config --get commit.template [4ms]
[2022-04-10T08:23:34.345Z] > git symbolic-ref --short HEAD [5ms]
[2022-04-10T08:23:34.353Z] > git for-each-ref --format=%(refname)%00%(upstream:short)%00%(objectname)%00%(upstream:track) refs/heads/devel refs/remotes/devel [6ms]
[2022-04-10T08:23:34.360Z] > git remote --verbose [4ms]
[2022-04-10T08:23:34.361Z] > git for-each-ref --sort -committerdate --format %(refname) %(objectname) %(*objectname) [6ms]
[2022-04-10T08:23:34.367Z] > git config --get commit.template [4ms]
[2022-04-10T08:23:58.142Z] > git add -A -- . [15ms]
[2022-04-10T08:23:58.162Z] > git -c user.useConfigOnly=true commit --quiet --allow-empty-message --file - [19ms]
[2022-04-10T08:23:58.176Z] > git symbolic-ref --short HEAD [5ms]
[2022-04-10T08:23:58.183Z] > git for-each-ref --format=%(refname)%00%(upstream:short)%00%(objectname)%00%(upstream:track) refs/heads/devel refs/remotes/devel [6ms]
[2022-04-10T08:23:58.190Z] > git remote --verbose [5ms]
[2022-04-10T08:23:58.190Z] > git for-each-ref --sort -committerdate --format %(refname) %(objectname) %(*objectname) [6ms]
[2022-04-10T08:23:58.197Z] > git config --get commit.template [4ms]
[2022-04-10T08:23:58.203Z] > git config --get commit.template [4ms]
[2022-04-10T08:23:59.268Z] > git symbolic-ref --short HEAD [4ms]
[2022-04-10T08:23:59.273Z] > git for-each-ref --format=%(refname)%00%(upstream:short)%00%(objectname)%00%(upstream:track) refs/heads/devel refs/remotes/devel [4ms]
[2022-04-10T08:23:59.280Z] > git for-each-ref --sort -committerdate --format %(refname) %(objectname) %(*objectname) [5ms]
[2022-04-10T08:23:59.280Z] > git remote --verbose [4ms]
[2022-04-10T08:23:59.285Z] > git config --get commit.template [3ms]
[2022-04-10T08:23:59.368Z] > git ls-files --stage -- /Users/jdej/dev/jdej/WebStorageManager/CONTRIBUTING [4ms]
[2022-04-10T08:23:59.373Z] > git cat-file -s 16d3c5bea6d3d7b3f5c73610ad385e01819ecfa7 [3ms]
[2022-04-10T08:24:05.996Z] > git symbolic-ref --short HEAD [4ms]
[2022-04-10T08:24:06.003Z] > git for-each-ref --format=%(refname)%00%(upstream:short)%00%(objectname)%00%(upstream:track) refs/heads/devel refs/remotes/devel [5ms]
[2022-04-10T08:24:06.010Z] > git remote --verbose [5ms]
[2022-04-10T08:24:06.010Z] > git for-each-ref --sort -committerdate --format %(refname) %(objectname) %(*objectname) [6ms]
[2022-04-10T08:24:06.016Z] > git config --get commit.template [4ms]
[2022-04-10T08:24:07.099Z] > git ls-files --stage -- /Users/jdej/dev/jdej/WebStorageManager/CONTRIBUTING [4ms]
[2022-04-10T08:24:07.104Z] > git cat-file -s 16d3c5bea6d3d7b3f5c73610ad385e01819ecfa7 [3ms]
[2022-04-10T08:24:10.067Z] > git ls-files --stage -- /Users/jdej/dev/jdej/WebStorageManager/CONTRIBUTING [5ms]
[2022-04-10T08:24:10.072Z] > git cat-file -s 16d3c5bea6d3d7b3f5c73610ad385e01819ecfa7 [3ms]
[2022-04-10T08:24:11.029Z] > git symbolic-ref --short HEAD [4ms]
[2022-04-10T08:24:11.034Z] > git for-each-ref --format=%(refname)%00%(upstream:short)%00%(objectname)%00%(upstream:track) refs/heads/devel refs/remotes/devel [4ms]
[2022-04-10T08:24:11.040Z] > git remote --verbose [4ms]
[2022-04-10T08:24:11.040Z] > git for-each-ref --sort -committerdate --format %(refname) %(objectname) %(*objectname) [5ms]
[2022-04-10T08:24:11.045Z] > git config --get commit.template [3ms]
[2022-04-10T08:24:13.330Z] > git ls-files --stage -- /Users/jdej/dev/jdej/WebStorageManager/CONTRIBUTING [4ms]
[2022-04-10T08:24:16.057Z] > git symbolic-ref --short HEAD [3ms]
[2022-04-10T08:24:16.063Z] > git for-each-ref --format=%(refname)%00%(upstream:short)%00%(objectname)%00%(upstream:track) refs/heads/master refs/remotes/master [4ms]
[2022-04-10T08:24:16.068Z] > git remote --verbose [3ms]
[2022-04-10T08:24:16.068Z] > git for-each-ref --sort -committerdate --format %(refname) %(objectname) %(*objectname) [4ms]
[2022-04-10T08:24:16.074Z] > git config --get commit.template [3ms]
[2022-04-10T08:24:19.283Z] > git ls-files --stage -- /Users/jdej/dev/jdej/WebStorageManager/CONTRIBUTING [4ms]
[2022-04-10T08:24:21.085Z] > git symbolic-ref --short HEAD [3ms]
[2022-04-10T08:24:21.091Z] > git for-each-ref --format=%(refname)%00%(upstream:short)%00%(objectname)%00%(upstream:track) refs/heads/master refs/remotes/master [5ms]
[2022-04-10T08:24:21.096Z] > git remote --verbose [3ms]
[2022-04-10T08:24:21.097Z] > git for-each-ref --sort -committerdate --format %(refname) %(objectname) %(*objectname) [5ms]
[2022-04-10T08:24:21.102Z] > git config --get commit.template [4ms]
[2022-04-10T08:24:31.284Z] > git symbolic-ref --short HEAD [5ms]
[2022-04-10T08:24:31.292Z] > git for-each-ref --format=%(refname)%00%(upstream:short)%00%(objectname)%00%(upstream:track) refs/heads/master refs/remotes/master [6ms]
[2022-04-10T08:24:31.299Z] > git remote --verbose [4ms]
[2022-04-10T08:24:31.300Z] > git for-each-ref --sort -committerdate --format %(refname) %(objectname) %(*objectname) [7ms]
[2022-04-10T08:24:31.306Z] > git config --get commit.template [4ms]
[2022-04-10T08:24:31.395Z] > git ls-files --stage -- /Users/jdej/dev/jdej/WebStorageManager/CONTRIBUTING [18ms]
[2022-04-10T08:24:34.311Z] > git ls-files --stage -- /Users/jdej/dev/jdej/WebStorageManager/CONTRIBUTING [5ms]
[2022-04-10T08:24:36.322Z] > git symbolic-ref --short HEAD [5ms]
[2022-04-10T08:24:36.328Z] > git for-each-ref --format=%(refname)%00%(upstream:short)%00%(objectname)%00%(upstream:track) refs/heads/master refs/remotes/master [5ms]
[2022-04-10T08:24:36.336Z] > git remote --verbose [5ms]
[2022-04-10T08:24:36.336Z] > git for-each-ref --sort -committerdate --format %(refname) %(objectname) %(*objectname) [6ms]
[2022-04-10T08:24:36.342Z] > git config --get commit.template [4ms]
[2022-04-10T08:24:51.988Z] > git ls-tree -l HEAD -- /Users/jdej/dev/jdej/WebStorageManager/.history/CONTRIBUTING_20220407150743 [6ms]
[2022-04-10T08:25:00.853Z] > git clean -f -q -- /Users/jdej/dev/jdej/WebStorageManager/.history/CONTRIBUTING_20220407150743 /Users/jdej/dev/jdej/WebStorageManager/.history/CONTRIBUTING_20220410102310 /Users/jdej/dev/jdej/WebStorageManager/.history/CONTRIBUTING_20220410102333 /Users/jdej/dev/jdej/WebStorageManager/.history/README_20220407150743.md /Users/jdej/dev/jdej/WebStorageManager/.history/README_20220410102310.md [5ms]
[2022-04-10T08:25:00.854Z] > git clean -f -q -- /Users/jdej/dev/jdej/WebStorageManager/.history/src/Types_20201010165849.ts /Users/jdej/dev/jdej/WebStorageManager/.history/src/Types_20220410102310.ts /Users/jdej/dev/jdej/WebStorageManager/.history/src/WebStorageManager_20220406124210.ts /Users/jdej/dev/jdej/WebStorageManager/.history/src/WebStorageManager_20220410102310.ts [5ms]
[2022-04-10T08:25:00.863Z] > git checkout -q [6ms]
[2022-04-10T08:25:00.878Z] > git symbolic-ref --short HEAD [5ms]
[2022-04-10T08:25:00.884Z] > git for-each-ref --format=%(refname)%00%(upstream:short)%00%(objectname)%00%(upstream:track) refs/heads/master refs/remotes/master [5ms]
[2022-04-10T08:25:00.891Z] > git remote --verbose [4ms]
[2022-04-10T08:25:00.891Z] > git for-each-ref --sort -committerdate --format %(refname) %(objectname) %(*objectname) [6ms]
[2022-04-10T08:25:00.897Z] > git config --get commit.template [4ms]
[2022-04-10T08:25:01.959Z] > git symbolic-ref --short HEAD [5ms]
[2022-04-10T08:25:01.966Z] > git for-each-ref --format=%(refname)%00%(upstream:short)%00%(objectname)%00%(upstream:track) refs/heads/master refs/remotes/master [5ms]
[2022-04-10T08:25:01.973Z] > git remote --verbose [4ms]
[2022-04-10T08:25:01.973Z] > git for-each-ref --sort -committerdate --format %(refname) %(objectname) %(*objectname) [6ms]
[2022-04-10T08:25:01.980Z] > git config --get commit.template [4ms]
[2022-04-10T08:25:02.056Z] > git ls-tree -l HEAD -- /Users/jdej/dev/jdej/WebStorageManager/.history/CONTRIBUTING_20220407150743 [5ms]
[2022-04-10T08:25:07.063Z] > git symbolic-ref --short HEAD [5ms]
[2022-04-10T08:25:07.070Z] > git for-each-ref --format=%(refname)%00%(upstream:short)%00%(objectname)%00%(upstream:track) refs/heads/master refs/remotes/master [6ms]
[2022-04-10T08:25:07.077Z] > git remote --verbose [5ms]
[2022-04-10T08:25:07.077Z] > git for-each-ref --sort -committerdate --format %(refname) %(objectname) %(*objectname) [6ms]
[2022-04-10T08:25:07.083Z] > git config --get commit.template [3ms]
[2022-04-10T08:25:07.161Z] > git ls-tree -l HEAD -- /Users/jdej/dev/jdej/WebStorageManager/.history/CONTRIBUTING_20220407150743 [6ms]
[2022-04-10T08:25:12.160Z] > git symbolic-ref --short HEAD [4ms]
[2022-04-10T08:25:12.167Z] > git for-each-ref --format=%(refname)%00%(upstream:short)%00%(objectname)%00%(upstream:track) refs/heads/master refs/remotes/master [5ms]
[2022-04-10T08:25:12.175Z] > git remote --verbose [4ms]
[2022-04-10T08:25:12.176Z] > git for-each-ref --sort -committerdate --format %(refname) %(objectname) %(*objectname) [6ms]
[2022-04-10T08:25:12.182Z] > git config --get commit.template [4ms]
[2022-04-10T08:25:12.255Z] > git ls-tree -l HEAD -- /Users/jdej/dev/jdej/WebStorageManager/.history/CONTRIBUTING_20220407150743 [5ms]
[2022-04-10T08:25:16.712Z] > git ls-tree -l HEAD -- /Users/jdej/dev/jdej/WebStorageManager/.history/CONTRIBUTING_20220407150743 [6ms]
[2022-04-10T08:25:17.203Z] > git symbolic-ref --short HEAD [4ms]
[2022-04-10T08:25:17.210Z] > git for-each-ref --format=%(refname)%00%(upstream:short)%00%(objectname)%00%(upstream:track) refs/heads/master refs/remotes/master [5ms]
[2022-04-10T08:25:17.217Z] > git remote --verbose [4ms]
[2022-04-10T08:25:17.218Z] > git for-each-ref --sort -committerdate --format %(refname) %(objectname) %(*objectname) [6ms]
[2022-04-10T08:25:17.224Z] > git config --get commit.template [4ms]
[2022-04-10T08:25:52.197Z] > git ls-tree -l HEAD -- /Users/jdej/dev/jdej/WebStorageManager/.history/CONTRIBUTING_20220407150743 [8ms]
[2022-04-10T08:25:53.548Z] > git ls-files --stage -- /Users/jdej/dev/jdej/WebStorageManager/README.md [4ms]
[2022-04-10T08:25:53.554Z] > git cat-file -s faec8faf734c9f8ad6eb30cce6d3c5e37cac41f8 [5ms]
[2022-04-10T08:26:16.827Z] > git rev-list --count 48d3b8c980c97f8a567d483051d55f8c709264d0.. -- /Users/jdej/dev/jdej/WebStorageManager/README.md [7ms]
[2022-04-10T08:26:16.836Z] > git log --format=%H%n%aN%n%aE%n%at%n%ct%n%P%n%B -z -n3 -- /Users/jdej/dev/jdej/WebStorageManager/README.md [7ms]
[2022-04-10T08:38:08.850Z] > git symbolic-ref --short HEAD [5ms]
[2022-04-10T08:38:08.858Z] > git for-each-ref --format=%(refname)%00%(upstream:short)%00%(objectname)%00%(upstream:track) refs/heads/master refs/remotes/master [6ms]
[2022-04-10T08:38:08.866Z] > git remote --verbose [5ms]
[2022-04-10T08:38:08.867Z] > git for-each-ref --sort -committerdate --format %(refname) %(objectname) %(*objectname) [7ms]
[2022-04-10T08:38:08.874Z] > git config --get commit.template [4ms]
[2022-04-10T08:38:39.696Z] > git add -A -- . [12ms]
[2022-04-10T08:38:39.719Z] > git -c user.useConfigOnly=true commit --quiet --allow-empty-message --file - [21ms]
[2022-04-10T08:38:39.733Z] > git symbolic-ref --short HEAD [4ms]
[2022-04-10T08:38:39.741Z] > git for-each-ref --format=%(refname)%00%(upstream:short)%00%(objectname)%00%(upstream:track) refs/heads/master refs/remotes/master [6ms]
[2022-04-10T08:38:39.749Z] > git remote --verbose [5ms]
[2022-04-10T08:38:39.749Z] > git for-each-ref --sort -committerdate --format %(refname) %(objectname) %(*objectname) [6ms]
[2022-04-10T08:38:39.756Z] > git config --get commit.template [4ms]
[2022-04-10T08:38:39.761Z] > git config --get commit.template [3ms]
[2022-04-10T08:38:40.793Z] > git symbolic-ref --short HEAD [5ms]
[2022-04-10T08:38:40.800Z] > git for-each-ref --format=%(refname)%00%(upstream:short)%00%(objectname)%00%(upstream:track) refs/heads/master refs/remotes/master [5ms]
[2022-04-10T08:38:40.808Z] > git remote --verbose [5ms]
[2022-04-10T08:38:40.808Z] > git for-each-ref --sort -committerdate --format %(refname) %(objectname) %(*objectname) [6ms]
[2022-04-10T08:38:40.815Z] > git config --get commit.template [5ms]
[2022-04-10T08:38:40.893Z] > git ls-files --stage -- /Users/jdej/dev/jdej/WebStorageManager/README.md [6ms]
[2022-04-10T08:38:40.901Z] > git cat-file -s 703a7d83995bd1ee131d88bbeb85c1df7cce60f4 [6ms]
[2022-04-10T08:38:47.972Z] > git symbolic-ref --short HEAD [4ms]
[2022-04-10T08:38:47.979Z] > git for-each-ref --format=%(refname)%00%(upstream:short)%00%(objectname)%00%(upstream:track) refs/heads/master refs/remotes/master [5ms]
[2022-04-10T08:38:47.987Z] > git remote --verbose [5ms]
[2022-04-10T08:38:47.988Z] > git for-each-ref --sort -committerdate --format %(refname) %(objectname) %(*objectname) [7ms]
[2022-04-10T08:38:47.994Z] > git config --get commit.template [4ms]
[2022-04-10T08:38:48.067Z] > git ls-files --stage -- /Users/jdej/dev/jdej/WebStorageManager/README.md [5ms]
[2022-04-10T08:38:48.073Z] > git cat-file -s 703a7d83995bd1ee131d88bbeb85c1df7cce60f4 [4ms]
[2022-04-10T08:51:11.431Z] > git ls-files --stage -- /Users/jdej/dev/jdej/WebStorageManager/CONTRIBUTING [5ms]
[2022-04-10T08:51:11.439Z] > git cat-file -s 16d3c5bea6d3d7b3f5c73610ad385e01819ecfa7 [6ms]
[2022-04-10T08:51:36.229Z] > git ls-files --stage -- /Users/jdej/dev/jdej/WebStorageManager/README.md [4ms]
[2022-04-10T08:51:36.235Z] > git cat-file -s 703a7d83995bd1ee131d88bbeb85c1df7cce60f4 [5ms]
[2022-04-10T08:51:40.385Z] > git symbolic-ref --short HEAD [5ms]
[2022-04-10T08:51:40.394Z] > git for-each-ref --format=%(refname)%00%(upstream:short)%00%(objectname)%00%(upstream:track) refs/heads/master refs/remotes/master [7ms]
[2022-04-10T08:51:40.401Z] > git remote --verbose [4ms]
[2022-04-10T08:51:40.402Z] > git for-each-ref --sort -committerdate --format %(refname) %(objectname) %(*objectname) [7ms]
[2022-04-10T08:51:40.408Z] > git config --get commit.template [3ms]
[2022-04-10T08:51:58.318Z] > git add -A -- . [10ms]
[2022-04-10T08:51:58.337Z] > git -c user.useConfigOnly=true commit --quiet --allow-empty-message --file - [17ms]
[2022-04-10T08:51:58.351Z] > git symbolic-ref --short HEAD [5ms]
[2022-04-10T08:51:58.358Z] > git for-each-ref --format=%(refname)%00%(upstream:short)%00%(objectname)%00%(upstream:track) refs/heads/master refs/remotes/master [6ms]
[2022-04-10T08:51:58.365Z] > git remote --verbose [4ms]
[2022-04-10T08:51:58.366Z] > git for-each-ref --sort -committerdate --format %(refname) %(objectname) %(*objectname) [6ms]
[2022-04-10T08:51:58.372Z] > git config --get commit.template [4ms]
[2022-04-10T08:51:58.378Z] > git config --get commit.template [4ms]
[2022-04-10T08:51:59.421Z] > git symbolic-ref --short HEAD [5ms]
[2022-04-10T08:51:59.429Z] > git for-each-ref --format=%(refname)%00%(upstream:short)%00%(objectname)%00%(upstream:track) refs/heads/master refs/remotes/master [6ms]
[2022-04-10T08:51:59.437Z] > git remote --verbose [5ms]
[2022-04-10T08:51:59.437Z] > git for-each-ref --sort -committerdate --format %(refname) %(objectname) %(*objectname) [7ms]
[2022-04-10T08:51:59.443Z] > git config --get commit.template [4ms]
[2022-04-10T08:51:59.522Z] > git ls-files --stage -- /Users/jdej/dev/jdej/WebStorageManager/README.md [5ms]
[2022-04-10T08:51:59.528Z] > git cat-file -s 3225c59bc56f5832eaa4159a46e80ab94a4647af [4ms]
[2022-04-10T08:52:05.763Z] > git symbolic-ref --short HEAD [4ms]
[2022-04-10T08:52:05.770Z] > git for-each-ref --format=%(refname)%00%(upstream:short)%00%(objectname)%00%(upstream:track) refs/heads/master refs/remotes/master [5ms]
[2022-04-10T08:52:05.778Z] > git remote --verbose [5ms]
[2022-04-10T08:52:05.778Z] > git for-each-ref --sort -committerdate --format %(refname) %(objectname) %(*objectname) [6ms]
[2022-04-10T08:52:05.784Z] > git config --get commit.template [4ms]
[2022-04-10T08:52:05.868Z] > git ls-files --stage -- /Users/jdej/dev/jdej/WebStorageManager/README.md [5ms]
[2022-04-10T08:52:05.875Z] > git cat-file -s 3225c59bc56f5832eaa4159a46e80ab94a4647af [6ms]
[2022-04-10T08:52:43.723Z] > git symbolic-ref --short HEAD [5ms]
[2022-04-10T08:52:43.730Z] > git for-each-ref --format=%(refname)%00%(upstream:short)%00%(objectname)%00%(upstream:track) refs/heads/master refs/remotes/master [5ms]
[2022-04-10T08:52:43.737Z] > git remote --verbose [4ms]
[2022-04-10T08:52:43.738Z] > git for-each-ref --sort -committerdate --format %(refname) %(objectname) %(*objectname) [7ms]
[2022-04-10T08:52:43.744Z] > git config --get commit.template [4ms]
[2022-04-10T08:52:49.371Z] > git ls-files --stage -- /Users/jdej/dev/jdej/WebStorageManager/package.json [10ms]
[2022-04-10T08:52:49.377Z] > git cat-file -s a4db1218dbeb0aebee49a0ea3c9684d23fc7b884 [4ms]
[2022-04-10T08:52:50.939Z] > git ls-files --stage -- /Users/jdej/dev/jdej/WebStorageManager/src/WebStorageManager.ts [6ms]
[2022-04-10T08:52:50.946Z] > git cat-file -s c48c8be0f6180a414f78d902f82196569793737f [5ms]
[2022-04-10T09:22:32.759Z] > git ls-files --stage -- /Users/jdej/dev/jdej/WebStorageManager/tsconfig.json [7ms]
[2022-04-10T09:22:32.766Z] > git cat-file -s f2618835a0d9f79d168fb460f12e850a382e6479 [6ms]
[2022-04-10T09:28:12.460Z] > git ls-files --stage -- /Users/jdej/dev/jdej/WebStorageManager/package.json [4ms]
[2022-04-10T09:28:12.467Z] > git cat-file -s a4db1218dbeb0aebee49a0ea3c9684d23fc7b884 [5ms]
[2022-04-10T09:29:12.941Z] > git symbolic-ref --short HEAD [5ms]
[2022-04-10T09:29:12.949Z] > git for-each-ref --format=%(refname)%00%(upstream:short)%00%(objectname)%00%(upstream:track) refs/heads/master refs/remotes/master [6ms]
[2022-04-10T09:29:12.956Z] > git remote --verbose [4ms]
[2022-04-10T09:29:12.958Z] > git for-each-ref --sort -committerdate --format %(refname) %(objectname) %(*objectname) [7ms]
[2022-04-10T09:29:12.964Z] > git config --get commit.template [4ms]
[2022-04-10T09:31:11.096Z] > git ls-files --stage -- /Users/jdej/dev/jdej/WebStorageManager/tsconfig.json [5ms]
[2022-04-10T09:31:11.103Z] > git cat-file -s f2618835a0d9f79d168fb460f12e850a382e6479 [5ms]
[2022-04-10T09:32:32.669Z] > git ls-files --stage -- /Users/jdej/dev/jdej/WebStorageManager/package.json [5ms]
[2022-04-10T09:32:32.676Z] > git cat-file -s a4db1218dbeb0aebee49a0ea3c9684d23fc7b884 [5ms]
[2022-04-10T09:32:33.802Z] > git log --format=%H%n%aN%n%aE%n%at%n%ct%n%P%n%B -z -n21 -- /Users/jdej/dev/jdej/WebStorageManager/package.json [8ms]
[2022-04-10T09:32:33.823Z] > git log --format=%H%n%aN%n%aE%n%at%n%ct%n%P%n%B -z -n41 -- /Users/jdej/dev/jdej/WebStorageManager/package.json [8ms]
[2022-04-10T09:32:33.948Z] > git ls-files --stage -- /Users/jdej/dev/jdej/WebStorageManager/tsconfig.json [5ms]
[2022-04-10T09:32:33.954Z] > git cat-file -s f2618835a0d9f79d168fb460f12e850a382e6479 [5ms]
[2022-04-10T09:37:17.072Z] > git ls-files --stage -- /Users/jdej/dev/jdej/WebStorageManager/tsconfig.json [19ms]
[2022-04-10T09:37:17.080Z] > git cat-file -s f2618835a0d9f79d168fb460f12e850a382e6479 [6ms]
[2022-04-10T09:39:38.207Z] > git ls-files --stage -- /Users/jdej/dev/jdej/WebStorageManager/src/index.ts [6ms]
[2022-04-10T09:39:38.213Z] > git cat-file -s 801ca2350be6d05984bd56ce43b37012e7c37d97 [5ms]
[2022-04-10T09:39:49.143Z] > git ls-files --stage -- /Users/jdej/dev/jdej/WebStorageManager/src/windowStorage.ts [8ms]
[2022-04-10T09:39:55.731Z] > git ls-files --stage -- /Users/jdej/dev/jdej/WebStorageManager/src/index.ts [5ms]
[2022-04-10T09:39:55.737Z] > git cat-file -s 801ca2350be6d05984bd56ce43b37012e7c37d97 [4ms]
[2022-04-10T09:40:53.420Z] > git ls-files --stage -- /Users/jdej/dev/jdej/WebStorageManager/package.json [4ms]
[2022-04-10T09:40:53.426Z] > git cat-file -s a4db1218dbeb0aebee49a0ea3c9684d23fc7b884 [4ms]
[2022-04-10T09:41:26.349Z] > git symbolic-ref --short HEAD [5ms]
[2022-04-10T09:41:26.358Z] > git for-each-ref --format=%(refname)%00%(upstream:short)%00%(objectname)%00%(upstream:track) refs/heads/master refs/remotes/master [7ms]
[2022-04-10T09:41:26.366Z] > git remote --verbose [5ms]
[2022-04-10T09:41:26.367Z] > git for-each-ref --sort -committerdate --format %(refname) %(objectname) %(*objectname) [7ms]
[2022-04-10T09:41:26.375Z] > git config --get commit.template [5ms]
[2022-04-10T09:41:31.396Z] > git symbolic-ref --short HEAD [5ms]
[2022-04-10T09:41:31.403Z] > git for-each-ref --format=%(refname)%00%(upstream:short)%00%(objectname)%00%(upstream:track) refs/heads/master refs/remotes/master [5ms]
[2022-04-10T09:41:31.411Z] > git remote --verbose [5ms]
[2022-04-10T09:41:31.412Z] > git for-each-ref --sort -committerdate --format %(refname) %(objectname) %(*objectname) [6ms]
[2022-04-10T09:41:31.419Z] > git config --get commit.template [4ms]
[2022-04-10T09:41:35.691Z] > git ls-files --stage -- /Users/jdej/dev/jdej/WebStorageManager/dist/index.d.ts [4ms]
[2022-04-10T09:41:39.130Z] > git ls-files --stage -- /Users/jdej/dev/jdej/WebStorageManager/dist/Types.d.ts [5ms]
[2022-04-10T09:41:47.369Z] > git ls-files --stage -- /Users/jdej/dev/jdej/WebStorageManager/dist/index.js [5ms]
[2022-04-11T14:04:42.388Z] > git ls-files --stage -- /Users/jdej/dev/jdej/WebStorageManager/package.json [9ms]
[2022-04-11T14:04:42.411Z] > git cat-file -s a4db1218dbeb0aebee49a0ea3c9684d23fc7b884 [11ms]
