[Info  - 10:04:31.595] Reading sessions from keychain...
[Info  - 10:04:31.615] Getting sessions for user:email...
[Info  - 10:04:31.615] Getting sessions for all scopes...
[Trace  - 10:04:31.778] Token acquired from secret storage.
[Info  - 10:04:31.778] Got stored sessions!
[Trace  - 10:04:31.778] Read the following session from the keychain with the following scopes: repo
[Trace  - 10:04:31.778] Read the following session from the keychain with the following scopes: read:user repo user:email write:discussion
[Trace  - 10:04:31.778] Read the following session from the keychain with the following scopes: repo workflow
[Info  - 10:04:31.778] Got 3 verified sessions.
[Info  - 10:04:31.778] Got 0 sessions for user:email...
[Info  - 10:04:31.778] Got 3 sessions for ...
[Info  - 10:04:32.876] Getting sessions for read:user,user:email...
[Info  - 10:04:32.877] Got 0 sessions for read:user,user:email...
[Info  - 10:04:34.390] Getting sessions for all scopes...
[Info  - 10:04:34.391] Got 3 sessions for ...
[Info  - 10:04:34.455] Getting sessions for read:user,repo,user:email...
[Info  - 10:04:34.455] Got 0 sessions for read:user,repo,user:email...
[Info  - 12:12:54.867] Getting sessions for read:user,repo,user:email...
[Info  - 12:12:54.870] Got 0 sessions for read:user,repo,user:email...
[Info  - 08:25:53.620] Getting sessions for read:user,repo,user:email...
[Info  - 08:25:53.622] Got 0 sessions for read:user,repo,user:email...
[Info  - 08:48:17.755] Getting sessions for read:user,repo,user:email...
[Info  - 08:48:17.755] Got 0 sessions for read:user,repo,user:email...
[Info  - 08:52:15.120] Getting sessions for read:user,repo,user:email...
[Info  - 08:52:15.121] Got 0 sessions for read:user,repo,user:email...
