git rev-list --full-history --count UI-3133-mobile-admin-top-bar-with-multiple-account-s- -- src/components/Sidebar/helpers/getSidebarSectionsTree.js  (completed in 0.842s)
git shortlog -e -s -n HEAD  (completed in 0.846s)
git log --full-history --pretty=oneline --date-order --decorate=full --skip=0 --max-count=100 UI-3133-mobile-admin-top-bar-with-multiple-account-s- --follow -- src/components/Sidebar/helpers/getSidebarSectionsTree.js  (completed in 0.998s)
git show --pretty=oneline --decorate=full --numstat c8d173576af36fd19736afc6e49d7a481108cdac  (completed in 0.066s)
git -c core.quotePath=false show --name-status --pretty=oneline -M --first-parent c8d173576af36fd19736afc6e49d7a481108cdac  (completed in 0.028s)
git show --pretty=oneline --decorate=full --numstat c8d173576af36fd19736afc6e49d7a481108cdac  (completed in 0.058s)
git -c core.quotePath=false show --name-status --pretty=oneline -M --first-parent c8d173576af36fd19736afc6e49d7a481108cdac  (completed in 0.031s)
git show --pretty=oneline --decorate=full --numstat c8d173576af36fd19736afc6e49d7a481108cdac  (completed in 0.058s)
git -c core.quotePath=false show --name-status --pretty=oneline -M --first-parent c8d173576af36fd19736afc6e49d7a481108cdac  (completed in 0.029s)
git rev-list --full-history --count UI-3133-mobile-admin-top-bar-with-multiple-account-s- -- src/components/Sidebar/helpers/getSidebarSectionsTree.js  (completed in 1.036s)
git log --full-history --pretty=oneline --date-order --decorate=full --skip=0 --max-count=100 UI-3133-mobile-admin-top-bar-with-multiple-account-s- --follow -- src/components/Sidebar/helpers/getSidebarSectionsTree.js  (completed in 1.124s)
git show --pretty=oneline --decorate=full --numstat e389ff9bc3034bf4fec48782d9fccc9919e9c498  (completed in 0.107s)
git -c core.quotePath=false show --name-status --pretty=oneline -M --first-parent e389ff9bc3034bf4fec48782d9fccc9919e9c498  (completed in 0.047s)
git show --pretty=oneline --decorate=full --numstat bb4a5a5c27b34b5c13dc7e15621ca516768370c3  (completed in 0.043s)
git -c core.quotePath=false show --name-status --pretty=oneline -M --first-parent bb4a5a5c27b34b5c13dc7e15621ca516768370c3  (completed in 0.016s)
git rev-list --full-history --count UI-3133-mobile-admin-top-bar-with-multiple-account-s- -- src/pages/Profile/index.js  (completed in 0.895s)
git shortlog -e -s -n HEAD  (completed in 0.892s)
git log --full-history --pretty=oneline --date-order --decorate=full --skip=0 --max-count=100 UI-3133-mobile-admin-top-bar-with-multiple-account-s- --follow -- src/pages/Profile/index.js  (completed in 1.083s)
git show --pretty=oneline --decorate=full --numstat c4a77ba7260ba1a8afd473c54081c80b6b58eaa3  (completed in 0.03s)
git -c core.quotePath=false show --name-status --pretty=oneline -M --first-parent c4a77ba7260ba1a8afd473c54081c80b6b58eaa3  (completed in 0.016s)
git show --pretty=oneline --decorate=full --numstat 869d7515bf529c4deba003cabe66816cac055f0f  (completed in 0.031s)
git -c core.quotePath=false show --name-status --pretty=oneline -M --first-parent 869d7515bf529c4deba003cabe66816cac055f0f  (completed in 0.017s)
git show --pretty=oneline --decorate=full --numstat c4a77ba7260ba1a8afd473c54081c80b6b58eaa3  (completed in 0.029s)
git -c core.quotePath=false show --name-status --pretty=oneline -M --first-parent c4a77ba7260ba1a8afd473c54081c80b6b58eaa3  (completed in 0.016s)
