[2022-03-30 14:55:57.231] [renderer1] [error] [Extension Host] (node:81640) [DEP0005] DeprecationWarning: Buffer() is deprecated due to security and usability issues. Please use the Buffer.alloc(), Buffer.allocUnsafe(), or Buffer.from() methods instead.
(Use `Electron --trace-deprecation ...` to show where the warning was created)
[2022-03-30 14:56:16.211] [renderer1] [error] Cannot read property 'trim' of undefined: TypeError: Cannot read property 'trim' of undefined
    at GitService.<anonymous> (/Users/jdej/dev/jdej/vscode-profiles/jdej/exts/huizhou.githd-2.2.4/out/src/gitService.js:387:39)
    at Generator.next (<anonymous>)
    at fulfilled (/Users/jdej/dev/jdej/vscode-profiles/jdej/exts/huizhou.githd-2.2.4/out/src/gitService.js:4:58)
    at processTicksAndRejections (internal/process/task_queues.js:93:5)
[2022-03-30 14:57:27.078] [renderer1] [error] Cannot read property 'hash' of null: TypeError: Cannot read property 'hash' of null
    at BlameViewProvider.<anonymous> (/Users/jdej/dev/jdej/vscode-profiles/jdej/exts/huizhou.githd-2.2.4/out/src/blameViewProvider.js:178:29)
    at Generator.next (<anonymous>)
    at fulfilled (/Users/jdej/dev/jdej/vscode-profiles/jdej/exts/huizhou.githd-2.2.4/out/src/blameViewProvider.js:4:58)
    at processTicksAndRejections (internal/process/task_queues.js:93:5)
[2022-03-30 14:57:34.985] [renderer1] [error] Cannot read property 'hash' of null: TypeError: Cannot read property 'hash' of null
    at BlameViewProvider.<anonymous> (/Users/jdej/dev/jdej/vscode-profiles/jdej/exts/huizhou.githd-2.2.4/out/src/blameViewProvider.js:178:29)
    at Generator.next (<anonymous>)
    at fulfilled (/Users/jdej/dev/jdej/vscode-profiles/jdej/exts/huizhou.githd-2.2.4/out/src/blameViewProvider.js:4:58)
    at processTicksAndRejections (internal/process/task_queues.js:93:5)
[2022-03-30 14:58:33.692] [renderer1] [error] Cannot read property 'hash' of null: TypeError: Cannot read property 'hash' of null
    at BlameViewProvider.<anonymous> (/Users/jdej/dev/jdej/vscode-profiles/jdej/exts/huizhou.githd-2.2.4/out/src/blameViewProvider.js:178:29)
    at Generator.next (<anonymous>)
    at fulfilled (/Users/jdej/dev/jdej/vscode-profiles/jdej/exts/huizhou.githd-2.2.4/out/src/blameViewProvider.js:4:58)
    at runMicrotasks (<anonymous>)
    at processTicksAndRejections (internal/process/task_queues.js:93:5)
[2022-03-30 14:58:44.966] [renderer1] [error] Cannot read property 'hash' of null: TypeError: Cannot read property 'hash' of null
    at BlameViewProvider.<anonymous> (/Users/jdej/dev/jdej/vscode-profiles/jdej/exts/huizhou.githd-2.2.4/out/src/blameViewProvider.js:178:29)
    at Generator.next (<anonymous>)
    at fulfilled (/Users/jdej/dev/jdej/vscode-profiles/jdej/exts/huizhou.githd-2.2.4/out/src/blameViewProvider.js:4:58)
    at runMicrotasks (<anonymous>)
    at processTicksAndRejections (internal/process/task_queues.js:93:5)
[2022-03-30 14:58:48.491] [renderer1] [error] Cannot read property 'hash' of null: TypeError: Cannot read property 'hash' of null
    at BlameViewProvider.<anonymous> (/Users/jdej/dev/jdej/vscode-profiles/jdej/exts/huizhou.githd-2.2.4/out/src/blameViewProvider.js:178:29)
    at Generator.next (<anonymous>)
    at fulfilled (/Users/jdej/dev/jdej/vscode-profiles/jdej/exts/huizhou.githd-2.2.4/out/src/blameViewProvider.js:4:58)
    at runMicrotasks (<anonymous>)
    at processTicksAndRejections (internal/process/task_queues.js:93:5)
[2022-03-30 15:00:01.228] [renderer1] [error] Cannot read property 'hash' of null: TypeError: Cannot read property 'hash' of null
    at BlameViewProvider.<anonymous> (/Users/jdej/dev/jdej/vscode-profiles/jdej/exts/huizhou.githd-2.2.4/out/src/blameViewProvider.js:178:29)
    at Generator.next (<anonymous>)
    at fulfilled (/Users/jdej/dev/jdej/vscode-profiles/jdej/exts/huizhou.githd-2.2.4/out/src/blameViewProvider.js:4:58)
    at runMicrotasks (<anonymous>)
    at processTicksAndRejections (internal/process/task_queues.js:93:5)
[2022-03-30 15:00:09.687] [renderer1] [error] Cannot read property 'hash' of null: TypeError: Cannot read property 'hash' of null
    at BlameViewProvider.<anonymous> (/Users/jdej/dev/jdej/vscode-profiles/jdej/exts/huizhou.githd-2.2.4/out/src/blameViewProvider.js:178:29)
    at Generator.next (<anonymous>)
    at fulfilled (/Users/jdej/dev/jdej/vscode-profiles/jdej/exts/huizhou.githd-2.2.4/out/src/blameViewProvider.js:4:58)
    at runMicrotasks (<anonymous>)
    at processTicksAndRejections (internal/process/task_queues.js:93:5)
[2022-03-30 15:00:26.698] [renderer1] [error] Cannot read property 'hash' of null: TypeError: Cannot read property 'hash' of null
    at BlameViewProvider.<anonymous> (/Users/jdej/dev/jdej/vscode-profiles/jdej/exts/huizhou.githd-2.2.4/out/src/blameViewProvider.js:178:29)
    at Generator.next (<anonymous>)
    at fulfilled (/Users/jdej/dev/jdej/vscode-profiles/jdej/exts/huizhou.githd-2.2.4/out/src/blameViewProvider.js:4:58)
    at runMicrotasks (<anonymous>)
    at processTicksAndRejections (internal/process/task_queues.js:93:5)
[2022-03-30 15:01:37.707] [renderer1] [error] Cannot read property 'hash' of null: TypeError: Cannot read property 'hash' of null
    at BlameViewProvider.<anonymous> (/Users/jdej/dev/jdej/vscode-profiles/jdej/exts/huizhou.githd-2.2.4/out/src/blameViewProvider.js:178:29)
    at Generator.next (<anonymous>)
    at fulfilled (/Users/jdej/dev/jdej/vscode-profiles/jdej/exts/huizhou.githd-2.2.4/out/src/blameViewProvider.js:4:58)
    at runMicrotasks (<anonymous>)
    at processTicksAndRejections (internal/process/task_queues.js:93:5)
[2022-03-30 15:01:42.272] [renderer1] [error] Cannot read property 'hash' of null: TypeError: Cannot read property 'hash' of null
    at BlameViewProvider.<anonymous> (/Users/jdej/dev/jdej/vscode-profiles/jdej/exts/huizhou.githd-2.2.4/out/src/blameViewProvider.js:178:29)
    at Generator.next (<anonymous>)
    at fulfilled (/Users/jdej/dev/jdej/vscode-profiles/jdej/exts/huizhou.githd-2.2.4/out/src/blameViewProvider.js:4:58)
    at runMicrotasks (<anonymous>)
    at processTicksAndRejections (internal/process/task_queues.js:93:5)
[2022-03-30 15:01:44.451] [renderer1] [error] Cannot read property 'hash' of null: TypeError: Cannot read property 'hash' of null
    at BlameViewProvider.<anonymous> (/Users/jdej/dev/jdej/vscode-profiles/jdej/exts/huizhou.githd-2.2.4/out/src/blameViewProvider.js:178:29)
    at Generator.next (<anonymous>)
    at fulfilled (/Users/jdej/dev/jdej/vscode-profiles/jdej/exts/huizhou.githd-2.2.4/out/src/blameViewProvider.js:4:58)
    at runMicrotasks (<anonymous>)
    at processTicksAndRejections (internal/process/task_queues.js:93:5)
[2022-03-30 15:01:46.359] [renderer1] [error] Cannot read property 'hash' of null: TypeError: Cannot read property 'hash' of null
    at BlameViewProvider.<anonymous> (/Users/jdej/dev/jdej/vscode-profiles/jdej/exts/huizhou.githd-2.2.4/out/src/blameViewProvider.js:178:29)
    at Generator.next (<anonymous>)
    at fulfilled (/Users/jdej/dev/jdej/vscode-profiles/jdej/exts/huizhou.githd-2.2.4/out/src/blameViewProvider.js:4:58)
    at runMicrotasks (<anonymous>)
    at processTicksAndRejections (internal/process/task_queues.js:93:5)
[2022-03-30 15:01:47.608] [renderer1] [error] Cannot read property 'hash' of null: TypeError: Cannot read property 'hash' of null
    at BlameViewProvider.<anonymous> (/Users/jdej/dev/jdej/vscode-profiles/jdej/exts/huizhou.githd-2.2.4/out/src/blameViewProvider.js:178:29)
    at Generator.next (<anonymous>)
    at fulfilled (/Users/jdej/dev/jdej/vscode-profiles/jdej/exts/huizhou.githd-2.2.4/out/src/blameViewProvider.js:4:58)
    at runMicrotasks (<anonymous>)
    at processTicksAndRejections (internal/process/task_queues.js:93:5)
