[2022-03-30 14:55:56.205] [exthost] [info] Extension host with pid 81640 started
[2022-03-30 14:55:56.205] [exthost] [info] Skipping acquiring lock for /Users/jdej/dev/jdej/vscode-profiles/jdej/data/User/workspaceStorage/c9e93f9a5071c9bff3770eccd6b0d77a.
[2022-03-30 14:55:56.334] [exthost] [info] ExtensionService#_doActivateExtension vscode.git-base, startup: false, activationEvent: 'onFileSystem:git', root cause: vscode.git
[2022-03-30 14:55:56.343] [exthost] [info] ExtensionService#_doActivateExtension vscode.extension-editing, startup: false, activationEvent: 'onLanguage:markdown'
[2022-03-30 14:55:56.359] [exthost] [info] ExtensionService#_doActivateExtension vscode.markdown-language-features, startup: false, activationEvent: 'onLanguage:markdown'
[2022-03-30 14:55:56.413] [exthost] [info] ExtensionService#_doActivateExtension vscode.microsoft-authentication, startup: false, activationEvent: 'onAuthenticationRequest:microsoft'
[2022-03-30 14:55:56.459] [exthost] [info] ExtensionService#_doActivateExtension vscode.debug-auto-launch, startup: true, activationEvent: '*'
[2022-03-30 14:55:56.464] [exthost] [info] ExtensionService#_doActivateExtension vscode.ipynb, startup: true, activationEvent: '*'
[2022-03-30 14:55:56.480] [exthost] [info] ExtensionService#_doActivateExtension christian-kohler.path-intellisense, startup: true, activationEvent: '*'
[2022-03-30 14:55:56.520] [exthost] [info] ExtensionService#_doActivateExtension donjayamanne.githistory, startup: true, activationEvent: '*'
[2022-03-30 14:55:56.538] [exthost] [info] ExtensionService#_doActivateExtension formulahendry.auto-rename-tag, startup: true, activationEvent: '*'
[2022-03-30 14:55:56.572] [exthost] [info] ExtensionService#_doActivateExtension huizhou.githd, startup: true, activationEvent: '*'
[2022-03-30 14:55:56.592] [exthost] [info] ExtensionService#_doActivateExtension johnpapa.vscode-peacock, startup: true, activationEvent: '*'
[2022-03-30 14:55:56.600] [exthost] [info] ExtensionService#_doActivateExtension kamikillerto.vscode-colorize, startup: true, activationEvent: '*'
[2022-03-30 14:55:56.647] [exthost] [info] ExtensionService#_doActivateExtension ms-vsliveshare.vsliveshare, startup: true, activationEvent: '*'
[2022-03-30 14:55:57.136] [exthost] [info] ExtensionService#_doActivateExtension WallabyJs.quokka-vscode, startup: true, activationEvent: '*'
[2022-03-30 14:55:57.138] [exthost] [info] ExtensionService#_doActivateExtension wayou.vscode-todo-highlight, startup: true, activationEvent: '*'
[2022-03-30 14:55:57.142] [exthost] [info] ExtensionService#_doActivateExtension xyz.local-history, startup: true, activationEvent: '*'
[2022-03-30 14:55:57.189] [exthost] [info] ExtensionService#_doActivateExtension vscode.npm, startup: true, activationEvent: 'workspaceContains:package.json'
[2022-03-30 14:55:59.478] [exthost] [info] ExtensionService#_doActivateExtension vscode.git, startup: false, activationEvent: 'onFileSystem:git'
[2022-03-30 14:55:59.615] [exthost] [info] ExtensionService#_doActivateExtension vscode.configuration-editing, startup: false, activationEvent: 'onLanguage:json'
[2022-03-30 14:55:59.625] [exthost] [info] ExtensionService#_doActivateExtension vscode.json-language-features, startup: false, activationEvent: 'onLanguage:json'
[2022-03-30 14:55:59.706] [exthost] [info] ExtensionService#_doActivateExtension vscode.github-authentication, startup: false, activationEvent: 'onAuthenticationRequest:github'
[2022-03-30 14:56:00.830] [exthost] [info] ExtensionService#_doActivateExtension vscode.markdown-math, startup: false, activationEvent: 'api', root cause: vscode.markdown-language-features
[2022-03-30 14:56:00.842] [exthost] [info] ExtensionService#_doActivateExtension bierner.markdown-checkbox, startup: false, activationEvent: 'api', root cause: vscode.markdown-language-features
[2022-03-30 14:56:00.844] [exthost] [info] ExtensionService#_doActivateExtension bierner.markdown-emoji, startup: false, activationEvent: 'api', root cause: vscode.markdown-language-features
[2022-03-30 14:56:00.848] [exthost] [info] ExtensionService#_doActivateExtension bierner.markdown-footnotes, startup: false, activationEvent: 'api', root cause: vscode.markdown-language-features
[2022-03-30 14:56:00.851] [exthost] [info] ExtensionService#_doActivateExtension bierner.markdown-preview-github-styles, startup: false, activationEvent: 'api', root cause: vscode.markdown-language-features
[2022-03-30 14:56:00.853] [exthost] [info] ExtensionService#_doActivateExtension bierner.markdown-yaml-preamble, startup: false, activationEvent: 'api', root cause: vscode.markdown-language-features
[2022-03-30 14:56:00.889] [exthost] [info] ExtensionService#_doActivateExtension vscode.typescript-language-features, startup: false, activationEvent: 'onLanguage:jsonc'
[2022-03-30 14:56:01.383] [exthost] [info] ExtensionService#_doActivateExtension vscode.github, startup: true, activationEvent: '*'
[2022-03-30 14:56:02.415] [exthost] [info] Eager extensions activated
[2022-03-30 14:56:02.455] [exthost] [info] ExtensionService#_doActivateExtension vscode.emmet, startup: false, activationEvent: 'onStartupFinished'
[2022-03-30 14:56:02.462] [exthost] [info] ExtensionService#_doActivateExtension vscode.merge-conflict, startup: false, activationEvent: 'onStartupFinished'
[2022-03-30 14:56:02.467] [exthost] [info] ExtensionService#_doActivateExtension CoenraadS.bracket-pair-colorizer-2, startup: false, activationEvent: 'onStartupFinished'
[2022-03-30 14:56:02.496] [exthost] [info] ExtensionService#_doActivateExtension dbaeumer.vscode-eslint, startup: false, activationEvent: 'onStartupFinished'
[2022-03-30 14:56:02.505] [exthost] [info] ExtensionService#_doActivateExtension dsznajder.es7-react-js-snippets, startup: false, activationEvent: 'onStartupFinished'
[2022-03-30 14:56:02.904] [exthost] [info] ExtensionService#_doActivateExtension eamodio.gitlens, startup: false, activationEvent: 'onStartupFinished'
[2022-03-30 14:56:03.044] [exthost] [info] ExtensionService#_doActivateExtension esbenp.prettier-vscode, startup: false, activationEvent: 'onStartupFinished'
[2022-03-30 14:56:03.175] [exthost] [info] ExtensionService#_doActivateExtension PKief.material-icon-theme, startup: false, activationEvent: 'onStartupFinished'
[2022-03-30 14:56:03.185] [exthost] [info] ExtensionService#_doActivateExtension waderyan.gitblame, startup: false, activationEvent: 'onStartupFinished'
[2022-03-30 14:56:18.814] [exthost] [warning] TextEditor is closed/disposed
[2022-03-30 14:56:18.842] [exthost] [warning] TextEditor is closed/disposed
[2022-03-30 14:56:19.314] [exthost] [warning] TextEditor is closed/disposed
[2022-03-30 14:56:19.417] [exthost] [info] ExtensionService#_doActivateExtension redhat.vscode-yaml, startup: false, activationEvent: 'onLanguage:yaml'
[2022-03-30 14:56:19.889] [exthost] [warning] [redhat.vscode-yaml] Accessing a resource scoped configuration without providing a resource is not expected. To get the effective value for '[yaml]', provide the URI of a resource or 'null' for any resource.
[2022-03-30 14:56:20.347] [exthost] [warning] TextEditor is closed/disposed
[2022-03-30 14:56:51.046] [exthost] [warning] [redhat.vscode-yaml] Accessing a resource scoped configuration without providing a resource is not expected. To get the effective value for '[yaml]', provide the URI of a resource or 'null' for any resource.
[2022-03-30 14:57:15.471] [exthost] [info] ExtensionService#_doActivateExtension christian-kohler.npm-intellisense, startup: false, activationEvent: 'onLanguage:typescript'
[2022-03-30 14:57:15.509] [exthost] [info] ExtensionService#_doActivateExtension ms-vscode.vscode-typescript-tslint-plugin, startup: false, activationEvent: 'onLanguage:typescript'
[2022-03-30 14:57:15.517] [exthost] [info] ExtensionService#_doActivateExtension paulmolluzzo.convert-css-in-js, startup: false, activationEvent: 'onLanguage:typescript'
[2022-03-30 14:57:15.525] [exthost] [info] ExtensionService#_doActivateExtension VisualStudioExptTeam.vscodeintellicode, startup: false, activationEvent: 'onLanguage:typescript'
[2022-03-30 14:57:15.631] [exthost] [info] ExtensionService#_doActivateExtension wix.vscode-import-cost, startup: false, activationEvent: 'onLanguage:typescript'
[2022-03-30 14:57:39.766] [exthost] [warning] TextEditor is closed/disposed
[2022-03-30 14:58:31.473] [exthost] [warning] TextEditor is closed/disposed
[2022-03-30 14:58:43.688] [exthost] [warning] TextEditor is closed/disposed
[2022-03-30 15:01:34.521] [exthost] [warning] TextEditor is closed/disposed
[2022-03-30 15:09:53.407] [exthost] [warning] TextEditor is closed/disposed
[2022-03-31 16:05:03.938] [exthost] [info] extension host terminating: renderer closed the socket
[2022-03-31 16:05:04.124] [exthost] [warning] {"name":"Canceled"}
[2022-03-31 16:05:04.145] [exthost] [info] Extension host with pid 81640 exiting with code 0
