[2022-03-10 10:28:11.878] [exthost] [info] Extension host with pid 92779 started
[2022-03-10 10:28:11.878] [exthost] [info] Skipping acquiring lock for /Users/jdej/dev/jdej/vscode-profiles/jdej/data/User/workspaceStorage/f320e0da7ea51852150561c7820ffa31.
[2022-03-10 10:28:11.937] [exthost] [info] ExtensionService#_doActivateExtension vscode.microsoft-authentication, startup: false, activationEvent: 'onAuthenticationRequest:microsoft'
[2022-03-10 10:28:11.950] [exthost] [info] ExtensionService#_doActivateExtension vscode.debug-auto-launch, startup: true, activationEvent: '*'
[2022-03-10 10:28:11.951] [exthost] [info] ExtensionService#_doActivateExtension vscode.git-base, startup: true, activationEvent: '*', root cause: vscode.github
[2022-03-10 10:28:11.953] [exthost] [info] ExtensionService#_doActivateExtension christian-kohler.path-intellisense, startup: true, activationEvent: '*'
[2022-03-10 10:28:11.964] [exthost] [info] ExtensionService#_doActivateExtension donjayamanne.githistory, startup: true, activationEvent: '*'
[2022-03-10 10:28:11.979] [exthost] [info] ExtensionService#_doActivateExtension formulahendry.auto-rename-tag, startup: true, activationEvent: '*'
[2022-03-10 10:28:11.988] [exthost] [info] ExtensionService#_doActivateExtension huizhou.githd, startup: true, activationEvent: '*'
[2022-03-10 10:28:11.997] [exthost] [info] ExtensionService#_doActivateExtension johnpapa.vscode-peacock, startup: true, activationEvent: '*'
[2022-03-10 10:28:11.999] [exthost] [info] ExtensionService#_doActivateExtension kamikillerto.vscode-colorize, startup: true, activationEvent: '*'
[2022-03-10 10:28:12.018] [exthost] [info] ExtensionService#_doActivateExtension ms-vsliveshare.vsliveshare, startup: true, activationEvent: '*'
[2022-03-10 10:28:12.188] [exthost] [info] ExtensionService#_doActivateExtension WallabyJs.quokka-vscode, startup: true, activationEvent: '*'
[2022-03-10 10:28:12.190] [exthost] [info] ExtensionService#_doActivateExtension wayou.vscode-todo-highlight, startup: true, activationEvent: '*'
[2022-03-10 10:28:12.192] [exthost] [info] ExtensionService#_doActivateExtension xyz.local-history, startup: true, activationEvent: '*'
[2022-03-10 10:28:12.212] [exthost] [info] ExtensionService#_doActivateExtension vscode.npm, startup: true, activationEvent: 'workspaceContains:package.json'
[2022-03-10 10:28:12.459] [exthost] [info] ExtensionService#_doActivateExtension vscode.git, startup: false, activationEvent: 'api', root cause: donjayamanne.githistory
[2022-03-10 10:28:12.746] [exthost] [info] ExtensionService#_doActivateExtension vscode.github-authentication, startup: false, activationEvent: 'onAuthenticationRequest:github'
[2022-03-10 10:28:14.305] [exthost] [info] ExtensionService#_doActivateExtension vscode.github, startup: true, activationEvent: '*'
[2022-03-10 10:28:15.136] [exthost] [info] Eager extensions activated
[2022-03-10 10:28:15.147] [exthost] [info] ExtensionService#_doActivateExtension vscode.emmet, startup: false, activationEvent: 'onStartupFinished'
[2022-03-10 10:28:15.152] [exthost] [info] ExtensionService#_doActivateExtension vscode.merge-conflict, startup: false, activationEvent: 'onStartupFinished'
[2022-03-10 10:28:15.156] [exthost] [info] ExtensionService#_doActivateExtension CoenraadS.bracket-pair-colorizer-2, startup: false, activationEvent: 'onStartupFinished'
[2022-03-10 10:28:15.177] [exthost] [info] ExtensionService#_doActivateExtension dbaeumer.vscode-eslint, startup: false, activationEvent: 'onStartupFinished'
[2022-03-10 10:28:15.184] [exthost] [info] ExtensionService#_doActivateExtension dsznajder.es7-react-js-snippets, startup: false, activationEvent: 'onStartupFinished'
[2022-03-10 10:28:15.523] [exthost] [info] ExtensionService#_doActivateExtension eamodio.gitlens, startup: false, activationEvent: 'onStartupFinished'
[2022-03-10 10:28:15.649] [exthost] [info] ExtensionService#_doActivateExtension esbenp.prettier-vscode, startup: false, activationEvent: 'onStartupFinished'
[2022-03-10 10:28:15.848] [exthost] [info] ExtensionService#_doActivateExtension PKief.material-icon-theme, startup: false, activationEvent: 'onStartupFinished'
[2022-03-10 10:28:15.862] [exthost] [info] ExtensionService#_doActivateExtension waderyan.gitblame, startup: false, activationEvent: 'onStartupFinished'
[2022-03-10 10:28:39.134] [exthost] [info] ExtensionService#_doActivateExtension vscode.typescript-language-features, startup: false, activationEvent: 'onLanguage:typescript'
[2022-03-10 10:28:39.181] [exthost] [info] ExtensionService#_doActivateExtension christian-kohler.npm-intellisense, startup: false, activationEvent: 'onLanguage:typescript'
[2022-03-10 10:28:39.206] [exthost] [info] ExtensionService#_doActivateExtension ms-vscode.vscode-typescript-tslint-plugin, startup: false, activationEvent: 'onLanguage:typescript'
[2022-03-10 10:28:39.212] [exthost] [info] ExtensionService#_doActivateExtension paulmolluzzo.convert-css-in-js, startup: false, activationEvent: 'onLanguage:typescript'
[2022-03-10 10:28:39.218] [exthost] [info] ExtensionService#_doActivateExtension VisualStudioExptTeam.vscodeintellicode, startup: false, activationEvent: 'onLanguage:typescript'
[2022-03-10 10:28:39.256] [exthost] [info] ExtensionService#_doActivateExtension wix.vscode-import-cost, startup: false, activationEvent: 'onLanguage:typescript'
[2022-03-10 10:28:43.606] [exthost] [warning] TextEditor is closed/disposed
[2022-03-10 10:28:47.215] [exthost] [warning] TextEditor is closed/disposed
[2022-03-10 10:29:59.745] [exthost] [warning] TextEditor is closed/disposed
[2022-03-10 10:30:07.512] [exthost] [warning] TextEditor is closed/disposed
[2022-03-10 10:30:16.923] [exthost] [warning] TextEditor is closed/disposed
[2022-03-10 10:30:43.336] [exthost] [warning] TextEditor is closed/disposed
[2022-03-10 10:41:20.060] [exthost] [warning] TextEditor is closed/disposed
[2022-03-10 10:41:20.308] [exthost] [warning] TextEditor is closed/disposed
[2022-03-10 10:41:23.385] [exthost] [warning] TextEditor is closed/disposed
[2022-03-10 11:01:07.197] [exthost] [warning] TextEditor is closed/disposed
[2022-03-10 11:01:09.077] [exthost] [warning] TextEditor is closed/disposed
[2022-03-10 11:01:11.506] [exthost] [warning] TextEditor is closed/disposed
[2022-03-10 11:01:12.470] [exthost] [warning] TextEditor is closed/disposed
[2022-03-10 11:01:13.887] [exthost] [warning] TextEditor is closed/disposed
[2022-03-10 11:01:15.296] [exthost] [warning] TextEditor is closed/disposed
[2022-03-10 11:01:16.490] [exthost] [warning] TextEditor is closed/disposed
[2022-03-10 11:01:18.626] [exthost] [warning] TextEditor is closed/disposed
[2022-03-10 11:01:25.802] [exthost] [warning] TextEditor is closed/disposed
[2022-03-10 11:01:26.218] [exthost] [warning] TextEditor is closed/disposed
[2022-03-10 11:01:26.429] [exthost] [warning] TextEditor is closed/disposed
[2022-03-10 11:01:26.908] [exthost] [warning] TextEditor is closed/disposed
[2022-03-10 11:02:18.576] [exthost] [warning] TextEditor is closed/disposed
[2022-03-10 11:02:38.959] [exthost] [warning] TextEditor is closed/disposed
[2022-03-10 11:03:26.117] [exthost] [warning] TextEditor is closed/disposed
[2022-03-10 11:03:34.158] [exthost] [warning] TextEditor is closed/disposed
[2022-03-10 11:03:35.028] [exthost] [warning] TextEditor is closed/disposed
[2022-03-10 11:03:36.208] [exthost] [warning] TextEditor is closed/disposed
[2022-03-10 11:03:37.186] [exthost] [warning] TextEditor is closed/disposed
[2022-03-10 11:03:38.334] [exthost] [warning] TextEditor is closed/disposed
[2022-03-10 11:03:45.602] [exthost] [warning] TextEditor is closed/disposed
[2022-03-10 11:18:37.734] [exthost] [warning] TextEditor is closed/disposed
[2022-03-10 11:18:39.756] [exthost] [warning] TextEditor is closed/disposed
[2022-03-10 11:18:48.338] [exthost] [warning] TextEditor is closed/disposed
[2022-03-10 13:19:12.324] [exthost] [warning] TextEditor is closed/disposed
[2022-03-10 13:19:18.103] [exthost] [warning] TextEditor is closed/disposed
[2022-03-10 13:19:27.118] [exthost] [warning] TextEditor is closed/disposed
[2022-03-10 15:25:00.511] [exthost] [warning] TextEditor is closed/disposed
[2022-03-10 15:25:09.397] [exthost] [warning] TextEditor is closed/disposed
[2022-03-10 15:25:26.646] [exthost] [warning] TextEditor is closed/disposed
[2022-03-10 15:25:27.714] [exthost] [warning] TextEditor is closed/disposed
[2022-03-10 15:25:28.605] [exthost] [warning] TextEditor is closed/disposed
[2022-03-10 15:25:29.420] [exthost] [warning] TextEditor is closed/disposed
[2022-03-10 21:57:36.984] [exthost] [info] extension host terminating: renderer closed the socket
[2022-03-10 21:57:37.126] [exthost] [info] Extension host with pid 92779 exiting with code 0
