[2022-04-05T10:36:54.808Z] Validating found git in: /usr/local/bin/git
[2022-04-05T10:36:55.005Z] Using git 2.32.0 from /usr/local/bin/git
[2022-04-05T10:36:55.083Z] > git rev-parse --git-dir [22ms]
[2022-04-05T10:36:55.090Z] Open repository: /Users/jdej/dev/vts/support-dashboard
[2022-04-05T10:36:55.123Z] > git symbolic-ref --short HEAD [5ms]
[2022-04-05T10:36:55.159Z] > git for-each-ref --format=%(refname)%00%(upstream:short)%00%(objectname)%00%(upstream:track) refs/heads/atv_5774_MostrarCamsSinVerificar refs/remotes/atv_5774_MostrarCamsSinVerificar [34ms]
[2022-04-05T10:36:55.168Z] > git remote --verbose [5ms]
[2022-04-05T10:36:55.224Z] > git for-each-ref --sort -committerdate --format %(refname) %(objectname) %(*objectname) [63ms]
[2022-04-05T10:36:55.235Z] > git config --get commit.template [4ms]
[2022-04-05T10:36:56.088Z] > git config --global user.email [826ms]
[2022-04-05T10:36:56.095Z] > git config --global user.name [4ms]
[2022-04-05T10:36:56.300Z] > git ls-files --stage -- /Users/jdej/dev/vts/support-dashboard/src/domain/Game.ts [189ms]
[2022-04-05T10:36:56.467Z] > git symbolic-ref --short HEAD [214ms]
[2022-04-05T10:36:56.485Z] > git cat-file -s 7395f5647b4ee041a53ff77ff0b8a4423d96b167 [179ms]
[2022-04-05T10:36:56.487Z] > git for-each-ref --format=%(refname)%00%(upstream:short)%00%(objectname)%00%(upstream:track) refs/heads/atv_5774_MostrarCamsSinVerificar refs/remotes/atv_5774_MostrarCamsSinVerificar [17ms]
[2022-04-05T10:36:56.815Z] > git for-each-ref --sort -committerdate --format %(refname) %(objectname) %(*objectname) [325ms]
[2022-04-05T10:36:56.817Z] > git remote --verbose [326ms]
[2022-04-05T10:36:56.844Z] > git config --get commit.template [17ms]
[2022-04-05T10:36:56.877Z] > git show -s --format=%an <%ae> [%ai] 2d8509f1e77b8292de888b47e03d0a70453b6151 [31ms]
[2022-04-05T10:37:02.958Z] > git ls-files --stage -- /Users/jdej/dev/vts/support-dashboard/src/domain/Show.ts [7ms]
[2022-04-05T10:37:02.966Z] > git cat-file -s 9fd69193a38ce56f684a47682860cd6eee54e52e [6ms]
[2022-04-05T10:37:04.365Z] > git ls-files --stage -- /Users/jdej/dev/vts/support-dashboard/src/App.tsx [8ms]
[2022-04-05T10:37:04.375Z] > git cat-file -s 494313d2b161176f5bf5bb53216d5a2939f11ac8 [7ms]
[2022-04-05T11:11:55.973Z] > git ls-files --stage -- /Users/jdej/dev/vts/support-dashboard/src/stores/appStore.ts [9ms]
[2022-04-05T11:11:55.983Z] > git cat-file -s b09553c2322eb0ad5749a32ddbd6b2abef7d2695 [7ms]
[2022-04-05T11:12:02.214Z] > git ls-files --stage -- /Users/jdej/dev/vts/support-dashboard/src/stores/videoCamStore.ts [4ms]
[2022-04-05T11:12:02.221Z] > git cat-file -s 120e10993f1e227703cfda9f540cdc3a6320f45d [5ms]
[2022-04-05T11:12:04.131Z] > git log --format=%H%n%aN%n%aE%n%at%n%ct%n%P%n%B -z -n21 -- /Users/jdej/dev/vts/support-dashboard/src/stores/videoCamStore.ts [31ms]
[2022-04-05T11:12:04.140Z] > git ls-files --stage -- /Users/jdej/dev/vts/support-dashboard/src/stores/appStore.ts [9ms]
[2022-04-05T11:12:04.148Z] > git cat-file -s b09553c2322eb0ad5749a32ddbd6b2abef7d2695 [6ms]
[2022-04-05T11:12:04.161Z] > git log --format=%H%n%aN%n%aE%n%at%n%ct%n%P%n%B -z -n41 -- /Users/jdej/dev/vts/support-dashboard/src/stores/videoCamStore.ts [59ms]
[2022-04-05T11:12:08.470Z] > git ls-files --stage -- /Users/jdej/dev/vts/support-dashboard/src/useMobxStore/index.tsx [16ms]
[2022-04-05T11:12:08.509Z] > git cat-file -s 05419fb4c043297b0177ea720bc3c5891777d488 [36ms]
[2022-04-05T11:12:28.407Z] > git ls-files --stage -- /Users/jdej/dev/vts/support-dashboard/src/App.tsx [4ms]
[2022-04-05T11:12:28.413Z] > git cat-file -s 494313d2b161176f5bf5bb53216d5a2939f11ac8 [4ms]
[2022-04-05T11:12:38.960Z] > git ls-files --stage -- /Users/jdej/dev/vts/support-dashboard/src/index.tsx [5ms]
[2022-04-05T11:12:38.966Z] > git cat-file -s 901bf19b07e0b164dbfd973e980deff6daf19b60 [5ms]
[2022-04-05T11:12:52.993Z] > git ls-files --stage -- /Users/jdej/dev/vts/support-dashboard/src/stores/index.ts [5ms]
[2022-04-05T11:12:52.999Z] > git cat-file -s 34e46bf5608e4ab4bd87adeed3d0f05e6cc62759 [4ms]
[2022-04-05T11:13:03.512Z] > git ls-files --stage -- /Users/jdej/dev/vts/support-dashboard/src/stores/appStore.ts [7ms]
[2022-04-05T11:13:03.518Z] > git cat-file -s b09553c2322eb0ad5749a32ddbd6b2abef7d2695 [5ms]
[2022-04-05T11:16:39.103Z] > git ls-files --stage -- /Users/jdej/dev/vts/support-dashboard/src/components/Home.tsx [5ms]
[2022-04-05T11:16:39.110Z] > git cat-file -s 1f9722b9a6bd667236bc4d5ed52587279e3fd1f0 [5ms]
[2022-04-05T11:16:39.295Z] > git log --format=%H%n%aN%n%aE%n%at%n%ct%n%P%n%B -z -n21 -- /Users/jdej/dev/vts/support-dashboard/src/components/Home.tsx [340ms]
[2022-04-05T11:16:46.025Z] > git log --format=%H%n%aN%n%aE%n%at%n%ct%n%P%n%B -z -n21 -- /Users/jdej/dev/vts/support-dashboard/src/stores/index.ts [88ms]
[2022-04-05T11:16:46.097Z] > git ls-files --stage -- /Users/jdej/dev/vts/support-dashboard/src/stores/index.ts [5ms]
[2022-04-05T11:16:46.103Z] > git cat-file -s 34e46bf5608e4ab4bd87adeed3d0f05e6cc62759 [4ms]
[2022-04-05T11:16:47.821Z] > git ls-files --stage -- /Users/jdej/dev/vts/support-dashboard/src/index.tsx [5ms]
[2022-04-05T11:16:47.827Z] > git cat-file -s 901bf19b07e0b164dbfd973e980deff6daf19b60 [5ms]
[2022-04-05T11:16:51.787Z] > git log --format=%H%n%aN%n%aE%n%at%n%ct%n%P%n%B -z -n21 -- /Users/jdej/dev/vts/support-dashboard/src/index.tsx [44ms]
[2022-04-05T11:16:51.811Z] > git log --format=%H%n%aN%n%aE%n%at%n%ct%n%P%n%B -z -n41 -- /Users/jdej/dev/vts/support-dashboard/src/index.tsx [47ms]
[2022-04-05T11:16:51.909Z] > git ls-files --stage -- /Users/jdej/dev/vts/support-dashboard/src/stores/index.ts [5ms]
[2022-04-05T11:16:51.915Z] > git cat-file -s 34e46bf5608e4ab4bd87adeed3d0f05e6cc62759 [5ms]
[2022-04-05T11:16:56.207Z] > git ls-files --stage -- /Users/jdej/dev/vts/support-dashboard/src/components/Home.tsx [4ms]
[2022-04-05T11:16:56.213Z] > git cat-file -s 1f9722b9a6bd667236bc4d5ed52587279e3fd1f0 [5ms]
[2022-04-05T11:17:02.776Z] > git ls-files --stage -- /Users/jdej/dev/vts/support-dashboard/src/components/camlist/CamList.tsx [4ms]
[2022-04-05T11:17:02.782Z] > git cat-file -s a8eb53702630045e024cf23d2eab6afb2072b5cc [4ms]
[2022-04-05T11:17:06.947Z] > git ls-files --stage -- /Users/jdej/dev/vts/support-dashboard/src/components/Home.tsx [5ms]
[2022-04-05T11:17:06.953Z] > git cat-file -s 1f9722b9a6bd667236bc4d5ed52587279e3fd1f0 [5ms]
[2022-04-05T11:17:09.081Z] > git ls-files --stage -- /Users/jdej/dev/vts/support-dashboard/src/components/camlist/CamList.tsx [5ms]
[2022-04-05T11:17:09.087Z] > git cat-file -s a8eb53702630045e024cf23d2eab6afb2072b5cc [4ms]
[2022-04-05T11:17:09.968Z] > git ls-files --stage -- /Users/jdej/dev/vts/support-dashboard/src/index.tsx [4ms]
[2022-04-05T11:17:09.974Z] > git cat-file -s 901bf19b07e0b164dbfd973e980deff6daf19b60 [5ms]
[2022-04-05T11:17:12.380Z] > git ls-files --stage -- /Users/jdej/dev/vts/support-dashboard/src/components/Home.tsx [6ms]
[2022-04-05T11:17:12.386Z] > git cat-file -s 1f9722b9a6bd667236bc4d5ed52587279e3fd1f0 [5ms]
[2022-04-05T11:17:18.902Z] > git ls-files --stage -- /Users/jdej/dev/vts/support-dashboard/src/index.tsx [4ms]
[2022-04-05T11:17:18.908Z] > git cat-file -s 901bf19b07e0b164dbfd973e980deff6daf19b60 [4ms]
[2022-04-05T11:17:25.329Z] > git ls-files --stage -- /Users/jdej/dev/vts/support-dashboard/src/App.tsx [5ms]
[2022-04-05T11:17:25.336Z] > git cat-file -s 494313d2b161176f5bf5bb53216d5a2939f11ac8 [5ms]
[2022-04-05T11:17:28.730Z] > git ls-files --stage -- /Users/jdej/dev/vts/support-dashboard/src/index.tsx [5ms]
[2022-04-05T11:17:28.746Z] > git cat-file -s 901bf19b07e0b164dbfd973e980deff6daf19b60 [5ms]
[2022-04-05T11:17:32.084Z] > git ls-files --stage -- /Users/jdej/dev/vts/support-dashboard/src/App.tsx [5ms]
[2022-04-05T11:17:32.090Z] > git cat-file -s 494313d2b161176f5bf5bb53216d5a2939f11ac8 [5ms]
[2022-04-05T11:17:45.701Z] > git ls-files --stage -- /Users/jdej/dev/vts/support-dashboard/src/components/camlist/CamList.tsx [5ms]
[2022-04-05T11:17:45.707Z] > git cat-file -s a8eb53702630045e024cf23d2eab6afb2072b5cc [5ms]
[2022-04-05T11:17:55.703Z] > git ls-files --stage -- /Users/jdej/dev/vts/support-dashboard/src/index.tsx [6ms]
[2022-04-05T11:17:55.709Z] > git cat-file -s 901bf19b07e0b164dbfd973e980deff6daf19b60 [5ms]
[2022-04-05T11:17:59.059Z] > git ls-files --stage -- /Users/jdej/dev/vts/support-dashboard/src/components/camlist/CamList.tsx [6ms]
[2022-04-05T11:17:59.067Z] > git cat-file -s a8eb53702630045e024cf23d2eab6afb2072b5cc [6ms]
[2022-04-05T11:18:15.022Z] > git ls-files --stage -- /Users/jdej/dev/vts/support-dashboard/src/App.tsx [4ms]
[2022-04-05T11:18:15.028Z] > git cat-file -s 494313d2b161176f5bf5bb53216d5a2939f11ac8 [4ms]
[2022-04-05T11:18:16.884Z] > git ls-files --stage -- /Users/jdej/dev/vts/support-dashboard/src/index.tsx [5ms]
[2022-04-05T11:18:16.890Z] > git cat-file -s 901bf19b07e0b164dbfd973e980deff6daf19b60 [5ms]
[2022-04-05T11:18:18.071Z] > git ls-files --stage -- /Users/jdej/dev/vts/support-dashboard/src/App.tsx [5ms]
[2022-04-05T11:18:18.077Z] > git cat-file -s 494313d2b161176f5bf5bb53216d5a2939f11ac8 [5ms]
[2022-04-05T11:18:26.874Z] > git ls-files --stage -- /Users/jdej/dev/vts/support-dashboard/src/components/camlist/CamList.tsx [5ms]
[2022-04-05T11:18:26.880Z] > git cat-file -s a8eb53702630045e024cf23d2eab6afb2072b5cc [5ms]
[2022-04-05T11:18:41.205Z] > git ls-files --stage -- /Users/jdej/dev/vts/support-dashboard/src/stores/appStore.ts [4ms]
[2022-04-05T11:18:41.211Z] > git cat-file -s b09553c2322eb0ad5749a32ddbd6b2abef7d2695 [5ms]
[2022-04-05T11:19:27.215Z] > git ls-files --stage -- /Users/jdej/dev/vts/support-dashboard/src/helpers/showsFilter.ts [8ms]
[2022-04-05T11:19:27.229Z] > git cat-file -s 93d521621847dbbdc935fbb8d944a7fb2f5e71f9 [12ms]
[2022-04-05T11:20:04.230Z] > git ls-files --stage -- /Users/jdej/dev/vts/support-dashboard/src/components/camlist/camcard/CamCard.tsx [9ms]
[2022-04-05T11:20:04.239Z] > git cat-file -s 0546577af3b2f2160dfdf739ba3f2e64c28d34bd [5ms]
[2022-04-05T11:22:17.959Z] > git ls-files --stage -- /Users/jdej/dev/vts/support-dashboard/src/stores/videoCamStore.ts [4ms]
[2022-04-05T11:22:17.965Z] > git cat-file -s 120e10993f1e227703cfda9f540cdc3a6320f45d [5ms]
[2022-04-05T11:23:24.675Z] > git ls-files --stage -- /Users/jdej/dev/vts/support-dashboard/src/services/ChatClient.ts [6ms]
[2022-04-05T11:23:24.681Z] > git cat-file -s 73629b4967fa90270e3ba5279c9d09635bfd2fc7 [5ms]
[2022-04-05T11:23:43.224Z] > git ls-files --stage -- /Users/jdej/dev/vts/support-dashboard/src/services/Uuid.ts [4ms]
[2022-04-05T11:23:43.231Z] > git cat-file -s 15028fb4257c213eeacee1bc618e18acd7ea2b79 [5ms]
[2022-04-05T11:23:55.062Z] > git ls-files --stage -- /Users/jdej/dev/vts/support-dashboard/src/services/ChatClient.ts [5ms]
[2022-04-05T11:23:55.068Z] > git cat-file -s 73629b4967fa90270e3ba5279c9d09635bfd2fc7 [5ms]
[2022-04-05T11:57:10.529Z] > git ls-files --stage -- /Users/jdej/dev/vts/support-dashboard/src/domain/index.ts [6ms]
[2022-04-05T11:57:10.540Z] > git cat-file -s 4b7d7795ae11865f08d52a5c71f811fb4cbb6163 [9ms]
[2022-04-05T11:57:31.103Z] > git ls-files --stage -- /Users/jdej/dev/vts/support-dashboard/src/services/definitions.ts [5ms]
[2022-04-05T11:57:31.110Z] > git cat-file -s 6a295ac4ff516fc6f29455f0c07ec129bafef9c6 [5ms]
[2022-04-05T11:58:05.687Z] > git ls-files --stage -- /Users/jdej/dev/vts/support-dashboard/src/services/QueryClient.ts [9ms]
[2022-04-05T11:58:05.698Z] > git cat-file -s cd6da714e3a46369348e6e2f0ba59080514db4c4 [8ms]
[2022-04-05T11:58:41.679Z] > git ls-files --stage -- /Users/jdej/dev/vts/support-dashboard/node_modules/@types/node/globals.d.ts [9ms]
[2022-04-05T11:58:44.275Z] > git ls-files --stage -- /Users/jdej/dev/vts/support-dashboard/src/services/QueryClient.ts [6ms]
[2022-04-05T11:58:44.282Z] > git cat-file -s cd6da714e3a46369348e6e2f0ba59080514db4c4 [6ms]
[2022-04-05T11:58:48.028Z] > git ls-files --stage -- /Users/jdej/dev/vts/support-dashboard/.env [5ms]
[2022-04-05T11:58:48.034Z] > git cat-file -s 8f8d1a156d0ac849812d435a292ddc9d6350c105 [4ms]
[2022-04-05T11:58:58.524Z] > git ls-files --stage -- /Users/jdej/dev/vts/support-dashboard/.env.development [5ms]
[2022-04-05T11:58:58.530Z] > git cat-file -s 8e9964a275eec8fcd0f9baff7c9bf801bfc111ed [5ms]
[2022-04-05T11:59:01.027Z] > git ls-files --stage -- /Users/jdej/dev/vts/support-dashboard/.env.test [5ms]
[2022-04-05T11:59:01.033Z] > git cat-file -s 8dc88186e954bfae25839aca6f070836c46600cd [4ms]
[2022-04-05T11:59:13.348Z] > git ls-files --stage -- /Users/jdej/dev/vts/support-dashboard/package.json [11ms]
[2022-04-05T11:59:13.358Z] > git cat-file -s 4d63d7cb14dcf44fcc8b86f5548aa4482f54eeb2 [8ms]
[2022-04-05T11:59:32.601Z] > git ls-files --stage -- /Users/jdej/dev/vts/support-dashboard/.env.test [3ms]
[2022-04-05T11:59:32.606Z] > git cat-file -s 8dc88186e954bfae25839aca6f070836c46600cd [4ms]
[2022-04-05T11:59:34.571Z] > git ls-files --stage -- /Users/jdej/dev/vts/support-dashboard/.env.development [5ms]
[2022-04-05T11:59:34.578Z] > git cat-file -s 8e9964a275eec8fcd0f9baff7c9bf801bfc111ed [5ms]
[2022-04-05T11:59:35.785Z] > git ls-files --stage -- /Users/jdej/dev/vts/support-dashboard/.env [5ms]
[2022-04-05T11:59:35.791Z] > git cat-file -s 8f8d1a156d0ac849812d435a292ddc9d6350c105 [5ms]
[2022-04-05T11:59:37.054Z] > git ls-files --stage -- /Users/jdej/dev/vts/support-dashboard/src/services/QueryClient.ts [5ms]
[2022-04-05T11:59:37.063Z] > git cat-file -s cd6da714e3a46369348e6e2f0ba59080514db4c4 [8ms]
[2022-04-05T12:00:42.464Z] > git ls-files --stage -- /Users/jdej/dev/vts/support-dashboard/src/services/definitions.ts [5ms]
[2022-04-05T12:00:42.469Z] > git cat-file -s 6a295ac4ff516fc6f29455f0c07ec129bafef9c6 [4ms]
[2022-04-05T12:00:52.698Z] > git ls-files --stage -- /Users/jdej/dev/vts/support-dashboard/src/services/QueryClient.ts [5ms]
[2022-04-05T12:00:52.704Z] > git cat-file -s cd6da714e3a46369348e6e2f0ba59080514db4c4 [5ms]
[2022-04-07T12:09:34.990Z] > git symbolic-ref --short HEAD [5ms]
[2022-04-07T12:09:35.014Z] > git for-each-ref --format=%(refname)%00%(upstream:short)%00%(objectname)%00%(upstream:track) refs/heads/atv_5774_MostrarCamsSinVerificar refs/remotes/atv_5774_MostrarCamsSinVerificar [13ms]
[2022-04-07T12:09:35.024Z] > git remote --verbose [5ms]
[2022-04-07T12:09:35.060Z] > git ls-files --stage -- /Users/jdej/dev/vts/support-dashboard/src/components/camlist/camcard/CamCard.tsx [5ms]
[2022-04-07T12:09:35.064Z] > git ls-files --stage -- /Users/jdej/dev/vts/support-dashboard/src/services/ChatClient.ts [8ms]
[2022-04-07T12:09:35.066Z] > git for-each-ref --sort -committerdate --format %(refname) %(objectname) %(*objectname) [48ms]
[2022-04-07T12:09:35.090Z] > git cat-file -s 73629b4967fa90270e3ba5279c9d09635bfd2fc7 [24ms]
[2022-04-07T12:09:35.093Z] > git cat-file -s 0546577af3b2f2160dfdf739ba3f2e64c28d34bd [30ms]
[2022-04-07T12:09:35.093Z] > git ls-files --stage -- /Users/jdej/dev/vts/support-dashboard/src/services/QueryClient.ts [34ms]
[2022-04-07T12:09:35.095Z] > git config --get commit.template [5ms]
[2022-04-07T12:09:35.103Z] > git cat-file -s cd6da714e3a46369348e6e2f0ba59080514db4c4 [9ms]
[2022-04-07T12:11:12.450Z] > git ls-files --stage -- /Users/jdej/dev/vts/support-dashboard/package.json [7ms]
[2022-04-07T12:11:12.456Z] > git cat-file -s 4d63d7cb14dcf44fcc8b86f5548aa4482f54eeb2 [5ms]
[2022-04-07T12:11:36.514Z] > git ls-files --stage -- /Users/jdej/dev/vts/support-dashboard/tsconfig.json [7ms]
[2022-04-07T12:11:36.521Z] > git cat-file -s be96cce4d2e4f9cee01587a46b4f80100e1c604e [5ms]
[2022-04-07T12:11:41.097Z] > git ls-files --stage -- /Users/jdej/dev/vts/support-dashboard/tslint.json [5ms]
[2022-04-07T12:11:41.103Z] > git cat-file -s 23bd8cd4df1d50f39316416752969465329bdf62 [5ms]
[2022-04-07T12:12:17.303Z] > git ls-files --stage -- /Users/jdej/dev/vts/support-dashboard/tsconfig.json [5ms]
[2022-04-07T12:12:17.309Z] > git cat-file -s be96cce4d2e4f9cee01587a46b4f80100e1c604e [4ms]
[2022-04-07T12:12:44.154Z] > git symbolic-ref --short HEAD [3ms]
[2022-04-07T12:12:44.162Z] > git for-each-ref --format=%(refname)%00%(upstream:short)%00%(objectname)%00%(upstream:track) refs/heads/atv_5774_MostrarCamsSinVerificar refs/remotes/atv_5774_MostrarCamsSinVerificar [6ms]
[2022-04-07T12:12:44.169Z] > git remote --verbose [4ms]
[2022-04-07T12:12:44.174Z] > git for-each-ref --sort -committerdate --format %(refname) %(objectname) %(*objectname) [11ms]
[2022-04-07T12:12:44.183Z] > git config --get commit.template [5ms]
