[2022-04-01 12:04:24.895] [main] [info] window#load: attempt to load window (id: 1)
[2022-04-01 12:04:24.912] [main] [info] update#setState idle
[2022-04-01 12:04:25.156] [main] [info] ExtensionHostStarterWorker created
[2022-04-01 12:04:26.261] [main] [info] window#load: window reported ready (id: 1)
[2022-04-01 12:04:26.535] [main] [info] Starting extension host with pid 19172 (fork() took 40 ms).
[2022-04-01 12:04:26.535] [main] [info] ExtensionHostStarterWorker.start() took 42 ms.
[2022-04-01 12:04:54.916] [main] [info] update#setState checking for updates
[2022-04-01 12:04:55.100] [main] [info] update#setState downloading
[2022-04-01 12:05:01.699] [main] [info] update#setState ready
[2022-04-05 12:36:48.614] [main] [info] window#load: attempt to load window (id: 3)
[2022-04-05 12:36:49.656] [main] [info] window#load: window reported ready (id: 3)
[2022-04-05 12:36:49.947] [main] [info] Starting extension host with pid 68456 (fork() took 6 ms).
[2022-04-05 12:36:49.947] [main] [info] ExtensionHostStarterWorker.start() took 8 ms.
[2022-04-21 22:09:39.820] [main] [info] window#load: attempt to load window (id: 4)
[2022-04-21 22:09:40.903] [main] [info] window#load: window reported ready (id: 4)
[2022-04-21 22:09:41.416] [main] [info] Starting extension host with pid 20282 (fork() took 88 ms).
[2022-04-21 22:09:41.494] [main] [info] ExtensionHostStarterWorker.start() took 181 ms.
[2022-04-21 22:24:57.442] [main] [info] Extension host with pid 20282 exited with code: 0, signal: null.
[2022-04-21 22:24:57.892] [main] [info] Waiting for extension host with pid 19172 to exit.
[2022-04-21 22:24:57.892] [main] [info] Waiting for extension host with pid 68456 to exit.
[2022-04-21 22:24:57.892] [main] [info] Extension host with pid 68456 exited with code: 0, signal: null.
[2022-04-21 22:24:58.420] [main] [info] Extension host with pid 19172 exited with code: 0, signal: null.
