[2022-03-10T09:28:13.547Z] Validating found git in: /usr/local/bin/git
[2022-03-10T09:28:13.691Z] Using git 2.32.0 from /usr/local/bin/git
[2022-03-10T09:28:13.726Z] > git rev-parse --git-dir [4ms]
[2022-03-10T09:28:13.730Z] Open repository: /Users/jdej/dev/vts/support-dashboard
[2022-03-10T09:28:13.752Z] > git symbolic-ref --short HEAD [5ms]
[2022-03-10T09:28:13.768Z] > git for-each-ref --format=%(refname)%00%(upstream:short)%00%(objectname)%00%(upstream:track) refs/heads/atv_5774_MostrarCamsSinVerificar refs/remotes/atv_5774_MostrarCamsSinVerificar [14ms]
[2022-03-10T09:28:13.776Z] > git remote --verbose [4ms]
[2022-03-10T09:28:13.795Z] > git for-each-ref --sort -committerdate --format %(refname) %(objectname) %(*objectname) [25ms]
[2022-03-10T09:28:13.808Z] > git config --get commit.template [4ms]
[2022-03-10T09:28:15.138Z] > git config --global user.email [824ms]
[2022-03-10T09:28:15.145Z] > git config --global user.name [5ms]
[2022-03-10T09:28:15.980Z] > git symbolic-ref --short HEAD [110ms]
[2022-03-10T09:28:15.988Z] > git for-each-ref --format=%(refname)%00%(upstream:short)%00%(objectname)%00%(upstream:track) refs/heads/atv_5774_MostrarCamsSinVerificar refs/remotes/atv_5774_MostrarCamsSinVerificar [6ms]
[2022-03-10T09:28:15.996Z] > git remote --verbose [5ms]
[2022-03-10T09:28:16.001Z] > git for-each-ref --sort -committerdate --format %(refname) %(objectname) %(*objectname) [11ms]
[2022-03-10T09:28:16.012Z] > git config --get commit.template [4ms]
[2022-03-10T09:28:16.024Z] > git show -s --format=%an <%ae> [%ai] 2d8509f1e77b8292de888b47e03d0a70453b6151 [9ms]
[2022-03-10T09:28:39.897Z] > git ls-files --stage -- /Users/jdej/dev/vts/support-dashboard/src/domain/OnClickAction.ts [22ms]
[2022-03-10T09:28:39.916Z] > git cat-file -s ff3974c37a223973a806a995da6a505d9b487de4 [15ms]
[2022-03-10T09:28:43.838Z] > git ls-files --stage -- /Users/jdej/dev/vts/support-dashboard/src/domain/User.ts [4ms]
[2022-03-10T09:28:43.843Z] > git cat-file -s 8b4d8c8129e143cf2fe8aa7fc3c788f9149e9459 [4ms]
[2022-03-10T09:28:47.455Z] > git ls-files --stage -- /Users/jdej/dev/vts/support-dashboard/src/domain/VideoCredential.ts [5ms]
[2022-03-10T09:28:47.462Z] > git cat-file -s 1030423d9aeaf0a72f5ceadc789197bd64198b4b [5ms]
[2022-03-10T09:29:59.968Z] > git ls-files --stage -- /Users/jdej/dev/vts/support-dashboard/src/domain/VisibilityStats.ts [3ms]
[2022-03-10T09:29:59.973Z] > git cat-file -s 3df2a3e6cef1718b74789b52189a03af43362a16 [3ms]
[2022-03-10T09:30:07.738Z] > git ls-files --stage -- /Users/jdej/dev/vts/support-dashboard/src/domain/VisibilityStatus.ts [5ms]
[2022-03-10T09:30:07.744Z] > git cat-file -s 83c0b06f906d519d1ce84b287b5282adec191758 [5ms]
[2022-03-10T09:30:17.193Z] > git ls-files --stage -- /Users/jdej/dev/vts/support-dashboard/src/domain/Admin.ts [5ms]
[2022-03-10T09:30:17.200Z] > git cat-file -s 4f209c9d4c3afcf53777152b67d9ed769d286a0b [5ms]
[2022-03-10T09:30:43.776Z] > git ls-files --stage -- /Users/jdej/dev/vts/support-dashboard/src/stores/appStore.ts [7ms]
[2022-03-10T09:30:43.786Z] > git cat-file -s b09553c2322eb0ad5749a32ddbd6b2abef7d2695 [7ms]
[2022-03-10T09:41:20.407Z] > git ls-files --stage -- /Users/jdej/dev/vts/support-dashboard/src/domain/GameStats.ts [13ms]
[2022-03-10T09:41:20.418Z] > git cat-file -s e6a5c6b43376098c75ce3d228656f16d377c81ac [8ms]
[2022-03-10T09:41:23.589Z] > git ls-files --stage -- /Users/jdej/dev/vts/support-dashboard/src/domain/index.ts [6ms]
[2022-03-10T09:41:23.595Z] > git cat-file -s 4b7d7795ae11865f08d52a5c71f811fb4cbb6163 [4ms]
[2022-03-10T10:01:07.394Z] > git ls-files --stage -- /Users/jdej/dev/vts/support-dashboard/src/domain/Admin.ts [4ms]
[2022-03-10T10:01:07.402Z] > git cat-file -s 4f209c9d4c3afcf53777152b67d9ed769d286a0b [6ms]
[2022-03-10T10:01:09.279Z] > git ls-files --stage -- /Users/jdej/dev/vts/support-dashboard/src/domain/GameStats.ts [5ms]
[2022-03-10T10:01:09.286Z] > git cat-file -s e6a5c6b43376098c75ce3d228656f16d377c81ac [5ms]
[2022-03-10T10:01:11.705Z] > git ls-files --stage -- /Users/jdej/dev/vts/support-dashboard/src/domain/Admin.ts [4ms]
[2022-03-10T10:01:11.711Z] > git cat-file -s 4f209c9d4c3afcf53777152b67d9ed769d286a0b [4ms]
[2022-03-10T10:01:12.669Z] > git ls-files --stage -- /Users/jdej/dev/vts/support-dashboard/src/domain/VisibilityStatus.ts [5ms]
[2022-03-10T10:01:12.675Z] > git cat-file -s 83c0b06f906d519d1ce84b287b5282adec191758 [5ms]
[2022-03-10T10:01:14.090Z] > git ls-files --stage -- /Users/jdej/dev/vts/support-dashboard/src/domain/VisibilityStats.ts [6ms]
[2022-03-10T10:01:14.096Z] > git cat-file -s 3df2a3e6cef1718b74789b52189a03af43362a16 [5ms]
[2022-03-10T10:01:15.494Z] > git ls-files --stage -- /Users/jdej/dev/vts/support-dashboard/src/domain/VideoCredential.ts [5ms]
[2022-03-10T10:01:15.500Z] > git cat-file -s 1030423d9aeaf0a72f5ceadc789197bd64198b4b [5ms]
[2022-03-10T10:01:16.689Z] > git ls-files --stage -- /Users/jdej/dev/vts/support-dashboard/src/domain/User.ts [5ms]
[2022-03-10T10:01:16.695Z] > git cat-file -s 8b4d8c8129e143cf2fe8aa7fc3c788f9149e9459 [5ms]
[2022-03-10T10:01:18.830Z] > git ls-files --stage -- /Users/jdej/dev/vts/support-dashboard/src/domain/OnClickAction.ts [5ms]
[2022-03-10T10:01:18.836Z] > git cat-file -s ff3974c37a223973a806a995da6a505d9b487de4 [4ms]
[2022-03-10T10:01:26.172Z] > git ls-files --stage -- /Users/jdej/dev/vts/support-dashboard/src/domain/Admin.ts [11ms]
[2022-03-10T10:01:26.179Z] > git cat-file -s 4f209c9d4c3afcf53777152b67d9ed769d286a0b [5ms]
[2022-03-10T10:01:26.357Z] > git ls-files --stage -- /Users/jdej/dev/vts/support-dashboard/src/domain/GameStats.ts [4ms]
[2022-03-10T10:01:26.364Z] > git cat-file -s e6a5c6b43376098c75ce3d228656f16d377c81ac [5ms]
[2022-03-10T10:01:26.614Z] > git ls-files --stage -- /Users/jdej/dev/vts/support-dashboard/src/domain/index.ts [4ms]
[2022-03-10T10:01:26.621Z] > git cat-file -s 4b7d7795ae11865f08d52a5c71f811fb4cbb6163 [5ms]
[2022-03-10T10:01:27.095Z] > git ls-files --stage -- /Users/jdej/dev/vts/support-dashboard/src/stores/appStore.ts [5ms]
[2022-03-10T10:01:27.101Z] > git cat-file -s b09553c2322eb0ad5749a32ddbd6b2abef7d2695 [5ms]
[2022-03-10T10:02:18.999Z] > git ls-files --stage -- /Users/jdej/dev/vts/support-dashboard/src/index.tsx [8ms]
[2022-03-10T10:02:19.009Z] > git cat-file -s 901bf19b07e0b164dbfd973e980deff6daf19b60 [8ms]
[2022-03-10T10:02:33.295Z] > git ls-files --stage -- /Users/jdej/dev/vts/support-dashboard/src/App.tsx [7ms]
[2022-03-10T10:02:33.304Z] > git cat-file -s 494313d2b161176f5bf5bb53216d5a2939f11ac8 [6ms]
[2022-03-10T10:02:39.202Z] > git ls-files --stage -- /Users/jdej/dev/vts/support-dashboard/src/components/Home.tsx [5ms]
[2022-03-10T10:02:39.210Z] > git cat-file -s 1f9722b9a6bd667236bc4d5ed52587279e3fd1f0 [6ms]
[2022-03-10T10:02:50.606Z] > git ls-files --stage -- /Users/jdej/dev/vts/support-dashboard/src/components/camlist/CamList.tsx [6ms]
[2022-03-10T10:02:50.613Z] > git cat-file -s a8eb53702630045e024cf23d2eab6afb2072b5cc [5ms]
[2022-03-10T10:03:26.271Z] > git ls-files --stage -- /Users/jdej/dev/vts/support-dashboard/src/stores/appStore.ts [3ms]
[2022-03-10T10:03:26.279Z] > git cat-file -s b09553c2322eb0ad5749a32ddbd6b2abef7d2695 [5ms]
[2022-03-10T10:03:34.352Z] > git ls-files --stage -- /Users/jdej/dev/vts/support-dashboard/src/index.tsx [5ms]
[2022-03-10T10:03:34.358Z] > git cat-file -s 901bf19b07e0b164dbfd973e980deff6daf19b60 [4ms]
[2022-03-10T10:03:35.229Z] > git ls-files --stage -- /Users/jdej/dev/vts/support-dashboard/src/App.tsx [5ms]
[2022-03-10T10:03:35.236Z] > git cat-file -s 494313d2b161176f5bf5bb53216d5a2939f11ac8 [5ms]
[2022-03-10T10:03:36.378Z] > git ls-files --stage -- /Users/jdej/dev/vts/support-dashboard/src/components/Home.tsx [5ms]
[2022-03-10T10:03:36.385Z] > git cat-file -s 1f9722b9a6bd667236bc4d5ed52587279e3fd1f0 [6ms]
[2022-03-10T10:03:37.382Z] > git ls-files --stage -- /Users/jdej/dev/vts/support-dashboard/src/components/camlist/CamList.tsx [4ms]
[2022-03-10T10:03:37.388Z] > git cat-file -s a8eb53702630045e024cf23d2eab6afb2072b5cc [4ms]
[2022-03-10T10:03:38.509Z] > git ls-files --stage -- /Users/jdej/dev/vts/support-dashboard/src/stores/appStore.ts [5ms]
[2022-03-10T10:03:38.516Z] > git cat-file -s b09553c2322eb0ad5749a32ddbd6b2abef7d2695 [6ms]
[2022-03-10T10:03:45.839Z] > git ls-files --stage -- /Users/jdej/dev/vts/support-dashboard/src/stores/previewStore.ts [5ms]
[2022-03-10T10:03:45.845Z] > git cat-file -s 14abcb56629bb3cc7c5a22ba1d015479f009c83d [5ms]
[2022-03-10T10:18:37.923Z] > git ls-files --stage -- /Users/jdej/dev/vts/support-dashboard/src/index.tsx [5ms]
[2022-03-10T10:18:37.931Z] > git cat-file -s 901bf19b07e0b164dbfd973e980deff6daf19b60 [6ms]
[2022-03-10T10:18:39.953Z] > git ls-files --stage -- /Users/jdej/dev/vts/support-dashboard/src/stores/previewStore.ts [5ms]
[2022-03-10T10:18:39.958Z] > git cat-file -s 14abcb56629bb3cc7c5a22ba1d015479f009c83d [4ms]
[2022-03-10T10:18:48.613Z] > git ls-files --stage -- /Users/jdej/dev/vts/support-dashboard/src/domain/Show.ts [9ms]
[2022-03-10T10:18:48.623Z] > git cat-file -s 9fd69193a38ce56f684a47682860cd6eee54e52e [8ms]
[2022-03-10T12:19:12.598Z] > git ls-files --stage -- /Users/jdej/dev/vts/support-dashboard/src/domain/Game.ts [3ms]
[2022-03-10T12:19:12.604Z] > git cat-file -s 7395f5647b4ee041a53ff77ff0b8a4423d96b167 [4ms]
[2022-03-10T12:19:18.293Z] > git ls-files --stage -- /Users/jdej/dev/vts/support-dashboard/src/domain/Show.ts [6ms]
[2022-03-10T12:19:18.300Z] > git cat-file -s 9fd69193a38ce56f684a47682860cd6eee54e52e [5ms]
[2022-03-10T12:19:27.292Z] > git ls-files --stage -- /Users/jdej/dev/vts/support-dashboard/src/stores/appStore.ts [6ms]
[2022-03-10T12:19:27.300Z] > git cat-file -s b09553c2322eb0ad5749a32ddbd6b2abef7d2695 [7ms]
[2022-03-10T14:25:00.646Z] > git ls-files --stage -- /Users/jdej/dev/vts/support-dashboard/src/domain/Show.ts [4ms]
[2022-03-10T14:25:00.654Z] > git cat-file -s 9fd69193a38ce56f684a47682860cd6eee54e52e [5ms]
[2022-03-10T14:25:09.586Z] > git ls-files --stage -- /Users/jdej/dev/vts/support-dashboard/src/domain/Game.ts [5ms]
[2022-03-10T14:25:09.592Z] > git cat-file -s 7395f5647b4ee041a53ff77ff0b8a4423d96b167 [4ms]
[2022-03-10T14:25:26.817Z] > git ls-files --stage -- /Users/jdej/dev/vts/support-dashboard/src/index.tsx [4ms]
[2022-03-10T14:25:26.826Z] > git cat-file -s 901bf19b07e0b164dbfd973e980deff6daf19b60 [7ms]
[2022-03-10T14:25:27.875Z] > git ls-files --stage -- /Users/jdej/dev/vts/support-dashboard/src/domain/Game.ts [5ms]
[2022-03-10T14:25:27.880Z] > git cat-file -s 7395f5647b4ee041a53ff77ff0b8a4423d96b167 [4ms]
[2022-03-10T14:25:28.794Z] > git ls-files --stage -- /Users/jdej/dev/vts/support-dashboard/src/domain/Show.ts [5ms]
[2022-03-10T14:25:28.801Z] > git cat-file -s 9fd69193a38ce56f684a47682860cd6eee54e52e [5ms]
[2022-03-10T14:25:29.612Z] > git ls-files --stage -- /Users/jdej/dev/vts/support-dashboard/src/domain/Game.ts [5ms]
[2022-03-10T14:25:29.618Z] > git cat-file -s 7395f5647b4ee041a53ff77ff0b8a4423d96b167 [5ms]
