[2020-10-10 00:23:23.526] [exthost] [info] extension host started
[2020-10-10 00:23:23.549] [exthost] [info] ExtensionService#_doActivateExtension vscode.microsoft-authentication {"startup":false,"extensionId":{"value":"vscode.microsoft-authentication","_lower":"vscode.microsoft-authentication"},"activationEvent":"onAuthenticationRequest:microsoft"}
[2020-10-10 00:23:23.549] [exthost] [info] ExtensionService#loadCommonJSModule file:///Applications/Visual Studio Code.app/Contents/Resources/app/extensions/microsoft-authentication/dist/extension.js
[2020-10-10 00:23:23.562] [exthost] [info] ExtensionService#_doActivateExtension ms-vscode.js-debug {"startup":false,"extensionId":{"value":"ms-vscode.js-debug","_lower":"ms-vscode.js-debug"},"activationEvent":"onDebugDynamicConfigurations"}
[2020-10-10 00:23:23.562] [exthost] [info] ExtensionService#loadCommonJSModule file:///Applications/Visual Studio Code.app/Contents/Resources/app/extensions/ms-vscode.js-debug/src/extension.js
[2020-10-10 00:23:23.763] [exthost] [info] ExtensionService#_doActivateExtension firefox-devtools.vscode-firefox-debug {"startup":false,"extensionId":{"value":"firefox-devtools.vscode-firefox-debug","_lower":"firefox-devtools.vscode-firefox-debug"},"activationEvent":"onDebug"}
[2020-10-10 00:23:23.763] [exthost] [info] ExtensionService#loadCommonJSModule file:///Users/jdej/dev/jdej/vscode-profiles/jdej/exts/firefox-devtools.vscode-firefox-debug-2.9.1/dist/extension.bundle.js
[2020-10-10 00:23:23.769] [exthost] [info] ExtensionService#_doActivateExtension vscode.debug-auto-launch {"startup":true,"extensionId":{"value":"vscode.debug-auto-launch","_lower":"vscode.debug-auto-launch"},"activationEvent":"*"}
[2020-10-10 00:23:23.769] [exthost] [info] ExtensionService#loadCommonJSModule file:///Applications/Visual Studio Code.app/Contents/Resources/app/extensions/debug-auto-launch/dist/extension
[2020-10-10 00:23:23.771] [exthost] [info] ExtensionService#_doActivateExtension vscode.emmet {"startup":true,"extensionId":{"value":"vscode.emmet","_lower":"vscode.emmet"},"activationEvent":"*"}
[2020-10-10 00:23:23.771] [exthost] [info] ExtensionService#loadCommonJSModule file:///Applications/Visual Studio Code.app/Contents/Resources/app/extensions/emmet/dist/node/emmetNodeMain
[2020-10-10 00:23:23.786] [exthost] [info] ExtensionService#_doActivateExtension vscode.git {"startup":true,"extensionId":{"value":"vscode.github","_lower":"vscode.github"},"activationEvent":"*"}
[2020-10-10 00:23:23.786] [exthost] [info] ExtensionService#loadCommonJSModule file:///Applications/Visual Studio Code.app/Contents/Resources/app/extensions/git/dist/main
[2020-10-10 00:23:23.817] [exthost] [info] ExtensionService#_doActivateExtension vscode.merge-conflict {"startup":true,"extensionId":{"value":"vscode.merge-conflict","_lower":"vscode.merge-conflict"},"activationEvent":"*"}
[2020-10-10 00:23:23.817] [exthost] [info] ExtensionService#loadCommonJSModule file:///Applications/Visual Studio Code.app/Contents/Resources/app/extensions/merge-conflict/dist/mergeConflictMain
[2020-10-10 00:23:23.820] [exthost] [info] ExtensionService#_doActivateExtension vscode.search-result {"startup":true,"extensionId":{"value":"vscode.search-result","_lower":"vscode.search-result"},"activationEvent":"*"}
[2020-10-10 00:23:23.820] [exthost] [info] ExtensionService#loadCommonJSModule file:///Applications/Visual Studio Code.app/Contents/Resources/app/extensions/search-result/dist/extension.js
[2020-10-10 00:23:23.821] [exthost] [info] ExtensionService#_doActivateExtension christian-kohler.path-intellisense {"startup":true,"extensionId":{"value":"christian-kohler.path-intellisense","_lower":"christian-kohler.path-intellisense"},"activationEvent":"*"}
[2020-10-10 00:23:23.821] [exthost] [info] ExtensionService#loadCommonJSModule file:///Users/jdej/dev/jdej/vscode-profiles/jdej/exts/christian-kohler.path-intellisense-2.3.0/out/extension.js
[2020-10-10 00:23:23.833] [exthost] [info] ExtensionService#_doActivateExtension CoenraadS.bracket-pair-colorizer-2 {"startup":true,"extensionId":{"value":"CoenraadS.bracket-pair-colorizer-2","_lower":"coenraads.bracket-pair-colorizer-2"},"activationEvent":"*"}
[2020-10-10 00:23:23.833] [exthost] [info] ExtensionService#loadCommonJSModule file:///Users/jdej/dev/jdej/vscode-profiles/jdej/exts/coenraads.bracket-pair-colorizer-2-0.2.0/out/src/extension
[2020-10-10 00:23:23.850] [exthost] [info] ExtensionService#_doActivateExtension donjayamanne.githistory {"startup":true,"extensionId":{"value":"donjayamanne.githistory","_lower":"donjayamanne.githistory"},"activationEvent":"*"}
[2020-10-10 00:23:23.850] [exthost] [info] ExtensionService#loadCommonJSModule file:///Users/jdej/dev/jdej/vscode-profiles/jdej/exts/donjayamanne.githistory-0.6.11/dist/src/extension
[2020-10-10 00:23:23.884] [exthost] [info] ExtensionService#_doActivateExtension eamodio.gitlens {"startup":true,"extensionId":{"value":"eamodio.gitlens","_lower":"eamodio.gitlens"},"activationEvent":"*"}
[2020-10-10 00:23:23.884] [exthost] [info] ExtensionService#loadCommonJSModule file:///Users/jdej/dev/jdej/vscode-profiles/jdej/exts/eamodio.gitlens-10.2.2/dist/extension
[2020-10-10 00:23:23.923] [exthost] [info] ExtensionService#_doActivateExtension formulahendry.auto-rename-tag {"startup":true,"extensionId":{"value":"formulahendry.auto-rename-tag","_lower":"formulahendry.auto-rename-tag"},"activationEvent":"*"}
[2020-10-10 00:23:23.923] [exthost] [info] ExtensionService#loadCommonJSModule file:///Users/jdej/dev/jdej/vscode-profiles/jdej/exts/formulahendry.auto-rename-tag-0.1.4/packages/extension/dist/extensionMain.js
[2020-10-10 00:23:23.939] [exthost] [info] ExtensionService#_doActivateExtension huizhou.githd {"startup":true,"extensionId":{"value":"huizhou.githd","_lower":"huizhou.githd"},"activationEvent":"*"}
[2020-10-10 00:23:23.939] [exthost] [info] ExtensionService#loadCommonJSModule file:///Users/jdej/dev/jdej/vscode-profiles/jdej/exts/huizhou.githd-2.2.4/out/src/extension
[2020-10-10 00:23:23.946] [exthost] [info] ExtensionService#_doActivateExtension johnpapa.vscode-peacock {"startup":true,"extensionId":{"value":"johnpapa.vscode-peacock","_lower":"johnpapa.vscode-peacock"},"activationEvent":"*"}
[2020-10-10 00:23:23.946] [exthost] [info] ExtensionService#loadCommonJSModule file:///Users/jdej/dev/jdej/vscode-profiles/jdej/exts/johnpapa.vscode-peacock-3.8.0/dist/extension
[2020-10-10 00:23:23.951] [exthost] [info] ExtensionService#_doActivateExtension kamikillerto.vscode-colorize {"startup":true,"extensionId":{"value":"kamikillerto.vscode-colorize","_lower":"kamikillerto.vscode-colorize"},"activationEvent":"*"}
[2020-10-10 00:23:23.951] [exthost] [info] ExtensionService#loadCommonJSModule file:///Users/jdej/dev/jdej/vscode-profiles/jdej/exts/kamikillerto.vscode-colorize-0.8.17/out/src/extension
[2020-10-10 00:23:23.970] [exthost] [info] ExtensionService#_doActivateExtension ms-vsliveshare.vsliveshare {"startup":true,"extensionId":{"value":"ms-vsliveshare.vsliveshare","_lower":"ms-vsliveshare.vsliveshare"},"activationEvent":"*"}
[2020-10-10 00:23:23.970] [exthost] [info] ExtensionService#loadCommonJSModule file:///Users/jdej/dev/jdej/vscode-profiles/jdej/exts/ms-vsliveshare.vsliveshare-1.0.2902/out/prod/extension-prod
[2020-10-10 00:23:24.292] [exthost] [info] ExtensionService#_doActivateExtension PKief.material-icon-theme {"startup":true,"extensionId":{"value":"PKief.material-icon-theme","_lower":"pkief.material-icon-theme"},"activationEvent":"*"}
[2020-10-10 00:23:24.292] [exthost] [info] ExtensionService#loadCommonJSModule file:///Users/jdej/dev/jdej/vscode-profiles/jdej/exts/pkief.material-icon-theme-4.3.0/dist/extension
[2020-10-10 00:23:24.304] [exthost] [info] ExtensionService#_doActivateExtension WallabyJs.quokka-vscode {"startup":true,"extensionId":{"value":"WallabyJs.quokka-vscode","_lower":"wallabyjs.quokka-vscode"},"activationEvent":"*"}
[2020-10-10 00:23:24.304] [exthost] [info] ExtensionService#loadCommonJSModule file:///Users/jdej/dev/jdej/vscode-profiles/jdej/exts/wallabyjs.quokka-vscode-1.0.323/index
[2020-10-10 00:23:24.304] [exthost] [info] ExtensionService#_doActivateExtension wayou.vscode-todo-highlight {"startup":true,"extensionId":{"value":"wayou.vscode-todo-highlight","_lower":"wayou.vscode-todo-highlight"},"activationEvent":"*"}
[2020-10-10 00:23:24.304] [exthost] [info] ExtensionService#loadCommonJSModule file:///Users/jdej/dev/jdej/vscode-profiles/jdej/exts/wayou.vscode-todo-highlight-1.0.4/src/extension
[2020-10-10 00:23:24.306] [exthost] [info] ExtensionService#_doActivateExtension xyz.local-history {"startup":true,"extensionId":{"value":"xyz.local-history","_lower":"xyz.local-history"},"activationEvent":"*"}
[2020-10-10 00:23:24.306] [exthost] [info] ExtensionService#loadCommonJSModule file:///Users/jdej/dev/jdej/vscode-profiles/jdej/exts/xyz.local-history-1.8.1/out/src/extension
[2020-10-10 00:23:24.676] [exthost] [info] ExtensionService#_doActivateExtension vscode.github-authentication {"startup":false,"extensionId":{"value":"vscode.github-authentication","_lower":"vscode.github-authentication"},"activationEvent":"onAuthenticationRequest:github"}
[2020-10-10 00:23:24.676] [exthost] [info] ExtensionService#loadCommonJSModule file:///Applications/Visual Studio Code.app/Contents/Resources/app/extensions/github-authentication/dist/extension.js
[2020-10-10 00:23:25.018] [exthost] [info] ExtensionService#_doActivateExtension vscode.html-language-features {"startup":false,"extensionId":{"value":"vscode.html-language-features","_lower":"vscode.html-language-features"},"activationEvent":"onLanguage:html"}
[2020-10-10 00:23:25.019] [exthost] [info] ExtensionService#loadCommonJSModule file:///Applications/Visual Studio Code.app/Contents/Resources/app/extensions/html-language-features/client/dist/node/htmlClientMain
[2020-10-10 00:23:27.948] [exthost] [error] Activating extension ms-vsliveshare.vsliveshare failed due to an error:
[2020-10-10 00:23:27.948] [exthost] [error] TypeError: Cannot read property 'id' of undefined
    at activateInternal (/Users/jdej/dev/jdej/vscode-profiles/jdej/exts/ms-vsliveshare.vsliveshare-1.0.2902/src/extension.ts:570:31)
    at activate (/Users/jdej/dev/jdej/vscode-profiles/jdej/exts/ms-vsliveshare.vsliveshare-1.0.2902/src/extension.ts:312:18)
[2020-10-10 00:23:27.949] [exthost] [error] Activating extension johnpapa.vscode-peacock failed due to an error:
[2020-10-10 00:23:27.949] [exthost] [error] TypeError: Cannot read property 'id' of undefined
    at activateInternal (/Users/jdej/dev/jdej/vscode-profiles/jdej/exts/ms-vsliveshare.vsliveshare-1.0.2902/src/extension.ts:570:31)
    at activate (/Users/jdej/dev/jdej/vscode-profiles/jdej/exts/ms-vsliveshare.vsliveshare-1.0.2902/src/extension.ts:312:18)
[2020-10-10 00:23:27.952] [exthost] [info] ExtensionService#_doActivateExtension vscode.github {"startup":true,"extensionId":{"value":"vscode.github","_lower":"vscode.github"},"activationEvent":"*"}
[2020-10-10 00:23:27.952] [exthost] [info] ExtensionService#loadCommonJSModule file:///Applications/Visual Studio Code.app/Contents/Resources/app/extensions/github/dist/extension.js
[2020-10-10 00:23:27.963] [exthost] [info] eager extensions activated
[2020-10-10 00:23:27.964] [exthost] [info] ExtensionService#_doActivateExtension dbaeumer.vscode-eslint {"startup":false,"extensionId":{"value":"dbaeumer.vscode-eslint","_lower":"dbaeumer.vscode-eslint"},"activationEvent":"onStartupFinished"}
[2020-10-10 00:23:27.964] [exthost] [info] ExtensionService#loadCommonJSModule file:///Users/jdej/dev/jdej/vscode-profiles/jdej/exts/dbaeumer.vscode-eslint-2.1.10/client/out/extension
[2020-10-10 00:23:27.975] [exthost] [info] ExtensionService#_doActivateExtension esbenp.prettier-vscode {"startup":false,"extensionId":{"value":"esbenp.prettier-vscode","_lower":"esbenp.prettier-vscode"},"activationEvent":"onStartupFinished"}
[2020-10-10 00:23:27.975] [exthost] [info] ExtensionService#loadCommonJSModule file:///Users/jdej/dev/jdej/vscode-profiles/jdej/exts/esbenp.prettier-vscode-5.7.1/dist/extension
[2020-10-10 00:23:28.042] [exthost] [info] ExtensionService#_doActivateExtension waderyan.gitblame {"startup":false,"extensionId":{"value":"waderyan.gitblame","_lower":"waderyan.gitblame"},"activationEvent":"onStartupFinished"}
[2020-10-10 00:23:28.042] [exthost] [info] ExtensionService#loadCommonJSModule file:///Users/jdej/dev/jdej/vscode-profiles/jdej/exts/waderyan.gitblame-5.0.1/dist/index
