[Info  - 20:28:21.205] Reading sessions from keychain...
[Info  - 20:28:21.248] Getting sessions for user:email...
[Info  - 20:28:22.332] Getting sessions for all scopes...
[Trace  - 20:28:22.332] Token acquired from secret storage.
[Info  - 20:28:22.332] Got stored sessions!
[Trace  - 20:28:22.332] Read the following session from the keychain with the following scopes: repo
[Trace  - 20:28:22.333] Read the following session from the keychain with the following scopes: read:user repo user:email write:discussion
[Trace  - 20:28:22.333] Read the following session from the keychain with the following scopes: repo workflow
[Info  - 20:28:22.335] Got 3 verified sessions.
[Info  - 20:28:22.335] Got 0 sessions for user:email...
[Info  - 20:28:22.335] Got 3 sessions for ...
[Info  - 20:28:23.305] Getting sessions for read:user,user:email...
[Info  - 20:28:23.306] Got 0 sessions for read:user,user:email...
[Info  - 20:28:24.482] Getting sessions for all scopes...
[Info  - 20:28:24.483] Got 3 sessions for ...
[Info  - 20:28:26.780] Getting sessions for read:user,repo,user:email...
[Info  - 20:28:26.781] Got 0 sessions for read:user,repo,user:email...
[Info  - 20:28:27.16] Getting sessions for read:user,repo,user:email...
[Info  - 20:28:27.16] Got 0 sessions for read:user,repo,user:email...
[Info  - 20:28:27.41] Getting sessions for read:user,repo,user:email...
[Info  - 20:28:27.52] Got 0 sessions for read:user,repo,user:email...
[Info  - 20:35:21.864] Getting sessions for read:user,repo,user:email...
[Info  - 20:35:21.864] Got 0 sessions for read:user,repo,user:email...
