Error: Cannot find module 'eslint'
Require stack:
- /Users/jdej/dev/jdej/vscode-profiles/npaw/exts/rvest.vs-code-prettier-eslint-3.0.2/dist/extension.js
- /Applications/Visual Studio Code.app/Contents/Resources/app/out/vs/loader.js
- /Applications/Visual Studio Code.app/Contents/Resources/app/out/bootstrap-amd.js
- /Applications/Visual Studio Code.app/Contents/Resources/app/out/bootstrap-fork.js
Error: Cannot find module 'eslint'
Require stack:
- /Users/jdej/dev/jdej/vscode-profiles/npaw/exts/rvest.vs-code-prettier-eslint-3.0.2/dist/extension.js
- /Applications/Visual Studio Code.app/Contents/Resources/app/out/vs/loader.js
- /Applications/Visual Studio Code.app/Contents/Resources/app/out/bootstrap-amd.js
- /Applications/Visual Studio Code.app/Contents/Resources/app/out/bootstrap-fork.js
Error: Cannot find module 'eslint'
Require stack:
- /Users/jdej/dev/jdej/vscode-profiles/npaw/exts/rvest.vs-code-prettier-eslint-3.0.2/dist/extension.js
- /Applications/Visual Studio Code.app/Contents/Resources/app/out/vs/loader.js
- /Applications/Visual Studio Code.app/Contents/Resources/app/out/bootstrap-amd.js
- /Applications/Visual Studio Code.app/Contents/Resources/app/out/bootstrap-fork.js
Error: Cannot find module 'eslint'
Require stack:
- /Users/jdej/dev/jdej/vscode-profiles/npaw/exts/rvest.vs-code-prettier-eslint-3.0.2/dist/extension.js
- /Applications/Visual Studio Code.app/Contents/Resources/app/out/vs/loader.js
- /Applications/Visual Studio Code.app/Contents/Resources/app/out/bootstrap-amd.js
- /Applications/Visual Studio Code.app/Contents/Resources/app/out/bootstrap-fork.js
