[2022-01-17 07:55:23.775] [main] [info] update#setState idle
[2022-01-17 07:55:23.899] [main] [info] ExtensionHostStarterWorker created
[2022-01-17 07:55:25.098] [main] [info] Starting extension host with pid 6747 (fork() took 3 ms).
[2022-01-17 07:55:53.780] [main] [info] update#setState checking for updates
[2022-01-17 07:55:53.997] [main] [info] update#setState idle
[2022-01-17 09:00:20.184] [main] [info] update#setState checking for updates
[2022-01-17 09:00:20.648] [main] [info] update#setState idle
[2022-01-17 10:00:20.472] [main] [info] update#setState checking for updates
[2022-01-17 10:00:20.655] [main] [info] update#setState idle
[2022-01-17 11:00:20.551] [main] [info] update#setState checking for updates
[2022-01-17 11:00:20.724] [main] [info] update#setState idle
[2022-01-17 12:00:20.618] [main] [info] update#setState checking for updates
[2022-01-17 12:00:20.809] [main] [info] update#setState idle
[2022-01-17 13:00:20.573] [main] [info] update#setState checking for updates
[2022-01-17 13:00:20.762] [main] [info] update#setState idle
[2022-01-17 14:00:20.773] [main] [info] update#setState checking for updates
[2022-01-17 14:00:20.972] [main] [info] update#setState idle
[2022-01-17 15:00:20.765] [main] [info] update#setState checking for updates
[2022-01-17 15:00:20.947] [main] [info] update#setState idle
[2022-01-17 16:00:20.830] [main] [info] update#setState checking for updates
[2022-01-17 16:00:21.055] [main] [info] update#setState idle
[2022-01-17 17:00:20.855] [main] [info] update#setState checking for updates
[2022-01-17 17:00:21.025] [main] [info] update#setState idle
[2022-01-17 18:24:43.783] [main] [info] update#setState checking for updates
[2022-01-17 18:24:44.037] [main] [info] update#setState idle
[2022-01-17 19:25:27.506] [main] [info] update#setState checking for updates
[2022-01-17 19:25:28.218] [main] [info] update#setState idle
[2022-01-17 21:30:35.867] [main] [info] update#setState checking for updates
[2022-01-17 21:30:36.232] [main] [info] update#setState idle
[2022-01-17 22:30:35.713] [main] [info] update#setState checking for updates
[2022-01-17 22:30:35.929] [main] [info] update#setState idle
[2022-01-17 23:31:57.710] [main] [info] update#setState checking for updates
[2022-01-17 23:31:58.022] [main] [info] update#setState idle
[2022-01-18 00:58:20.672] [main] [info] update#setState checking for updates
[2022-01-18 00:58:20.842] [main] [info] update#setState idle
[2022-01-18 02:59:09.699] [main] [info] update#setState checking for updates
[2022-01-18 02:59:10.053] [main] [info] update#setState idle
[2022-01-18 04:59:57.568] [main] [info] update#setState checking for updates
[2022-01-18 04:59:57.939] [main] [info] update#setState idle
[2022-01-18 07:00:47.271] [main] [info] update#setState checking for updates
[2022-01-18 07:00:47.789] [main] [info] update#setState idle
[2022-01-18 08:00:47.603] [main] [info] update#setState checking for updates
[2022-01-18 08:00:47.823] [main] [info] update#setState idle
[2022-01-18 09:00:47.615] [main] [info] update#setState checking for updates
[2022-01-18 09:00:47.782] [main] [info] update#setState idle
[2022-01-18 10:00:47.676] [main] [info] update#setState checking for updates
[2022-01-18 10:00:47.839] [main] [info] update#setState idle
[2022-01-18 11:00:47.786] [main] [info] update#setState checking for updates
[2022-01-18 11:00:47.952] [main] [info] update#setState idle
[2022-01-18 12:00:47.764] [main] [info] update#setState checking for updates
[2022-01-18 12:00:47.938] [main] [info] update#setState idle
[2022-01-18 13:00:47.817] [main] [info] update#setState checking for updates
[2022-01-18 13:00:47.988] [main] [info] update#setState idle
[2022-01-18 14:00:47.911] [main] [info] update#setState checking for updates
[2022-01-18 14:00:48.110] [main] [info] update#setState idle
[2022-01-18 15:00:47.949] [main] [info] update#setState checking for updates
[2022-01-18 15:00:48.121] [main] [info] update#setState idle
[2022-01-18 16:00:48.004] [main] [info] update#setState checking for updates
[2022-01-18 16:00:48.185] [main] [info] update#setState idle
[2022-01-18 17:00:47.981] [main] [info] update#setState checking for updates
[2022-01-18 17:00:48.157] [main] [info] update#setState idle
[2022-01-18 18:11:08.698] [main] [info] update#setState checking for updates
[2022-01-18 18:11:09.220] [main] [info] update#setState idle
[2022-01-18 19:32:02.657] [main] [info] update#setState checking for updates
[2022-01-18 19:32:03.527] [main] [info] update#setState idle
[2022-01-18 21:36:09.114] [main] [info] update#setState checking for updates
[2022-01-18 21:36:09.820] [main] [info] update#setState idle
[2022-01-18 22:36:09.331] [main] [info] update#setState checking for updates
[2022-01-18 22:36:09.504] [main] [info] update#setState idle
[2022-01-19 00:04:37.084] [main] [info] update#setState checking for updates
[2022-01-19 00:04:37.300] [main] [info] update#setState idle
[2022-01-19 01:06:39.637] [main] [info] update#setState checking for updates
[2022-01-19 01:06:40.403] [main] [info] update#setState idle
[2022-01-19 02:10:57.576] [main] [info] update#setState checking for updates
[2022-01-19 02:10:58.288] [main] [info] update#setState idle
[2022-01-19 03:36:24.531] [main] [info] update#setState checking for updates
[2022-01-19 03:36:25.074] [main] [info] update#setState idle
[2022-01-19 04:37:52.097] [main] [info] update#setState checking for updates
[2022-01-19 04:37:52.680] [main] [info] update#setState idle
[2022-01-19 06:38:40.613] [main] [info] update#setState checking for updates
[2022-01-19 06:38:41.803] [main] [info] update#setState idle
[2022-01-19 07:51:19.146] [main] [info] update#setState checking for updates
[2022-01-19 07:51:19.378] [main] [info] update#setState idle
[2022-01-19 08:51:19.073] [main] [info] update#setState checking for updates
[2022-01-19 08:51:19.272] [main] [info] update#setState idle
[2022-01-19 09:51:19.236] [main] [info] update#setState checking for updates
[2022-01-19 09:51:19.458] [main] [info] update#setState idle
[2022-01-19 10:51:19.310] [main] [info] update#setState checking for updates
[2022-01-19 10:51:19.506] [main] [info] update#setState idle
[2022-01-19 11:51:19.250] [main] [info] update#setState checking for updates
[2022-01-19 11:51:19.462] [main] [info] update#setState idle
[2022-01-19 12:51:19.224] [main] [info] update#setState checking for updates
[2022-01-19 12:51:19.390] [main] [info] update#setState idle
[2022-01-19 13:51:19.473] [main] [info] update#setState checking for updates
[2022-01-19 13:51:19.636] [main] [info] update#setState idle
[2022-01-19 14:56:16.567] [main] [info] update#setState checking for updates
[2022-01-19 14:56:16.759] [main] [info] update#setState idle
[2022-01-19 15:56:16.588] [main] [info] update#setState checking for updates
[2022-01-19 15:56:16.803] [main] [info] update#setState idle
[2022-01-19 16:56:16.590] [main] [info] update#setState checking for updates
[2022-01-19 16:56:16.765] [main] [info] update#setState idle
[2022-01-19 17:56:16.586] [main] [info] update#setState checking for updates
[2022-01-19 17:56:16.805] [main] [info] update#setState idle
[2022-01-19 19:09:12.147] [main] [info] update#setState checking for updates
[2022-01-19 19:09:12.677] [main] [info] update#setState idle
[2022-01-19 20:24:12.104] [main] [info] update#setState checking for updates
[2022-01-19 20:24:12.875] [main] [info] update#setState idle
[2022-01-19 22:03:22.555] [main] [info] update#setState checking for updates
[2022-01-19 22:03:22.898] [main] [info] update#setState idle
[2022-01-19 23:03:22.384] [main] [info] update#setState checking for updates
[2022-01-19 23:03:22.551] [main] [info] update#setState idle
[2022-01-20 00:03:22.536] [main] [info] update#setState checking for updates
[2022-01-20 00:03:22.704] [main] [info] update#setState idle
[2022-01-20 01:13:12.527] [main] [info] update#setState checking for updates
[2022-01-20 01:13:12.857] [main] [info] update#setState idle
[2022-01-20 02:22:03.237] [main] [info] update#setState checking for updates
[2022-01-20 02:22:03.949] [main] [info] update#setState idle
[2022-01-20 04:22:51.185] [main] [info] update#setState checking for updates
[2022-01-20 04:22:51.905] [main] [info] update#setState idle
[2022-01-20 06:23:39.135] [main] [info] update#setState checking for updates
[2022-01-20 08:18:21.414] [main] [info] update#setState idle
[2022-01-20 09:18:20.258] [main] [info] update#setState checking for updates
[2022-01-20 09:18:20.429] [main] [info] update#setState idle
[2022-01-20 10:18:20.285] [main] [info] update#setState checking for updates
[2022-01-20 10:18:20.472] [main] [info] update#setState idle
[2022-01-20 11:18:20.360] [main] [info] update#setState checking for updates
[2022-01-20 11:18:20.532] [main] [info] update#setState idle
[2022-01-20 12:18:20.420] [main] [info] update#setState checking for updates
[2022-01-20 12:18:20.616] [main] [info] update#setState idle
[2022-01-20 13:18:20.431] [main] [info] update#setState checking for updates
[2022-01-20 13:18:20.609] [main] [info] update#setState idle
[2022-01-20 14:18:20.505] [main] [info] update#setState checking for updates
[2022-01-20 14:18:20.695] [main] [info] update#setState idle
[2022-01-20 15:18:20.469] [main] [info] update#setState checking for updates
[2022-01-20 15:18:20.645] [main] [info] update#setState idle
[2022-01-20 16:18:20.454] [main] [info] update#setState checking for updates
[2022-01-20 16:18:20.636] [main] [info] update#setState idle
[2022-01-20 17:18:20.696] [main] [info] update#setState checking for updates
[2022-01-20 17:18:20.869] [main] [info] update#setState idle
[2022-01-20 18:27:13.839] [main] [info] update#setState checking for updates
[2022-01-20 18:27:14.015] [main] [info] update#setState idle
[2022-01-20 19:30:08.303] [main] [info] update#setState checking for updates
[2022-01-20 19:30:08.825] [main] [info] update#setState idle
[2022-01-20 20:31:02.736] [main] [info] update#setState checking for updates
[2022-01-20 20:31:03.097] [main] [info] update#setState idle
[2022-01-20 21:39:23.954] [main] [info] update#setState checking for updates
[2022-01-20 21:39:24.317] [main] [info] update#setState idle
[2022-01-20 22:39:23.984] [main] [info] update#setState checking for updates
[2022-01-20 22:39:24.154] [main] [info] update#setState idle
[2022-01-20 23:39:24.154] [main] [info] update#setState checking for updates
[2022-01-20 23:39:24.332] [main] [info] update#setState idle
[2022-01-21 00:52:56.474] [main] [info] update#setState checking for updates
[2022-01-21 00:52:57.363] [main] [info] update#setState idle
[2022-01-21 03:19:35.709] [main] [info] update#setState checking for updates
[2022-01-21 03:19:36.110] [main] [info] update#setState idle
[2022-01-21 05:22:22.779] [main] [info] update#setState checking for updates
[2022-01-21 05:22:23.192] [main] [info] update#setState idle
[2022-01-21 07:23:11.613] [main] [info] update#setState checking for updates
[2022-01-21 07:23:11.825] [main] [info] update#setState idle
[2022-01-21 08:23:11.631] [main] [info] update#setState checking for updates
[2022-01-21 08:23:11.834] [main] [info] update#setState idle
[2022-01-21 09:23:11.770] [main] [info] update#setState checking for updates
[2022-01-21 09:23:11.948] [main] [info] update#setState idle
[2022-01-21 10:23:11.825] [main] [info] update#setState checking for updates
[2022-01-21 10:23:12.061] [main] [info] update#setState idle
[2022-01-21 11:23:11.787] [main] [info] update#setState checking for updates
[2022-01-21 11:23:11.949] [main] [info] update#setState idle
[2022-01-21 12:23:11.764] [main] [info] update#setState checking for updates
[2022-01-21 12:23:11.953] [main] [info] update#setState idle
[2022-01-21 13:23:11.779] [main] [info] update#setState checking for updates
[2022-01-21 13:23:11.993] [main] [info] update#setState idle
[2022-01-21 14:23:11.930] [main] [info] update#setState checking for updates
[2022-01-21 14:23:12.096] [main] [info] update#setState idle
[2022-01-21 15:23:11.925] [main] [info] update#setState checking for updates
[2022-01-21 15:23:12.100] [main] [info] update#setState idle
[2022-01-21 16:23:11.910] [main] [info] update#setState checking for updates
[2022-01-21 16:23:12.159] [main] [info] update#setState idle
[2022-01-21 17:23:12.039] [main] [info] update#setState checking for updates
[2022-01-21 17:23:12.264] [main] [info] update#setState idle
[2022-01-21 18:23:12.098] [main] [info] update#setState checking for updates
[2022-01-21 18:23:12.341] [main] [info] update#setState idle
[2022-01-21 19:23:12.161] [main] [info] update#setState checking for updates
[2022-01-21 19:23:12.386] [main] [info] update#setState idle
[2022-01-21 20:23:12.116] [main] [info] update#setState checking for updates
[2022-01-21 20:23:12.314] [main] [info] update#setState idle
[2022-01-21 21:23:12.169] [main] [info] update#setState checking for updates
[2022-01-21 21:23:12.369] [main] [info] update#setState idle
[2022-01-21 22:23:12.205] [main] [info] update#setState checking for updates
[2022-01-21 22:23:12.407] [main] [info] update#setState idle
[2022-01-21 23:23:12.197] [main] [info] update#setState checking for updates
[2022-01-21 23:23:12.404] [main] [info] update#setState idle
[2022-01-22 00:23:12.252] [main] [info] update#setState checking for updates
[2022-01-22 00:23:12.466] [main] [info] update#setState idle
[2022-01-22 01:23:12.293] [main] [info] update#setState checking for updates
[2022-01-22 01:23:12.495] [main] [info] update#setState idle
[2022-01-22 02:23:12.305] [main] [info] update#setState checking for updates
[2022-01-22 02:23:12.547] [main] [info] update#setState idle
[2022-01-22 03:23:12.333] [main] [info] update#setState checking for updates
[2022-01-22 03:23:12.566] [main] [info] update#setState idle
[2022-01-22 04:23:12.332] [main] [info] update#setState checking for updates
[2022-01-22 04:23:12.537] [main] [info] update#setState idle
[2022-01-22 05:23:12.311] [main] [info] update#setState checking for updates
[2022-01-22 05:23:12.517] [main] [info] update#setState idle
[2022-01-22 06:23:12.431] [main] [info] update#setState checking for updates
[2022-01-22 06:23:12.679] [main] [info] update#setState idle
[2022-01-22 07:23:12.419] [main] [info] update#setState checking for updates
[2022-01-22 07:23:12.662] [main] [info] update#setState idle
[2022-01-22 08:23:12.442] [main] [info] update#setState checking for updates
[2022-01-22 08:23:12.667] [main] [info] update#setState idle
[2022-01-22 09:23:12.470] [main] [info] update#setState checking for updates
[2022-01-22 09:23:12.684] [main] [info] update#setState idle
[2022-01-22 10:23:12.536] [main] [info] update#setState checking for updates
[2022-01-22 10:23:12.705] [main] [info] update#setState idle
[2022-01-22 11:23:12.536] [main] [info] update#setState checking for updates
[2022-01-22 11:23:12.736] [main] [info] update#setState idle
[2022-01-22 12:23:12.528] [main] [info] update#setState checking for updates
[2022-01-22 12:23:12.706] [main] [info] update#setState idle
[2022-01-22 13:23:12.546] [main] [info] update#setState checking for updates
[2022-01-22 13:23:12.725] [main] [info] update#setState idle
[2022-01-22 14:23:12.608] [main] [info] update#setState checking for updates
[2022-01-22 14:23:12.819] [main] [info] update#setState idle
[2022-01-22 15:23:12.627] [main] [info] update#setState checking for updates
[2022-01-22 15:23:12.841] [main] [info] update#setState idle
[2022-01-22 16:23:12.638] [main] [info] update#setState checking for updates
[2022-01-22 16:23:12.815] [main] [info] update#setState idle
[2022-01-22 17:23:12.638] [main] [info] update#setState checking for updates
[2022-01-22 17:23:12.817] [main] [info] update#setState idle
[2022-01-22 18:23:12.713] [main] [info] update#setState checking for updates
[2022-01-22 18:23:12.888] [main] [info] update#setState idle
[2022-01-22 19:23:12.740] [main] [info] update#setState checking for updates
[2022-01-22 19:23:12.974] [main] [info] update#setState idle
[2022-01-22 20:23:12.820] [main] [info] update#setState checking for updates
[2022-01-22 20:23:13.003] [main] [info] update#setState idle
[2022-01-22 21:23:12.808] [main] [info] update#setState checking for updates
[2022-01-22 21:23:12.991] [main] [info] update#setState idle
[2022-01-22 22:23:12.895] [main] [info] update#setState checking for updates
[2022-01-22 22:23:13.075] [main] [info] update#setState idle
[2022-01-22 23:23:12.762] [main] [info] update#setState checking for updates
[2022-01-22 23:23:12.938] [main] [info] update#setState idle
[2022-01-23 00:23:12.880] [main] [info] update#setState checking for updates
[2022-01-23 00:23:13.075] [main] [info] update#setState idle
[2022-01-23 01:23:12.933] [main] [info] update#setState checking for updates
[2022-01-23 01:23:13.111] [main] [info] update#setState idle
[2022-01-23 02:23:12.991] [main] [info] update#setState checking for updates
[2022-01-23 02:23:13.210] [main] [info] update#setState idle
[2022-01-23 03:23:12.957] [main] [info] update#setState checking for updates
[2022-01-23 03:23:13.138] [main] [info] update#setState idle
[2022-01-23 04:23:12.990] [main] [info] update#setState checking for updates
[2022-01-23 04:23:13.208] [main] [info] update#setState idle
[2022-01-23 05:23:12.971] [main] [info] update#setState checking for updates
[2022-01-23 05:23:13.186] [main] [info] update#setState idle
[2022-01-23 06:23:13.024] [main] [info] update#setState checking for updates
[2022-01-23 06:23:13.204] [main] [info] update#setState idle
[2022-01-23 07:23:13.099] [main] [info] update#setState checking for updates
[2022-01-23 07:23:13.289] [main] [info] update#setState idle
[2022-01-23 08:23:13.147] [main] [info] update#setState checking for updates
[2022-01-23 08:23:13.357] [main] [info] update#setState idle
[2022-01-23 09:23:13.111] [main] [info] update#setState checking for updates
[2022-01-23 09:23:13.327] [main] [info] update#setState idle
[2022-01-23 10:23:13.182] [main] [info] update#setState checking for updates
[2022-01-23 10:23:13.418] [main] [info] update#setState idle
[2022-01-23 11:23:13.137] [main] [info] update#setState checking for updates
[2022-01-23 11:23:13.332] [main] [info] update#setState idle
[2022-01-23 12:23:13.194] [main] [info] update#setState checking for updates
[2022-01-23 12:23:13.373] [main] [info] update#setState idle
[2022-01-23 13:23:13.227] [main] [info] update#setState checking for updates
[2022-01-23 13:23:13.410] [main] [info] update#setState idle
[2022-01-23 14:23:13.247] [main] [info] update#setState checking for updates
[2022-01-23 14:23:13.436] [main] [info] update#setState idle
[2022-01-23 15:23:13.283] [main] [info] update#setState checking for updates
[2022-01-23 15:23:13.494] [main] [info] update#setState idle
[2022-01-23 16:23:13.294] [main] [info] update#setState checking for updates
[2022-01-23 16:23:13.479] [main] [info] update#setState idle
[2022-01-23 17:23:13.318] [main] [info] update#setState checking for updates
[2022-01-23 17:23:13.525] [main] [info] update#setState idle
[2022-01-23 18:09:20.001] [main] [info] Waiting for extension host with pid 6747 to exit.
[2022-01-23 18:09:20.320] [main] [info] Extension host with pid 6747 exited with code: 0, signal: null.
