[2022-01-17 07:55:26.959] [sharedprocess] [info] Deleted from disk rvest.vs-code-prettier-eslint /Users/jdej/dev/jdej/vscode-profiles/npaw/exts/rvest.vs-code-prettier-eslint-3.0.2
[2022-01-17 07:55:26.989] [sharedprocess] [info] Deleted from disk pkief.material-icon-theme /Users/jdej/dev/jdej/vscode-profiles/npaw/exts/pkief.material-icon-theme-4.6.0
[2022-01-17 07:55:27.011] [sharedprocess] [info] Starting worker process with pid 6757 (type: watcherServiceParcelSharedProcess, window: 1).
[2022-01-17 07:55:27.143] [sharedprocess] [info] Deleted from disk dbaeumer.vscode-eslint /Users/jdej/dev/jdej/vscode-profiles/npaw/exts/dbaeumer.vscode-eslint-2.1.20
[2022-01-17 07:55:27.143] [sharedprocess] [info] Deleted from disk eamodio.gitlens /Users/jdej/dev/jdej/vscode-profiles/npaw/exts/eamodio.gitlens-11.4.1
[2022-01-17 07:55:27.204] [sharedprocess] [info] Deleted from disk atlassian.atlascode /Users/jdej/dev/jdej/vscode-profiles/npaw/exts/atlassian.atlascode-2.10.1
[2022-01-17 07:55:27.206] [sharedprocess] [info] Deleted from disk atlassian.atlascode /Users/jdej/dev/jdej/vscode-profiles/npaw/exts/atlassian.atlascode-2.8.6
[2022-01-17 07:55:27.206] [sharedprocess] [info] Deleted from disk christian-kohler.path-intellisense /Users/jdej/dev/jdej/vscode-profiles/npaw/exts/christian-kohler.path-intellisense-2.3.0
[2022-01-17 07:55:27.206] [sharedprocess] [info] Deleted from disk atlassian.atlascode /Users/jdej/dev/jdej/vscode-profiles/npaw/exts/atlassian.atlascode-2.10.2
[2022-01-17 07:55:27.206] [sharedprocess] [info] Deleted from disk donjayamanne.githistory /Users/jdej/dev/jdej/vscode-profiles/npaw/exts/donjayamanne.githistory-0.6.16
[2022-01-17 07:55:27.206] [sharedprocess] [info] Deleted from disk gruntfuggly.todo-tree /Users/jdej/dev/jdej/vscode-profiles/npaw/exts/gruntfuggly.todo-tree-0.0.214
[2022-01-17 07:55:27.207] [sharedprocess] [info] Deleted from disk gruntfuggly.todo-tree /Users/jdej/dev/jdej/vscode-profiles/npaw/exts/gruntfuggly.todo-tree-0.0.211
[2022-01-17 07:55:27.274] [sharedprocess] [info] Deleted from disk coenraads.bracket-pair-colorizer-2 /Users/jdej/dev/jdej/vscode-profiles/npaw/exts/coenraads.bracket-pair-colorizer-2-0.2.0
[2022-01-17 07:55:27.280] [sharedprocess] [info] Deleted from disk coenraads.bracket-pair-colorizer-2 /Users/jdej/dev/jdej/vscode-profiles/npaw/exts/coenraads.bracket-pair-colorizer-2-0.2.2
[2022-01-17 07:55:27.403] [sharedprocess] [info] Deleted from disk redhat.vscode-yaml /Users/jdej/dev/jdej/vscode-profiles/npaw/exts/redhat.vscode-yaml-0.18.0
[2022-01-17 07:55:27.404] [sharedprocess] [info] Deleted from disk msjsdiag.debugger-for-chrome /Users/jdej/dev/jdej/vscode-profiles/npaw/exts/msjsdiag.debugger-for-chrome-4.12.12
[2022-01-17 07:55:27.431] [sharedprocess] [info] Deleted from disk aeschli.vscode-css-formatter /Users/jdej/dev/jdej/vscode-profiles/npaw/exts/aeschli.vscode-css-formatter-1.0.1
[2022-01-17 07:55:27.451] [sharedprocess] [info] Deleted from disk ms-vsliveshare.vsliveshare /Users/jdej/dev/jdej/vscode-profiles/npaw/exts/ms-vsliveshare.vsliveshare-1.0.4131
[2022-01-17 07:55:29.267] [sharedprocess] [info] Installing extension: christian-kohler.path-intellisense
[2022-01-17 07:55:29.269] [sharedprocess] [info] Installing extension: redhat.vscode-yaml
[2022-01-17 07:55:30.441] [sharedprocess] [info] Downloaded extension: christian-kohler.path-intellisense /Users/jdej/dev/jdej/vscode-profiles/npaw/data/CachedExtensionVSIXs/christian-kohler.path-intellisense-2.6.1
[2022-01-17 07:55:30.485] [sharedprocess] [info] Downloaded extension: redhat.vscode-yaml /Users/jdej/dev/jdej/vscode-profiles/npaw/data/CachedExtensionVSIXs/redhat.vscode-yaml-1.3.0
[2022-01-17 07:55:30.665] [sharedprocess] [info] Extracted extension to /Users/jdej/dev/jdej/vscode-profiles/npaw/exts/.d9c28a86-d267-436f-a191-84f22fc27def: christian-kohler.path-intellisense
[2022-01-17 07:55:30.692] [sharedprocess] [info] Renamed to /Users/jdej/dev/jdej/vscode-profiles/npaw/exts/christian-kohler.path-intellisense-2.6.1
[2022-01-17 07:55:30.694] [sharedprocess] [info] Extracting completed. christian-kohler.path-intellisense
[2022-01-17 07:55:30.696] [sharedprocess] [info] Extracted extension to /Users/jdej/dev/jdej/vscode-profiles/npaw/exts/.fb05c6b6-7494-45de-8b7a-e3ef1fd2a768: redhat.vscode-yaml
[2022-01-17 07:55:30.719] [sharedprocess] [info] Extension installed successfully: christian-kohler.path-intellisense
[2022-01-17 07:55:30.742] [sharedprocess] [info] Renamed to /Users/jdej/dev/jdej/vscode-profiles/npaw/exts/redhat.vscode-yaml-1.3.0
[2022-01-17 07:55:30.744] [sharedprocess] [info] Extracting completed. redhat.vscode-yaml
[2022-01-17 07:55:30.785] [sharedprocess] [info] Extension installed successfully: redhat.vscode-yaml
[2022-01-17 16:41:40.673] [sharedprocess] [info] Uninstalling extension: msjsdiag.debugger-for-chrome
[2022-01-17 16:41:40.991] [sharedprocess] [info] Detected extension removed from another source msjsdiag.debugger-for-chrome
[2022-01-17 16:41:41.038] [sharedprocess] [info] Successfully uninstalled extension: msjsdiag.debugger-for-chrome
[2022-01-17 18:45:27.825] [sharedprocess] [warning] No ptyHost heartbeat after 6 seconds
[2022-01-17 22:26:59.534] [sharedprocess] [warning] No ptyHost heartbeat after 6 seconds
[2022-01-18 00:05:27.316] [sharedprocess] [warning] No ptyHost heartbeat after 6 seconds
[2022-01-18 13:52:31.062] [sharedprocess] [warning] No ptyHost heartbeat after 6 seconds
[2022-01-19 00:04:37.092] [sharedprocess] [warning] No ptyHost heartbeat after 6 seconds
[2022-01-19 14:46:06.028] [sharedprocess] [warning] No ptyHost heartbeat after 6 seconds
[2022-01-19 14:56:16.210] [sharedprocess] [warning] No ptyHost heartbeat after 6 seconds
[2022-01-19 18:51:40.426] [sharedprocess] [warning] No ptyHost heartbeat after 6 seconds
[2022-01-19 19:49:19.112] [sharedprocess] [warning] No ptyHost heartbeat after 6 seconds
[2022-01-19 20:45:33.099] [sharedprocess] [warning] No ptyHost heartbeat after 6 seconds
[2022-01-20 01:13:12.172] [sharedprocess] [warning] No ptyHost heartbeat after 6 seconds
[2022-01-20 09:08:59.708] [sharedprocess] [warning] No ptyHost heartbeat after 6 seconds
[2022-01-20 10:40:07.248] [sharedprocess] [info] Installing extension: ms-vsliveshare.vsliveshare
[2022-01-20 10:40:07.256] [sharedprocess] [info] Installing extension: atlassian.atlascode
[2022-01-20 10:40:08.638] [sharedprocess] [info] Downloaded extension: atlassian.atlascode /Users/jdej/dev/jdej/vscode-profiles/npaw/data/CachedExtensionVSIXs/atlassian.atlascode-2.10.4
[2022-01-20 10:40:08.848] [sharedprocess] [info] Extracted extension to /Users/jdej/dev/jdej/vscode-profiles/npaw/exts/.5a0e3313-a1b3-44a5-ae85-7b60d3d916ac: atlassian.atlascode
[2022-01-20 10:40:08.875] [sharedprocess] [info] Renamed to /Users/jdej/dev/jdej/vscode-profiles/npaw/exts/atlassian.atlascode-2.10.4
[2022-01-20 10:40:08.877] [sharedprocess] [info] Extracting completed. atlassian.atlascode
[2022-01-20 10:40:08.924] [sharedprocess] [info] Extension installed successfully: atlassian.atlascode
[2022-01-20 10:40:09.269] [sharedprocess] [info] Downloaded extension: ms-vsliveshare.vsliveshare /Users/jdej/dev/jdej/vscode-profiles/npaw/data/CachedExtensionVSIXs/ms-vsliveshare.vsliveshare-1.0.5273
[2022-01-20 10:40:10.748] [sharedprocess] [info] Extracted extension to /Users/jdej/dev/jdej/vscode-profiles/npaw/exts/.d4c1bf6f-3ea6-4958-aee7-e56b517a8784: ms-vsliveshare.vsliveshare
[2022-01-20 10:40:10.784] [sharedprocess] [info] Renamed to /Users/jdej/dev/jdej/vscode-profiles/npaw/exts/ms-vsliveshare.vsliveshare-1.0.5273
[2022-01-20 10:40:10.787] [sharedprocess] [info] Extracting completed. ms-vsliveshare.vsliveshare
[2022-01-20 10:40:10.811] [sharedprocess] [info] Extension installed successfully: ms-vsliveshare.vsliveshare
[2022-01-20 18:04:16.798] [sharedprocess] [warning] No ptyHost heartbeat after 6 seconds
[2022-01-20 18:44:44.444] [sharedprocess] [warning] No ptyHost heartbeat after 6 seconds
[2022-01-21 03:19:35.357] [sharedprocess] [warning] No ptyHost heartbeat after 6 seconds
[2022-01-21 07:23:11.256] [sharedprocess] [warning] No ptyHost heartbeat after 6 seconds
[2022-01-21 11:34:26.497] [sharedprocess] [info] Installing extension: christian-kohler.path-intellisense
[2022-01-21 11:34:27.770] [sharedprocess] [info] Downloaded extension: christian-kohler.path-intellisense /Users/jdej/dev/jdej/vscode-profiles/npaw/data/CachedExtensionVSIXs/christian-kohler.path-intellisense-2.7.0
[2022-01-21 11:34:27.870] [sharedprocess] [info] Extracted extension to /Users/jdej/dev/jdej/vscode-profiles/npaw/exts/.9e88e49c-44ab-407c-b86d-b61665868b83: christian-kohler.path-intellisense
[2022-01-21 11:34:27.894] [sharedprocess] [info] Renamed to /Users/jdej/dev/jdej/vscode-profiles/npaw/exts/christian-kohler.path-intellisense-2.7.0
[2022-01-21 11:34:27.896] [sharedprocess] [info] Extracting completed. christian-kohler.path-intellisense
[2022-01-21 11:34:27.920] [sharedprocess] [info] Extension installed successfully: christian-kohler.path-intellisense
[2022-01-21 23:34:29.435] [sharedprocess] [info] Installing extension: atlassian.atlascode
[2022-01-21 23:34:30.679] [sharedprocess] [info] Downloaded extension: atlassian.atlascode /Users/jdej/dev/jdej/vscode-profiles/npaw/data/CachedExtensionVSIXs/atlassian.atlascode-2.10.5
[2022-01-21 23:34:30.821] [sharedprocess] [info] Extracted extension to /Users/jdej/dev/jdej/vscode-profiles/npaw/exts/.2e4bc3ea-a182-4cf2-a54d-8f9d6e4a3a3c: atlassian.atlascode
[2022-01-21 23:34:30.846] [sharedprocess] [info] Renamed to /Users/jdej/dev/jdej/vscode-profiles/npaw/exts/atlassian.atlascode-2.10.5
[2022-01-21 23:34:30.849] [sharedprocess] [info] Extracting completed. atlassian.atlascode
[2022-01-21 23:34:30.875] [sharedprocess] [info] Extension installed successfully: atlassian.atlascode
