[2022-03-30T12:55:59.767Z] Validating found git in: /usr/local/bin/git
[2022-03-30T12:55:59.873Z] Using git 2.32.0 from /usr/local/bin/git
[2022-03-30T12:56:00.057Z] > git rev-parse --git-dir [140ms]
[2022-03-30T12:56:00.069Z] Open repository: /Users/jdej/dev/jdej/WebStorageManager
[2022-03-30T12:56:00.176Z] > git symbolic-ref --short HEAD [70ms]
[2022-03-30T12:56:00.182Z] > git ls-tree -l HEAD -- /Users/jdej/dev/jdej/WebStorageManager/README.md [66ms]
[2022-03-30T12:56:00.193Z] > git for-each-ref --format=%(refname)%00%(upstream:short)%00%(objectname)%00%(upstream:track) refs/heads/devel refs/remotes/devel [14ms]
[2022-03-30T12:56:00.211Z] > git for-each-ref --sort -committerdate --format %(refname) %(objectname) %(*objectname) [12ms]
[2022-03-30T12:56:00.213Z] > git remote --verbose [6ms]
[2022-03-30T12:56:00.226Z] > git config --get commit.template [7ms]
[2022-03-30T12:56:00.304Z] > git ls-tree -l HEAD -- /Users/jdej/dev/jdej/WebStorageManager/README.md [7ms]
[2022-03-30T12:56:01.001Z] > git log --format=%H%n%aN%n%aE%n%at%n%ct%n%P%n%B -z -n21 -- /Users/jdej/dev/jdej/WebStorageManager/README.md [55ms]
[2022-03-30T12:56:02.450Z] > git config --global user.email [1057ms]
[2022-03-30T12:56:03.189Z] > git ls-tree -l HEAD -- /Users/jdej/dev/jdej/WebStorageManager/README.md [744ms]
[2022-03-30T12:56:03.190Z] > git symbolic-ref --short HEAD [753ms]
[2022-03-30T12:56:03.235Z] > git config --global user.name [783ms]
[2022-03-30T12:56:03.686Z] > git for-each-ref --format=%(refname)%00%(upstream:short)%00%(objectname)%00%(upstream:track) refs/heads/devel refs/remotes/devel [493ms]
[2022-03-30T12:56:03.816Z] > git remote --verbose [119ms]
[2022-03-30T12:56:03.817Z] > git for-each-ref --sort -committerdate --format %(refname) %(objectname) %(*objectname) [127ms]
[2022-03-30T12:56:03.865Z] > git config --get commit.template [39ms]
[2022-03-30T12:56:04.004Z] > git symbolic-ref --short HEAD [110ms]
[2022-03-30T12:56:04.035Z] > git for-each-ref --format=%(refname)%00%(upstream:short)%00%(objectname)%00%(upstream:track) refs/heads/devel refs/remotes/devel [29ms]
[2022-03-30T12:56:04.324Z] > git for-each-ref --sort -committerdate --format %(refname) %(objectname) %(*objectname) [287ms]
[2022-03-30T12:56:04.324Z] > git remote --verbose [285ms]
[2022-03-30T12:56:04.350Z] > git config --get commit.template [15ms]
[2022-03-30T12:56:04.366Z] > git show -s --format=%an <%ae> [%ai] 7cf972f5767ac00920ca561092ac03d04520e784 [13ms]
[2022-03-30T12:56:05.425Z] > git ls-tree -l HEAD -- /Users/jdej/dev/jdej/WebStorageManager/README.md [5ms]
[2022-03-30T12:56:05.647Z] > git rev-list --count 48d3b8c980c97f8a567d483051d55f8c709264d0.. -- /Users/jdej/dev/jdej/WebStorageManager/README.md [11ms]
[2022-03-30T12:56:05.656Z] > git log --format=%H%n%aN%n%aE%n%at%n%ct%n%P%n%B -z -n2 -- /Users/jdej/dev/jdej/WebStorageManager/README.md [7ms]
[2022-03-30T12:56:05.826Z] > git ls-files --stage -- /Users/jdej/dev/jdej/WebStorageManager/README.md [6ms]
[2022-03-30T12:56:05.834Z] > git cat-file -s a151b973fd9098f8ef5849199e25637048cc4c8f [6ms]
[2022-03-30T12:56:15.192Z] > git ls-tree -l HEAD -- /Users/jdej/dev/jdej/WebStorageManager/package.json [14ms]
[2022-03-30T12:56:18.818Z] > git ls-tree -l HEAD -- /Users/jdej/dev/jdej/WebStorageManager/jest.config.json [7ms]
[2022-03-30T12:56:19.349Z] > git ls-tree -l HEAD -- /Users/jdej/dev/jdej/WebStorageManager/.travis.yml [12ms]
[2022-03-30T12:56:19.810Z] > git ls-tree -l HEAD -- /Users/jdej/dev/jdej/WebStorageManager/.gitignore [9ms]
[2022-03-30T12:57:16.333Z] > git ls-files --stage -- /Users/jdej/dev/jdej/WebStorageManager/src/index.ts [6ms]
[2022-03-30T12:57:16.343Z] > git cat-file -s 801ca2350be6d05984bd56ce43b37012e7c37d97 [8ms]
[2022-03-30T12:57:34.009Z] > git ls-files --stage -- /Users/jdej/dev/jdej/WebStorageManager/src/windowStorage.ts [7ms]
[2022-03-30T12:57:36.666Z] > git ls-files --stage -- /Users/jdej/dev/jdej/WebStorageManager/src/index.ts [4ms]
[2022-03-30T12:57:36.673Z] > git cat-file -s 801ca2350be6d05984bd56ce43b37012e7c37d97 [5ms]
[2022-03-30T12:57:40.238Z] > git ls-files --stage -- /Users/jdej/dev/jdej/WebStorageManager/src/WebStorageManager.ts [14ms]
[2022-03-30T12:57:40.252Z] > git cat-file -s cc9eda410179140246b444b8a7dc3936da366f3d [9ms]
[2022-03-30T12:58:31.679Z] > git ls-files --stage -- /Users/jdej/dev/jdej/WebStorageManager/src/index.ts [5ms]
[2022-03-30T12:58:31.685Z] > git cat-file -s 801ca2350be6d05984bd56ce43b37012e7c37d97 [5ms]
[2022-03-30T12:58:39.385Z] > git ls-files --stage -- /Users/jdej/dev/jdej/WebStorageManager/src/index.test.ts [5ms]
[2022-03-30T12:58:39.391Z] > git cat-file -s f8d7662a01769b7604a1750b019e7ea142ea2434 [5ms]
[2022-03-30T12:58:43.894Z] > git ls-files --stage -- /Users/jdej/dev/jdej/WebStorageManager/src/index.ts [6ms]
[2022-03-30T12:58:43.900Z] > git cat-file -s 801ca2350be6d05984bd56ce43b37012e7c37d97 [5ms]
[2022-03-30T12:58:45.180Z] > git ls-files --stage -- /Users/jdej/dev/jdej/WebStorageManager/src/Types.ts [6ms]
[2022-03-30T12:58:45.186Z] > git cat-file -s ce9b806f035fa27652824ac597e34a01393443a1 [4ms]
[2022-03-30T12:58:47.229Z] > git log --format=%H%n%aN%n%aE%n%at%n%ct%n%P%n%B -z -n21 -- /Users/jdej/dev/jdej/WebStorageManager/src/Types.ts [19ms]
[2022-03-30T12:58:47.232Z] > git log --format=%H%n%aN%n%aE%n%at%n%ct%n%P%n%B -z -n41 -- /Users/jdej/dev/jdej/WebStorageManager/src/Types.ts [6ms]
[2022-03-30T12:58:47.388Z] > git ls-files --stage -- /Users/jdej/dev/jdej/WebStorageManager/src/index.ts [5ms]
[2022-03-30T12:58:47.393Z] > git cat-file -s 801ca2350be6d05984bd56ce43b37012e7c37d97 [4ms]
[2022-03-30T13:00:54.830Z] > git log --format=%H%n%aN%n%aE%n%at%n%ct%n%P%n%B -z -n21 -- /Users/jdej/dev/jdej/WebStorageManager/src/WebStorageManager.ts [20ms]
[2022-03-30T13:00:54.990Z] > git ls-files --stage -- /Users/jdej/dev/jdej/WebStorageManager/src/WebStorageManager.ts [4ms]
[2022-03-30T13:00:54.996Z] > git cat-file -s cc9eda410179140246b444b8a7dc3936da366f3d [4ms]
[2022-03-30T13:01:36.940Z] > git ls-files --stage -- /Users/jdej/dev/jdej/WebStorageManager/src/WebStorageManager.ts [5ms]
[2022-03-30T13:01:36.946Z] > git cat-file -s cc9eda410179140246b444b8a7dc3936da366f3d [4ms]
[2022-03-30T13:01:43.380Z] > git ls-files --stage -- /Users/jdej/dev/jdej/WebStorageManager/src/index.ts [5ms]
[2022-03-30T13:01:43.387Z] > git cat-file -s 801ca2350be6d05984bd56ce43b37012e7c37d97 [4ms]
[2022-03-30T13:01:45.524Z] > git ls-files --stage -- /Users/jdej/dev/jdej/WebStorageManager/src/windowStorage.ts [6ms]
[2022-03-30T13:02:11.800Z] > git ls-files --stage -- /Users/jdej/dev/jdej/WebStorageManager/src/WebStorageManager.ts [4ms]
[2022-03-30T13:02:11.807Z] > git cat-file -s cc9eda410179140246b444b8a7dc3936da366f3d [5ms]
[2022-03-30T13:09:53.678Z] > git ls-files --stage -- /Users/jdej/dev/jdej/WebStorageManager/tsconfig.json [4ms]
[2022-03-30T13:09:53.686Z] > git cat-file -s 7b682d335a0a35322abc12504336ae1cc035310f [5ms]
