[2021-04-16 11:28:30:159] Warning(/usr/local/bin/git -c core.quotepath=false -c color.ui=false -c log.showSignature=false show --textconv v6.7.0:./.vscode/launch.json --): 
[2021-04-16 11:28:30:160] Warning(/usr/local/bin/git -c core.quotepath=false -c color.ui=false -c log.showSignature=false show --textconv v6.7.0:./.vscode/settings.json --): 
[2021-04-16 11:28:30:553] Warning(/usr/local/bin/git -c core.quotepath=false -c color.ui=false -c log.showSignature=false show --textconv v6.7.0:./.vscode/extensions.json --): 
[2021-04-16 11:28:30:885] Warning(/usr/local/bin/git -c core.quotepath=false -c color.ui=false -c log.showSignature=false show --textconv v6.7.0:./.vscode/launch.json --): 
[2021-04-16 11:28:30:886] Warning(/usr/local/bin/git -c core.quotepath=false -c color.ui=false -c log.showSignature=false show --textconv v6.7.0:./.vscode/settings.json --): 
[2021-04-16 11:28:32:294] Warning(/usr/local/bin/git -c core.quotepath=false -c color.ui=false -c log.showSignature=false show --textconv v6.7.0:./package.json --): 
[2021-04-16 11:28:54:940] Warning(/usr/local/bin/git -c core.quotepath=false -c color.ui=false -c log.showSignature=false show --textconv v6.7.0:./src/helpers/widgets/getEchartOptionsForMap.js --): 
[2021-04-19 07:51:20:177] Warning(/usr/local/bin/git -c core.quotepath=false -c color.ui=false -c log.showSignature=false show --textconv af74b273a5e2a0806b6d4de804aaec641b5c4a73^:./src/pages/UsersGrowthChurn/containers/index.js --): 
[2021-04-19 07:51:20:179] Warning(/usr/local/bin/git -c core.quotepath=false -c color.ui=false -c log.showSignature=false show --textconv af74b273a5e2a0806b6d4de804aaec641b5c4a73:./src/pages/UsersGrowthChurn/containers/index.js --): 
[2021-04-19 08:04:35:680] Warning(/usr/local/bin/git -c core.quotepath=false -c color.ui=false -c log.showSignature=false show --textconv af74b273a5e2a0806b6d4de804aaec641b5c4a73:./src/pages/UsersGrowthChurn/styles/index.css --): 
[2021-04-19 08:22:46:968] [/Users/jdej/dev/npaw/youbora] Git Command failed: /usr/local/bin/git -c core.quotepath=false -c color.ui=false merge-base --fork-point develop HEAD • 18 ms 
[2021-04-19 08:22:46:968] /Users/jdej/dev/jdej/vscode-profiles/npaw/exts/eamodio.gitlens-11.4.1/dist/gitlens.js:53:36614
Error: Command failed: /usr/local/bin/git -c core.quotepath=false -c color.ui=false merge-base --fork-point develop HEAD

[2021-04-19 08:22:52:949] Warning(/usr/local/bin/git -c core.quotepath=false -c color.ui=false -c log.showSignature=false show --textconv fb6c692f05d19466625fd2b1008130afb6d4cc3c:./src/pages/TrackingVideo/pages/Detail/components/DetailTimelineChart/index.js --): 
[2021-04-19 08:22:52:953] Warning(/usr/local/bin/git -c core.quotepath=false -c color.ui=false -c log.showSignature=false show --textconv 60678831ca018094b559510f876eea49ea960124:./src/pages/TrackingVideo/pages/Detail/components/DetailTimelineChart/index.js --): 
[2021-04-19 08:22:53:821] Warning(/usr/local/bin/git -c core.quotepath=false -c color.ui=false -c log.showSignature=false show --textconv 78f0a6716954312db5c2e69f6ee1d0d7c34d2d34:./src/pages/TrackingVideo/pages/Detail/components/Switching/components/SwitchingContent/index.js --): 
[2021-04-19 08:22:53:821] Warning(/usr/local/bin/git -c core.quotepath=false -c color.ui=false -c log.showSignature=false show --textconv 60678831ca018094b559510f876eea49ea960124:./src/pages/TrackingVideo/pages/Detail/components/Switching/components/SwitchingContent/index.js --): 
[2021-04-19 08:22:55:693] Warning(/usr/local/bin/git -c core.quotepath=false -c color.ui=false -c log.showSignature=false show --textconv 10fcbe84c9d3014642daccddd4d6f1a249dc8ae3:./src/pages/TrackingVideo/pages/Detail/components/Switching/components/SwitchingContent/index.js --): 
[2021-04-19 08:56:20:164] [/Applications/Visual Studio Code.app/Contents/Resources/app/extensions/node_modules/typescript/lib] Git Command failed: /usr/local/bin/git -c core.quotepath=false -c color.ui=false rev-parse --show-toplevel • not a git repository (or any of the parent directories): .git • 11 ms 
[2021-04-19 11:04:47:033] Warning(/usr/local/bin/git -c core.quotepath=false -c color.ui=false -c log.showSignature=false show --textconv 7adc992f7c22f6807156d78bcf7406d50dee4f60:./src/helpers/filters/parseFilterFromLegacyFormat.js --): 
[2021-04-19 11:04:55:890] Warning(/usr/local/bin/git -c core.quotepath=false -c color.ui=false -c log.showSignature=false show --textconv 85c163da72d42832adc01289a51039d8c0d32bca:./src/helpers/filters/parseFilterFromLegacyFormat.js --): 
[2021-04-19 11:56:46:334] Warning(/usr/local/bin/git -c core.quotepath=false -c color.ui=false -c log.showSignature=false show --textconv f454a1c0a69181db4e656b4aee99eb1b8a0faa41:./src/helpers/filters/parseFilterForRequest.js --): 
[2021-04-19 11:56:46:335] Warning(/usr/local/bin/git -c core.quotepath=false -c color.ui=false -c log.showSignature=false show --textconv 7d2a1658551e2d60f9f1effa8dbb9f5d151e61a2:./src/helpers/filters/parseFilterForRequest.js --): 
[2021-04-19 11:59:16:927] Warning(/usr/local/bin/git -c core.quotepath=false -c color.ui=false -c log.showSignature=false show --textconv 47a2eabc7094b2a7f5a5dbbf975eb2f179748ee7:./src/components/FiltersWizard/components/SavedFiltersTab/index.js --): 
[2021-04-19 11:59:16:928] Warning(/usr/local/bin/git -c core.quotepath=false -c color.ui=false -c log.showSignature=false show --textconv 6d0a0bfb5eb3fa87903cbd90c24bd2c128714a27:./src/components/FiltersWizard/components/SavedFiltersTab/index.js --): 
[2021-04-19 11:59:48:530] Warning(/usr/local/bin/git -c core.quotepath=false -c color.ui=false -c log.showSignature=false show --textconv eb50ee685b7b1f7c16fb360029a1b502760ed337:./src/components/Grid/HOC/withAutoSizer/index.js --): 
[2021-04-19 11:59:48:532] Warning(/usr/local/bin/git -c core.quotepath=false -c color.ui=false -c log.showSignature=false show --textconv 0a2e989da9d993b18be84e8565b8cfa30d7271af:./src/components/Grid/HOC/withAutoSizer/index.js --): 
[2021-04-19 12:00:46:056] Warning(/usr/local/bin/git -c core.quotepath=false -c color.ui=false -c log.showSignature=false show --textconv 7d2a1658551e2d60f9f1effa8dbb9f5d151e61a2:./src/helpers/filters/parseFilterForRequest.js --): 
[2021-04-19 12:00:46:057] Warning(/usr/local/bin/git -c core.quotepath=false -c color.ui=false -c log.showSignature=false show --textconv 6d0a0bfb5eb3fa87903cbd90c24bd2c128714a27:./src/helpers/filters/parseFilterForRequest.js --): 
[2021-04-19 13:57:18:159] [/Users/jdej/dev/npaw/youbora] Git Command failed: /usr/local/bin/git -c core.quotepath=false -c color.ui=false -c log.showSignature=false log --format=%x3cr%x3e%x20%H -n3 -m -L 73,73:src/helpers/filters/outputFilter.js • file src/helpers/filters/outputFilter.js has only 70 lines • 13 ms 
[2021-04-19 15:03:44:251] [/Users/jdej/dev/npaw/youbora/src/components/BottomNavigation/components/NavigationView] Git spawn /usr/local/bin/git ENOENT • 1 ms 
