[2022-04-21 22:26:18.887] [renderer1] [info] Ignoring configured affinity for 'pub.name' because the extension is unknown or cannot execute.
[2022-04-21 22:26:19.031] [renderer1] [info] Ignoring configured affinity for 'pub.name' because the extension is unknown or cannot execute.
[2022-04-21 22:26:20.549] [renderer1] [error] [Extension Host] (node:21859) [DEP0005] DeprecationWarning: Buffer() is deprecated due to security and usability issues. Please use the Buffer.alloc(), Buffer.allocUnsafe(), or Buffer.from() methods instead.
(Use `Electron --trace-deprecation ...` to show where the warning was created)
[2022-04-21 22:26:25.667] [renderer1] [error] Cannot read properties of null (reading 'hash'): TypeError: Cannot read properties of null (reading 'hash')
    at BlameViewProvider.<anonymous> (/Users/jdej/dev/jdej/vscode-profiles/jdej/exts/huizhou.githd-2.2.4/out/src/blameViewProvider.js:178:29)
    at Generator.next (<anonymous>)
    at fulfilled (/Users/jdej/dev/jdej/vscode-profiles/jdej/exts/huizhou.githd-2.2.4/out/src/blameViewProvider.js:4:58)
    at processTicksAndRejections (node:internal/process/task_queues:96:5)
[2022-04-21 22:27:35.076] [renderer1] [error] Cannot read properties of undefined (reading 'trim'): TypeError: Cannot read properties of undefined (reading 'trim')
    at GitService.<anonymous> (/Users/jdej/dev/jdej/vscode-profiles/jdej/exts/huizhou.githd-2.2.4/out/src/gitService.js:387:39)
    at Generator.next (<anonymous>)
    at fulfilled (/Users/jdej/dev/jdej/vscode-profiles/jdej/exts/huizhou.githd-2.2.4/out/src/gitService.js:4:58)
    at processTicksAndRejections (node:internal/process/task_queues:96:5)
[2022-04-21 22:27:35.294] [renderer1] [error] Cannot read properties of null (reading 'hash'): TypeError: Cannot read properties of null (reading 'hash')
    at BlameViewProvider.<anonymous> (/Users/jdej/dev/jdej/vscode-profiles/jdej/exts/huizhou.githd-2.2.4/out/src/blameViewProvider.js:178:29)
    at Generator.next (<anonymous>)
    at fulfilled (/Users/jdej/dev/jdej/vscode-profiles/jdej/exts/huizhou.githd-2.2.4/out/src/blameViewProvider.js:4:58)
    at processTicksAndRejections (node:internal/process/task_queues:96:5)
[2022-04-21 22:29:14.172] [renderer1] [error] Cannot read properties of null (reading 'hash'): TypeError: Cannot read properties of null (reading 'hash')
    at BlameViewProvider.<anonymous> (/Users/jdej/dev/jdej/vscode-profiles/jdej/exts/huizhou.githd-2.2.4/out/src/blameViewProvider.js:178:29)
    at Generator.next (<anonymous>)
    at fulfilled (/Users/jdej/dev/jdej/vscode-profiles/jdej/exts/huizhou.githd-2.2.4/out/src/blameViewProvider.js:4:58)
    at processTicksAndRejections (node:internal/process/task_queues:96:5)
[2022-04-21 22:32:03.726] [renderer1] [error] Cannot read properties of null (reading 'hash'): TypeError: Cannot read properties of null (reading 'hash')
    at BlameViewProvider.<anonymous> (/Users/jdej/dev/jdej/vscode-profiles/jdej/exts/huizhou.githd-2.2.4/out/src/blameViewProvider.js:178:29)
    at Generator.next (<anonymous>)
    at fulfilled (/Users/jdej/dev/jdej/vscode-profiles/jdej/exts/huizhou.githd-2.2.4/out/src/blameViewProvider.js:4:58)
    at runMicrotasks (<anonymous>)
    at processTicksAndRejections (node:internal/process/task_queues:96:5)
[2022-04-21 22:32:11.167] [renderer1] [error] Cannot read properties of undefined (reading 'trim'): TypeError: Cannot read properties of undefined (reading 'trim')
    at GitService.<anonymous> (/Users/jdej/dev/jdej/vscode-profiles/jdej/exts/huizhou.githd-2.2.4/out/src/gitService.js:387:39)
    at Generator.next (<anonymous>)
    at fulfilled (/Users/jdej/dev/jdej/vscode-profiles/jdej/exts/huizhou.githd-2.2.4/out/src/gitService.js:4:58)
    at runMicrotasks (<anonymous>)
    at processTicksAndRejections (node:internal/process/task_queues:96:5)
[2022-04-21 22:32:40.680] [renderer1] [error] Cannot read properties of null (reading 'hash'): TypeError: Cannot read properties of null (reading 'hash')
    at BlameViewProvider.<anonymous> (/Users/jdej/dev/jdej/vscode-profiles/jdej/exts/huizhou.githd-2.2.4/out/src/blameViewProvider.js:178:29)
    at Generator.next (<anonymous>)
    at fulfilled (/Users/jdej/dev/jdej/vscode-profiles/jdej/exts/huizhou.githd-2.2.4/out/src/blameViewProvider.js:4:58)
    at runMicrotasks (<anonymous>)
    at processTicksAndRejections (node:internal/process/task_queues:96:5)
[2022-04-21 22:36:15.429] [renderer1] [info] Ignoring configured affinity for 'pub.name' because the extension is unknown or cannot execute.
[2022-04-21 22:36:15.598] [renderer1] [error] ENOENT: no such file or directory, access '/Users/jdej/dev/jdej/vscode-profiles/jdej/exts/christian-kohler.npm-intellisense-1.4.1': Error: ENOENT: no such file or directory, access '/Users/jdej/dev/jdej/vscode-profiles/jdej/exts/christian-kohler.npm-intellisense-1.4.1'
[2022-04-21 22:37:49.369] [renderer1] [info] Ignoring configured affinity for 'pub.name' because the extension is unknown or cannot execute.
[2022-04-21 22:37:49.711] [renderer1] [error] ENOENT: no such file or directory, access '/Users/jdej/dev/jdej/vscode-profiles/jdej/exts/firefox-devtools.vscode-firefox-debug-2.9.6': Error: ENOENT: no such file or directory, access '/Users/jdej/dev/jdej/vscode-profiles/jdej/exts/firefox-devtools.vscode-firefox-debug-2.9.6'
