[2022-04-21T20:26:21.744Z] Validating found git in: /usr/local/bin/git
[2022-04-21T20:26:21.861Z] Using git 2.32.0 from /usr/local/bin/git
[2022-04-21T20:26:21.886Z] > git rev-parse --git-dir [3ms]
[2022-04-21T20:26:21.889Z] Open repository: /Users/jdej/dev/jdej/dotfiles
[2022-04-21T20:26:21.905Z] > git symbolic-ref --short HEAD [4ms]
[2022-04-21T20:26:21.914Z] > git for-each-ref --format=%(refname)%00%(upstream:short)%00%(objectname)%00%(upstream:track) refs/heads/master refs/remotes/master [7ms]
[2022-04-21T20:26:21.920Z] > git remote --verbose [4ms]
[2022-04-21T20:26:21.921Z] > git for-each-ref --sort -committerdate --format %(refname) %(objectname) %(*objectname) [6ms]
[2022-04-21T20:26:21.928Z] > git config --get commit.template [4ms]
[2022-04-21T20:26:23.809Z] > git config --global user.email [1336ms]
[2022-04-21T20:26:23.834Z] > git ls-files --stage -- /Users/jdej/dev/jdej/dotfiles/vscode/.vscodesetup [19ms]
[2022-04-21T20:26:23.836Z] > git config --global user.name [26ms]
[2022-04-21T20:26:23.845Z] > git cat-file -s 8f99abf75e2c6dd029a6eb5eff0bd9fba1311d58 [10ms]
[2022-04-21T20:26:23.861Z] > git symbolic-ref --short HEAD [14ms]
[2022-04-21T20:26:23.871Z] > git for-each-ref --format=%(refname)%00%(upstream:short)%00%(objectname)%00%(upstream:track) refs/heads/master refs/remotes/master [9ms]
[2022-04-21T20:26:23.879Z] > git remote --verbose [6ms]
[2022-04-21T20:26:23.879Z] > git for-each-ref --sort -committerdate --format %(refname) %(objectname) %(*objectname) [7ms]
[2022-04-21T20:26:23.891Z] > git config --get commit.template [7ms]
[2022-04-21T20:26:23.899Z] > git show -s --format=%an <%ae> [%ai] 55fe81e7c7a976f7904883796c75b7288574789b [6ms]
[2022-04-21T20:26:27.879Z] > git symbolic-ref --short HEAD [3ms]
[2022-04-21T20:26:27.884Z] > git for-each-ref --format=%(refname)%00%(upstream:short)%00%(objectname)%00%(upstream:track) refs/heads/master refs/remotes/master [4ms]
[2022-04-21T20:26:27.891Z] > git for-each-ref --sort -committerdate --format %(refname) %(objectname) %(*objectname) [4ms]
[2022-04-21T20:26:27.891Z] > git remote --verbose [4ms]
[2022-04-21T20:26:27.896Z] > git config --get commit.template [3ms]
[2022-04-21T20:26:28.984Z] > git ls-files --stage -- /Users/jdej/dev/jdej/dotfiles/vscode/.vscodesetup [4ms]
[2022-04-21T20:26:28.989Z] > git cat-file -s 8f99abf75e2c6dd029a6eb5eff0bd9fba1311d58 [3ms]
[2022-04-21T20:27:28.187Z] > git log --format=%H%n%aN%n%aE%n%at%n%ct%n%P%n%B -z -n21 -- /Users/jdej/dev/jdej/dotfiles/vscode/.vscodesetup [6ms]
[2022-04-21T20:27:33.254Z] > git ls-files --stage -- /Users/jdej/dev/jdej/dotfiles/zsh/.zsh-config [5ms]
[2022-04-21T20:27:33.260Z] > git cat-file -s 1d98ab74df52cbec0d0373bab7eb6be998dc35dd [5ms]
[2022-04-21T20:27:34.219Z] > git ls-files --stage -- /Users/jdej/dev/jdej/dotfiles/zsh/.p10k.zsh [5ms]
[2022-04-21T20:27:34.225Z] > git cat-file -s 1479f405a073b186c4da67133d3d3e1ca201c836 [5ms]
[2022-04-21T20:27:40.304Z] > git ls-files --stage -- /Users/jdej/dev/jdej/dotfiles/zsh/.zsh-config [4ms]
[2022-04-21T20:27:40.310Z] > git cat-file -s 1d98ab74df52cbec0d0373bab7eb6be998dc35dd [4ms]
[2022-04-21T20:27:45.936Z] > git ls-files --stage -- /Users/jdej/dev/jdej/dotfiles/zsh/.zshsetup [5ms]
[2022-04-21T20:27:45.942Z] > git cat-file -s 6dc899b050d3b1567a15cd12c10690a27a110ee5 [5ms]
[2022-04-21T20:29:13.102Z] > git ls-files --stage -- /Users/jdej/dev/jdej/dotfiles/vscode/.vscodesetup [5ms]
[2022-04-21T20:29:13.108Z] > git cat-file -s 8f99abf75e2c6dd029a6eb5eff0bd9fba1311d58 [4ms]
[2022-04-21T20:30:23.293Z] > git ls-files --stage -- /Users/jdej/dev/jdej/dotfiles/.macos [5ms]
[2022-04-21T20:30:23.300Z] > git cat-file -s 4a300ed976af976240b39658c4c52b7aa803f7d7 [5ms]
[2022-04-21T20:32:02.652Z] > git ls-files --stage -- /Users/jdej/dev/jdej/dotfiles/vscode/.vscodesetup [3ms]
[2022-04-21T20:32:02.657Z] > git cat-file -s 8f99abf75e2c6dd029a6eb5eff0bd9fba1311d58 [3ms]
[2022-04-21T20:32:10.097Z] > git ls-files --stage -- /Users/jdej/dev/jdej/dotfiles/.homebrewsetup [5ms]
[2022-04-21T20:32:10.103Z] > git cat-file -s 32c385e3f872dc118a4e77b9fae5e3a6f94c0b47 [5ms]
[2022-04-21T20:32:23.757Z] > git ls-files --stage -- /Users/jdej/dev/jdej/dotfiles/.macos [4ms]
[2022-04-21T20:32:23.763Z] > git cat-file -s 4a300ed976af976240b39658c4c52b7aa803f7d7 [4ms]
[2022-04-21T20:32:38.257Z] > git ls-files --stage -- /Users/jdej/dev/jdej/dotfiles/git/.gitsetup [5ms]
[2022-04-21T20:32:38.263Z] > git cat-file -s 252ea9355ddb9d6551b4e2bd72d49a0560137e3c [4ms]
[2022-04-21T20:32:39.614Z] > git ls-files --stage -- /Users/jdej/dev/jdej/dotfiles/git/.gitprofiles [5ms]
[2022-04-21T20:32:39.620Z] > git cat-file -s c34d57a3822f0cb4d63133829e504f137ce41819 [5ms]
