[2022-03-10 10:26:03.450] [exthost] [info] Extension host with pid 92051 started
[2022-03-10 10:26:03.450] [exthost] [info] Skipping acquiring lock for /Users/jdej/dev/jdej/vscode-profiles/npaw/data/User/workspaceStorage/1655eff70ba8cbec8132b861eaa9fa89.
[2022-03-10 10:26:03.511] [exthost] [info] ExtensionService#_doActivateExtension vscode.microsoft-authentication, startup: false, activationEvent: 'onAuthenticationRequest:microsoft'
[2022-03-10 10:26:03.552] [exthost] [info] ExtensionService#_doActivateExtension vscode.debug-auto-launch, startup: true, activationEvent: '*'
[2022-03-10 10:26:03.556] [exthost] [info] ExtensionService#_doActivateExtension vscode.git-base, startup: true, activationEvent: '*', root cause: vscode.github
[2022-03-10 10:26:03.560] [exthost] [info] ExtensionService#_doActivateExtension redhat.vscode-yaml, startup: true, activationEvent: '*', root cause: atlassian.atlascode
[2022-03-10 10:26:03.694] [exthost] [info] ExtensionService#_doActivateExtension christian-kohler.path-intellisense, startup: true, activationEvent: '*'
[2022-03-10 10:26:03.726] [exthost] [info] ExtensionService#_doActivateExtension donjayamanne.githistory, startup: true, activationEvent: '*'
[2022-03-10 10:26:03.772] [exthost] [info] ExtensionService#_doActivateExtension ms-vsliveshare.vsliveshare, startup: true, activationEvent: '*'
[2022-03-10 10:26:04.180] [exthost] [info] ExtensionService#_doActivateExtension vscode.npm, startup: true, activationEvent: 'workspaceContains:package.json'
[2022-03-10 10:26:04.321] [exthost] [info] ExtensionService#_doActivateExtension vscode.git, startup: false, activationEvent: 'api', root cause: donjayamanne.githistory
[2022-03-10 10:26:04.424] [exthost] [info] ExtensionService#_doActivateExtension vscode.github-authentication, startup: false, activationEvent: 'onAuthenticationRequest:github'
[2022-03-10 10:26:04.677] [exthost] [warning] [redhat.vscode-yaml] Accessing a resource scoped configuration without providing a resource is not expected. To get the effective value for '[yaml]', provide the URI of a resource or 'null' for any resource.
[2022-03-10 10:26:05.739] [exthost] [info] ExtensionService#_doActivateExtension vscode.github, startup: true, activationEvent: '*'
[2022-03-10 10:26:05.749] [exthost] [info] ExtensionService#_doActivateExtension atlassian.atlascode, startup: true, activationEvent: '*'
[2022-03-10 10:26:06.040] [exthost] [info] Eager extensions activated
[2022-03-10 10:26:06.928] [exthost] [info] ExtensionService#_doActivateExtension vscode.emmet, startup: false, activationEvent: 'onStartupFinished'
[2022-03-10 10:26:06.946] [exthost] [info] ExtensionService#_doActivateExtension vscode.merge-conflict, startup: false, activationEvent: 'onStartupFinished'
[2022-03-10 10:26:06.951] [exthost] [info] ExtensionService#_doActivateExtension dbaeumer.vscode-eslint, startup: false, activationEvent: 'onStartupFinished'
[2022-03-10 10:26:06.978] [exthost] [info] ExtensionService#_doActivateExtension eamodio.gitlens, startup: false, activationEvent: 'onStartupFinished'
[2022-03-10 10:26:07.083] [exthost] [info] ExtensionService#_doActivateExtension Gruntfuggly.todo-tree, startup: false, activationEvent: 'onStartupFinished'
[2022-03-10 10:26:07.116] [exthost] [info] ExtensionService#_doActivateExtension PKief.material-icon-theme, startup: false, activationEvent: 'onStartupFinished'
[2022-03-10 10:26:07.143] [exthost] [info] ExtensionService#_doActivateExtension vscode.configuration-editing, startup: false, activationEvent: 'onLanguage:jsonc'
[2022-03-10 10:26:07.168] [exthost] [info] ExtensionService#_doActivateExtension vscode.json-language-features, startup: false, activationEvent: 'onLanguage:jsonc'
[2022-03-10 10:26:07.252] [exthost] [info] ExtensionService#_doActivateExtension vscode.typescript-language-features, startup: false, activationEvent: 'onLanguage:jsonc'
[2022-03-10 10:26:07.301] [exthost] [info] ExtensionService#_doActivateExtension rvest.vs-code-prettier-eslint, startup: false, activationEvent: 'onLanguage:jsonc'
[2022-03-10 10:26:07.510] [exthost] [warning] [redhat.vscode-yaml] Accessing a resource scoped configuration without providing a resource is not expected. To get the effective value for '[yaml]', provide the URI of a resource or 'null' for any resource.
[2022-03-10 10:26:52.159] [exthost] [info] extension host terminating: renderer closed the socket
[2022-03-10 10:26:52.173] [exthost] [error] An error occurred when deactivating the subscriptions for extension 'atlassian.atlascode':
[2022-03-10 10:26:52.179] [exthost] [error] RangeError: Maximum call stack size exceeded
	at Te (/Applications/Visual Studio Code.app/Contents/Resources/app/out/vs/workbench/services/extensions/node/extensionHostProcess.js:98:6857)
	at Pa.dispose (/Applications/Visual Studio Code.app/Contents/Resources/app/out/vs/workbench/services/extensions/node/extensionHostProcess.js:84:18372)
	at Pa.<anonymous> (/Users/jdej/dev/jdej/vscode-profiles/npaw/exts/atlassian.atlascode-2.10.5/build/extension/extension.js:1:3952238)
	at Pa.dispose (/Applications/Visual Studio Code.app/Contents/Resources/app/out/vs/workbench/services/extensions/node/extensionHostProcess.js:84:18416)
	at Pa.<anonymous> (/Users/jdej/dev/jdej/vscode-profiles/npaw/exts/atlassian.atlascode-2.10.5/build/extension/extension.js:1:3952238)
	at Pa.dispose (/Applications/Visual Studio Code.app/Contents/Resources/app/out/vs/workbench/services/extensions/node/extensionHostProcess.js:84:18416)
	at Pa.<anonymous> (/Users/jdej/dev/jdej/vscode-profiles/npaw/exts/atlassian.atlascode-2.10.5/build/extension/extension.js:1:3952238)
	at Pa.dispose (/Applications/Visual Studio Code.app/Contents/Resources/app/out/vs/workbench/services/extensions/node/extensionHostProcess.js:84:18416)
	at Pa.<anonymous> (/Users/jdej/dev/jdej/vscode-profiles/npaw/exts/atlassian.atlascode-2.10.5/build/extension/extension.js:1:3952238)
	at Pa.dispose (/Applications/Visual Studio Code.app/Contents/Resources/app/out/vs/workbench/services/extensions/node/extensionHostProcess.js:84:18416)
	at Pa.<anonymous> (/Users/jdej/dev/jdej/vscode-profiles/npaw/exts/atlassian.atlascode-2.10.5/build/extension/extension.js:1:3952238)
	at Pa.dispose (/Applications/Visual Studio Code.app/Contents/Resources/app/out/vs/workbench/services/extensions/node/extensionHostProcess.js:84:18416)
	at Pa.<anonymous> (/Users/jdej/dev/jdej/vscode-profiles/npaw/exts/atlassian.atlascode-2.10.5/build/extension/extension.js:1:3952238)
	at Pa.dispose (/Applications/Visual Studio Code.app/Contents/Resources/app/out/vs/workbench/services/extensions/node/extensionHostProcess.js:84:18416)
	at Pa.<anonymous> (/Users/jdej/dev/jdej/vscode-profiles/npaw/exts/atlassian.atlascode-2.10.5/build/extension/extension.js:1:3952238)
	at Pa.dispose (/Applications/Visual Studio Code.app/Contents/Resources/app/out/vs/workbench/services/extensions/node/extensionHostProcess.js:84:18416)
	at Pa.<anonymous> (/Users/jdej/dev/jdej/vscode-profiles/npaw/exts/atlassian.atlascode-2.10.5/build/extension/extension.js:1:3952238)
	at Pa.dispose (/Applications/Visual Studio Code.app/Contents/Resources/app/out/vs/workbench/services/extensions/node/extensionHostProcess.js:84:18416)
	at Pa.<anonymous> (/Users/jdej/dev/jdej/vscode-profiles/npaw/exts/atlassian.atlascode-2.10.5/build/extension/extension.js:1:3952238)
	at Pa.dispose (/Applications/Visual Studio Code.app/Contents/Resources/app/out/vs/workbench/services/extensions/node/extensionHostProcess.js:84:18416)
	at Pa.<anonymous> (/Users/jdej/dev/jdej/vscode-profiles/npaw/exts/atlassian.atlascode-2.10.5/build/extension/extension.js:1:3952238)
	at Pa.dispose (/Applications/Visual Studio Code.app/Contents/Resources/app/out/vs/workbench/services/extensions/node/extensionHostProcess.js:84:18416)
	at Pa.<anonymous> (/Users/jdej/dev/jdej/vscode-profiles/npaw/exts/atlassian.atlascode-2.10.5/build/extension/extension.js:1:3952238)
	at Pa.dispose (/Applications/Visual Studio Code.app/Contents/Resources/app/out/vs/workbench/services/extensions/node/extensionHostProcess.js:84:18416)
	at Pa.<anonymous> (/Users/jdej/dev/jdej/vscode-profiles/npaw/exts/atlassian.atlascode-2.10.5/build/extension/extension.js:1:3952238)
	at Pa.dispose (/Applications/Visual Studio Code.app/Contents/Resources/app/out/vs/workbench/services/extensions/node/extensionHostProcess.js:84:18416)
	at Pa.<anonymous> (/Users/jdej/dev/jdej/vscode-profiles/npaw/exts/atlassian.atlascode-2.10.5/build/extension/extension.js:1:3952238)
	at Pa.dispose (/Applications/Visual Studio Code.app/Contents/Resources/app/out/vs/workbench/services/extensions/node/extensionHostProcess.js:84:18416)
	at Pa.<anonymous> (/Users/jdej/dev/jdej/vscode-profiles/npaw/exts/atlassian.atlascode-2.10.5/build/extension/extension.js:1:3952238)
	at Pa.dispose (/Applications/Visual Studio Code.app/Contents/Resources/app/out/vs/workbench/services/extensions/node/extensionHostProcess.js:84:18416)
	at Pa.<anonymous> (/Users/jdej/dev/jdej/vscode-profiles/npaw/exts/atlassian.atlascode-2.10.5/build/extension/extension.js:1:3952238)
	at Pa.dispose (/Applications/Visual Studio Code.app/Contents/Resources/app/out/vs/workbench/services/extensions/node/extensionHostProcess.js:84:18416)
	at Pa.<anonymous> (/Users/jdej/dev/jdej/vscode-profiles/npaw/exts/atlassian.atlascode-2.10.5/build/extension/extension.js:1:3952238)
	at Pa.dispose (/Applications/Visual Studio Code.app/Contents/Resources/app/out/vs/workbench/services/extensions/node/extensionHostProcess.js:84:18416)
	at Pa.<anonymous> (/Users/jdej/dev/jdej/vscode-profiles/npaw/exts/atlassian.atlascode-2.10.5/build/extension/extension.js:1:3952238)
	at Pa.dispose (/Applications/Visual Studio Code.app/Contents/Resources/app/out/vs/workbench/services/extensions/node/extensionHostProcess.js:84:18416)
	at Pa.<anonymous> (/Users/jdej/dev/jdej/vscode-profiles/npaw/exts/atlassian.atlascode-2.10.5/build/extension/extension.js:1:3952238)
	at Pa.dispose (/Applications/Visual Studio Code.app/Contents/Resources/app/out/vs/workbench/services/extensions/node/extensionHostProcess.js:84:18416)
	at Pa.<anonymous> (/Users/jdej/dev/jdej/vscode-profiles/npaw/exts/atlassian.atlascode-2.10.5/build/extension/extension.js:1:3952238)
	at Pa.dispose (/Applications/Visual Studio Code.app/Contents/Resources/app/out/vs/workbench/services/extensions/node/extensionHostProcess.js:84:18416)
	at Pa.<anonymous> (/Users/jdej/dev/jdej/vscode-profiles/npaw/exts/atlassian.atlascode-2.10.5/build/extension/extension.js:1:3952238)
	at Pa.dispose (/Applications/Visual Studio Code.app/Contents/Resources/app/out/vs/workbench/services/extensions/node/extensionHostProcess.js:84:18416)
	at Pa.<anonymous> (/Users/jdej/dev/jdej/vscode-profiles/npaw/exts/atlassian.atlascode-2.10.5/build/extension/extension.js:1:3952238)
	at Pa.dispose (/Applications/Visual Studio Code.app/Contents/Resources/app/out/vs/workbench/services/extensions/node/extensionHostProcess.js:84:18416)
	at Pa.<anonymous> (/Users/jdej/dev/jdej/vscode-profiles/npaw/exts/atlassian.atlascode-2.10.5/build/extension/extension.js:1:3952238)
	at Pa.dispose (/Applications/Visual Studio Code.app/Contents/Resources/app/out/vs/workbench/services/extensions/node/extensionHostProcess.js:84:18416)
	at Pa.<anonymous> (/Users/jdej/dev/jdej/vscode-profiles/npaw/exts/atlassian.atlascode-2.10.5/build/extension/extension.js:1:3952238)
	at Pa.dispose (/Applications/Visual Studio Code.app/Contents/Resources/app/out/vs/workbench/services/extensions/node/extensionHostProcess.js:84:18416)
	at Pa.<anonymous> (/Users/jdej/dev/jdej/vscode-profiles/npaw/exts/atlassian.atlascode-2.10.5/build/extension/extension.js:1:3952238)
	at Pa.dispose (/Applications/Visual Studio Code.app/Contents/Resources/app/out/vs/workbench/services/extensions/node/extensionHostProcess.js:84:18416)
	at Pa.<anonymous> (/Users/jdej/dev/jdej/vscode-profiles/npaw/exts/atlassian.atlascode-2.10.5/build/extension/extension.js:1:3952238)
	at Pa.dispose (/Applications/Visual Studio Code.app/Contents/Resources/app/out/vs/workbench/services/extensions/node/extensionHostProcess.js:84:18416)
	at Pa.<anonymous> (/Users/jdej/dev/jdej/vscode-profiles/npaw/exts/atlassian.atlascode-2.10.5/build/extension/extension.js:1:3952238)
	at Pa.dispose (/Applications/Visual Studio Code.app/Contents/Resources/app/out/vs/workbench/services/extensions/node/extensionHostProcess.js:84:18416)
	at Pa.<anonymous> (/Users/jdej/dev/jdej/vscode-profiles/npaw/exts/atlassian.atlascode-2.10.5/build/extension/extension.js:1:3952238)
	at Pa.dispose (/Applications/Visual Studio Code.app/Contents/Resources/app/out/vs/workbench/services/extensions/node/extensionHostProcess.js:84:18416)
	at Pa.<anonymous> (/Users/jdej/dev/jdej/vscode-profiles/npaw/exts/atlassian.atlascode-2.10.5/build/extension/extension.js:1:3952238)
	at Pa.dispose (/Applications/Visual Studio Code.app/Contents/Resources/app/out/vs/workbench/services/extensions/node/extensionHostProcess.js:84:18416)
	at Pa.<anonymous> (/Users/jdej/dev/jdej/vscode-profiles/npaw/exts/atlassian.atlascode-2.10.5/build/extension/extension.js:1:3952238)
	at Pa.dispose (/Applications/Visual Studio Code.app/Contents/Resources/app/out/vs/workbench/services/extensions/node/extensionHostProcess.js:84:18416)
	at Pa.<anonymous> (/Users/jdej/dev/jdej/vscode-profiles/npaw/exts/atlassian.atlascode-2.10.5/build/extension/extension.js:1:3952238)
	at Pa.dispose (/Applications/Visual Studio Code.app/Contents/Resources/app/out/vs/workbench/services/extensions/node/extensionHostProcess.js:84:18416)
	at Pa.<anonymous> (/Users/jdej/dev/jdej/vscode-profiles/npaw/exts/atlassian.atlascode-2.10.5/build/extension/extension.js:1:3952238)
	at Pa.dispose (/Applications/Visual Studio Code.app/Contents/Resources/app/out/vs/workbench/services/extensions/node/extensionHostProcess.js:84:18416)
	at Pa.<anonymous> (/Users/jdej/dev/jdej/vscode-profiles/npaw/exts/atlassian.atlascode-2.10.5/build/extension/extension.js:1:3952238)
	at Pa.dispose (/Applications/Visual Studio Code.app/Contents/Resources/app/out/vs/workbench/services/extensions/node/extensionHostProcess.js:84:18416)
	at Pa.<anonymous> (/Users/jdej/dev/jdej/vscode-profiles/npaw/exts/atlassian.atlascode-2.10.5/build/extension/extension.js:1:3952238)
	at Pa.dispose (/Applications/Visual Studio Code.app/Contents/Resources/app/out/vs/workbench/services/extensions/node/extensionHostProcess.js:84:18416)
	at Pa.<anonymous> (/Users/jdej/dev/jdej/vscode-profiles/npaw/exts/atlassian.atlascode-2.10.5/build/extension/extension.js:1:3952238)
	at Pa.dispose (/Applications/Visual Studio Code.app/Contents/Resources/app/out/vs/workbench/services/extensions/node/extensionHostProcess.js:84:18416)
	at Pa.<anonymous> (/Users/jdej/dev/jdej/vscode-profiles/npaw/exts/atlassian.atlascode-2.10.5/build/extension/extension.js:1:3952238)
	at Pa.dispose (/Applications/Visual Studio Code.app/Contents/Resources/app/out/vs/workbench/services/extensions/node/extensionHostProcess.js:84:18416)
	at Pa.<anonymous> (/Users/jdej/dev/jdej/vscode-profiles/npaw/exts/atlassian.atlascode-2.10.5/build/extension/extension.js:1:3952238)
	at Pa.dispose (/Applications/Visual Studio Code.app/Contents/Resources/app/out/vs/workbench/services/extensions/node/extensionHostProcess.js:84:18416)
	at Pa.<anonymous> (/Users/jdej/dev/jdej/vscode-profiles/npaw/exts/atlassian.atlascode-2.10.5/build/extension/extension.js:1:3952238)
	at Pa.dispose (/Applications/Visual Studio Code.app/Contents/Resources/app/out/vs/workbench/services/extensions/node/extensionHostProcess.js:84:18416)
	at Pa.<anonymous> (/Users/jdej/dev/jdej/vscode-profiles/npaw/exts/atlassian.atlascode-2.10.5/build/extension/extension.js:1:3952238)
	at Pa.dispose (/Applications/Visual Studio Code.app/Contents/Resources/app/out/vs/workbench/services/extensions/node/extensionHostProcess.js:84:18416)
	at Pa.<anonymous> (/Users/jdej/dev/jdej/vscode-profiles/npaw/exts/atlassian.atlascode-2.10.5/build/extension/extension.js:1:3952238)
	at Pa.dispose (/Applications/Visual Studio Code.app/Contents/Resources/app/out/vs/workbench/services/extensions/node/extensionHostProcess.js:84:18416)
	at Pa.<anonymous> (/Users/jdej/dev/jdej/vscode-profiles/npaw/exts/atlassian.atlascode-2.10.5/build/extension/extension.js:1:3952238)
	at Pa.dispose (/Applications/Visual Studio Code.app/Contents/Resources/app/out/vs/workbench/services/extensions/node/extensionHostProcess.js:84:18416)
	at Pa.<anonymous> (/Users/jdej/dev/jdej/vscode-profiles/npaw/exts/atlassian.atlascode-2.10.5/build/extension/extension.js:1:3952238)
	at Pa.dispose (/Applications/Visual Studio Code.app/Contents/Resources/app/out/vs/workbench/services/extensions/node/extensionHostProcess.js:84:18416)
	at Pa.<anonymous> (/Users/jdej/dev/jdej/vscode-profiles/npaw/exts/atlassian.atlascode-2.10.5/build/extension/extension.js:1:3952238)
	at Pa.dispose (/Applications/Visual Studio Code.app/Contents/Resources/app/out/vs/workbench/services/extensions/node/extensionHostProcess.js:84:18416)
	at Pa.<anonymous> (/Users/jdej/dev/jdej/vscode-profiles/npaw/exts/atlassian.atlascode-2.10.5/build/extension/extension.js:1:3952238)
	at Pa.dispose (/Applications/Visual Studio Code.app/Contents/Resources/app/out/vs/workbench/services/extensions/node/extensionHostProcess.js:84:18416)
	at Pa.<anonymous> (/Users/jdej/dev/jdej/vscode-profiles/npaw/exts/atlassian.atlascode-2.10.5/build/extension/extension.js:1:3952238)
	at Pa.dispose (/Applications/Visual Studio Code.app/Contents/Resources/app/out/vs/workbench/services/extensions/node/extensionHostProcess.js:84:18416)
	at Pa.<anonymous> (/Users/jdej/dev/jdej/vscode-profiles/npaw/exts/atlassian.atlascode-2.10.5/build/extension/extension.js:1:3952238)
	at Pa.dispose (/Applications/Visual Studio Code.app/Contents/Resources/app/out/vs/workbench/services/extensions/node/extensionHostProcess.js:84:18416)
	at Pa.<anonymous> (/Users/jdej/dev/jdej/vscode-profiles/npaw/exts/atlassian.atlascode-2.10.5/build/extension/extension.js:1:3952238)
	at Pa.dispose (/Applications/Visual Studio Code.app/Contents/Resources/app/out/vs/workbench/services/extensions/node/extensionHostProcess.js:84:18416)
	at Pa.<anonymous> (/Users/jdej/dev/jdej/vscode-profiles/npaw/exts/atlassian.atlascode-2.10.5/build/extension/extension.js:1:3952238)
	at Pa.dispose (/Applications/Visual Studio Code.app/Contents/Resources/app/out/vs/workbench/services/extensions/node/extensionHostProcess.js:84:18416)
	at Pa.<anonymous> (/Users/jdej/dev/jdej/vscode-profiles/npaw/exts/atlassian.atlascode-2.10.5/build/extension/extension.js:1:3952238)
	at Pa.dispose (/Applications/Visual Studio Code.app/Contents/Resources/app/out/vs/workbench/services/extensions/node/extensionHostProcess.js:84:18416)
	at Pa.<anonymous> (/Users/jdej/dev/jdej/vscode-profiles/npaw/exts/atlassian.atlascode-2.10.5/build/extension/extension.js:1:3952238)
	at Pa.dispose (/Applications/Visual Studio Code.app/Contents/Resources/app/out/vs/workbench/services/extensions/node/extensionHostProcess.js:84:18416)
[2022-03-10 10:26:52.186] [exthost] [error] An error occurred when deactivating the subscriptions for extension 'Gruntfuggly.todo-tree':
[2022-03-10 10:26:52.186] [exthost] [error] Error: Encountered errors while disposing of store. Errors: [TypeError: o.dispose is not a function, TypeError: o.dispose is not a function]
	at v (/Applications/Visual Studio Code.app/Contents/Resources/app/out/vs/workbench/services/extensions/node/extensionHostProcess.js:14:5039)
	at w._deactivate (/Applications/Visual Studio Code.app/Contents/Resources/app/out/vs/workbench/services/extensions/node/extensionHostProcess.js:98:11899)
	at /Applications/Visual Studio Code.app/Contents/Resources/app/out/vs/workbench/services/extensions/node/extensionHostProcess.js:98:10211
	at Array.map (<anonymous>)
	at w.deactivateAll (/Applications/Visual Studio Code.app/Contents/Resources/app/out/vs/workbench/services/extensions/node/extensionHostProcess.js:98:10198)
	at p.terminate (/Applications/Visual Studio Code.app/Contents/Resources/app/out/vs/workbench/services/extensions/node/extensionHostProcess.js:102:735)
	at s (/Applications/Visual Studio Code.app/Contents/Resources/app/out/vs/workbench/services/extensions/node/extensionHostProcess.js:112:36448)
	at Socket.<anonymous> (/Applications/Visual Studio Code.app/Contents/Resources/app/out/vs/workbench/services/extensions/node/extensionHostProcess.js:112:34061)
	at Socket.emit (events.js:327:22)
	at Pipe.<anonymous> (net.js:673:12)
[2022-03-10 10:26:52.208] [exthost] [info] Extension host with pid 92051 exiting with code 0
