[2022-04-21T20:09:44.005Z] Validating found git in: /usr/local/bin/git
[2022-04-21T20:09:44.047Z] Using git 2.32.0 from /usr/local/bin/git
[2022-04-21T20:09:44.233Z] > git rev-parse --git-dir [45ms]
[2022-04-21T20:09:44.235Z] Open repository: /Users/jdej/dev/jdej/dotfiles
[2022-04-21T20:09:44.263Z] > git symbolic-ref --short HEAD [7ms]
[2022-04-21T20:09:44.273Z] > git for-each-ref --format=%(refname)%00%(upstream:short)%00%(objectname)%00%(upstream:track) refs/heads/master refs/remotes/master [8ms]
[2022-04-21T20:09:44.284Z] > git for-each-ref --sort -committerdate --format %(refname) %(objectname) %(*objectname) [8ms]
[2022-04-21T20:09:44.285Z] > git remote --verbose [7ms]
[2022-04-21T20:09:44.294Z] > git config --get commit.template [6ms]
[2022-04-21T20:09:45.985Z] > git config --global user.email [808ms]
[2022-04-21T20:09:46.614Z] > git config --global user.name [627ms]
[2022-04-21T20:09:46.754Z] > git symbolic-ref --short HEAD [8ms]
[2022-04-21T20:09:46.767Z] > git for-each-ref --format=%(refname)%00%(upstream:short)%00%(objectname)%00%(upstream:track) refs/heads/master refs/remotes/master [11ms]
[2022-04-21T20:09:46.788Z] > git for-each-ref --sort -committerdate --format %(refname) %(objectname) %(*objectname) [19ms]
[2022-04-21T20:09:46.789Z] > git remote --verbose [18ms]
[2022-04-21T20:09:46.799Z] > git config --get commit.template [7ms]
[2022-04-21T20:09:46.815Z] > git show -s --format=%an <%ae> [%ai] 55fe81e7c7a976f7904883796c75b7288574789b [13ms]
[2022-04-21T20:09:47.649Z] > git ls-files --stage -- /Users/jdej/dev/jdej/dotfiles/zsh/.p10k.zsh [7ms]
[2022-04-21T20:09:47.657Z] > git cat-file -s 1479f405a073b186c4da67133d3d3e1ca201c836 [7ms]
[2022-04-21T20:10:03.067Z] > git symbolic-ref --short HEAD [5ms]
[2022-04-21T20:10:03.079Z] > git for-each-ref --format=%(refname)%00%(upstream:short)%00%(objectname)%00%(upstream:track) refs/heads/master refs/remotes/master [8ms]
[2022-04-21T20:10:03.088Z] > git for-each-ref --sort -committerdate --format %(refname) %(objectname) %(*objectname) [7ms]
[2022-04-21T20:10:03.089Z] > git remote --verbose [6ms]
[2022-04-21T20:10:03.099Z] > git config --get commit.template [5ms]
[2022-04-21T20:10:10.857Z] > git ls-files --stage -- /Users/jdej/dev/jdej/dotfiles/zsh/.zshsetup [5ms]
[2022-04-21T20:10:10.863Z] > git cat-file -s 6dc899b050d3b1567a15cd12c10690a27a110ee5 [5ms]
[2022-04-21T20:10:12.490Z] > git ls-files --stage -- /Users/jdej/dev/jdej/dotfiles/zsh/.zsh-config [4ms]
[2022-04-21T20:10:12.496Z] > git cat-file -s 1d98ab74df52cbec0d0373bab7eb6be998dc35dd [4ms]
[2022-04-21T20:10:28.435Z] > git ls-files --stage -- /Users/jdej/dev/jdej/dotfiles/zsh/.zshsetup [5ms]
[2022-04-21T20:10:28.441Z] > git cat-file -s 6dc899b050d3b1567a15cd12c10690a27a110ee5 [5ms]
[2022-04-21T20:11:02.080Z] > git ls-files --stage -- /Users/jdej/dev/jdej/dotfiles/zsh/.zsh-config [4ms]
[2022-04-21T20:11:02.086Z] > git cat-file -s 1d98ab74df52cbec0d0373bab7eb6be998dc35dd [5ms]
[2022-04-21T20:11:03.385Z] > git ls-files --stage -- /Users/jdej/dev/jdej/dotfiles/zsh/.zshsetup [5ms]
[2022-04-21T20:11:03.391Z] > git cat-file -s 6dc899b050d3b1567a15cd12c10690a27a110ee5 [5ms]
[2022-04-21T20:11:11.058Z] > git ls-files --stage -- /Users/jdej/dev/jdej/dotfiles/zsh/.zsh-config [6ms]
[2022-04-21T20:11:11.064Z] > git cat-file -s 1d98ab74df52cbec0d0373bab7eb6be998dc35dd [5ms]
[2022-04-21T20:13:01.525Z] > git symbolic-ref --short HEAD [5ms]
[2022-04-21T20:13:01.532Z] > git for-each-ref --format=%(refname)%00%(upstream:short)%00%(objectname)%00%(upstream:track) refs/heads/master refs/remotes/master [6ms]
[2022-04-21T20:13:01.539Z] > git remote --verbose [4ms]
[2022-04-21T20:13:01.559Z] > git for-each-ref --sort -committerdate --format %(refname) %(objectname) %(*objectname) [26ms]
[2022-04-21T20:13:01.566Z] > git config --get commit.template [4ms]
[2022-04-21T20:13:06.207Z] > git ls-tree -l HEAD -- /Users/jdej/dev/jdej/dotfiles/.homebrewsetup [6ms]
[2022-04-21T20:13:22.582Z] > git ls-files --stage -- /Users/jdej/dev/jdej/dotfiles/zsh/.zsh-config [5ms]
[2022-04-21T20:13:22.588Z] > git cat-file -s 1d98ab74df52cbec0d0373bab7eb6be998dc35dd [5ms]
[2022-04-21T20:13:23.894Z] > git ls-tree -l HEAD -- /Users/jdej/dev/jdej/dotfiles/.history/zsh/.p10k_20201010165543.zsh [6ms]
[2022-04-21T20:13:26.866Z] > git ls-tree -l HEAD -- /Users/jdej/dev/jdej/dotfiles/.history/zsh/.p10k_20220421221001.zsh [5ms]
[2022-04-21T20:13:28.091Z] > git ls-tree -l HEAD -- /Users/jdej/dev/jdej/dotfiles/.history/zsh/.zsh-config_20201010165543 [5ms]
[2022-04-21T20:13:30.434Z] > git ls-tree -l HEAD -- /Users/jdej/dev/jdej/dotfiles/.history/zsh/.zsh-config_20220421221300 [4ms]
[2022-04-21T20:13:32.173Z] > git ls-tree -l HEAD -- /Users/jdej/dev/jdej/dotfiles/zsh/.p10k.zsh [5ms]
[2022-04-21T20:13:35.682Z] > git ls-tree -l HEAD -- /Users/jdej/dev/jdej/dotfiles/zsh/.zsh-config [8ms]
[2022-04-21T20:13:37.471Z] > git ls-tree -l HEAD -- /Users/jdej/dev/jdej/dotfiles/.history/zsh/.zsh-config_20220421221300 [7ms]
[2022-04-21T20:13:42.850Z] > git clean -f -q -- /Users/jdej/dev/jdej/dotfiles/.history/zsh/.zsh-config_20220421221300 [5ms]
[2022-04-21T20:13:42.868Z] > git checkout -q [16ms]
[2022-04-21T20:13:42.882Z] > git symbolic-ref --short HEAD [4ms]
[2022-04-21T20:13:42.890Z] > git for-each-ref --format=%(refname)%00%(upstream:short)%00%(objectname)%00%(upstream:track) refs/heads/master refs/remotes/master [6ms]
[2022-04-21T20:13:42.897Z] > git remote --verbose [4ms]
[2022-04-21T20:13:42.897Z] > git for-each-ref --sort -committerdate --format %(refname) %(objectname) %(*objectname) [6ms]
[2022-04-21T20:13:42.904Z] > git config --get commit.template [4ms]
[2022-04-21T20:13:43.963Z] > git symbolic-ref --short HEAD [5ms]
[2022-04-21T20:13:43.972Z] > git for-each-ref --format=%(refname)%00%(upstream:short)%00%(objectname)%00%(upstream:track) refs/heads/master refs/remotes/master [7ms]
[2022-04-21T20:13:43.979Z] > git remote --verbose [4ms]
[2022-04-21T20:13:43.979Z] > git for-each-ref --sort -committerdate --format %(refname) %(objectname) %(*objectname) [6ms]
[2022-04-21T20:13:43.986Z] > git config --get commit.template [4ms]
[2022-04-21T20:13:44.064Z] > git ls-tree -l HEAD -- /Users/jdej/dev/jdej/dotfiles/.history/zsh/.zsh-config_20201010165543 [6ms]
[2022-04-21T20:13:44.064Z] > git ls-tree -l HEAD -- /Users/jdej/dev/jdej/dotfiles/.history/zsh/.p10k_20220421221001.zsh [8ms]
[2022-04-21T20:13:44.064Z] > git ls-tree -l HEAD -- /Users/jdej/dev/jdej/dotfiles/.history/zsh/.p10k_20201010165543.zsh [9ms]
[2022-04-21T20:13:44.065Z] > git ls-tree -l HEAD -- /Users/jdej/dev/jdej/dotfiles/.history/zsh/.zsh-config_20220421221300 [5ms]
[2022-04-21T20:13:44.073Z] > git ls-tree -l HEAD -- /Users/jdej/dev/jdej/dotfiles/zsh/.p10k.zsh [12ms]
[2022-04-21T20:13:44.074Z] > git ls-tree -l HEAD -- /Users/jdej/dev/jdej/dotfiles/zsh/.zsh-config [11ms]
[2022-04-21T20:13:46.402Z] > git clean -f -q -- /Users/jdej/dev/jdej/dotfiles/.history/zsh/.zsh-config_20201010165543 [6ms]
[2022-04-21T20:13:46.410Z] > git checkout -q [6ms]
[2022-04-21T20:13:46.424Z] > git symbolic-ref --short HEAD [4ms]
[2022-04-21T20:13:46.432Z] > git for-each-ref --format=%(refname)%00%(upstream:short)%00%(objectname)%00%(upstream:track) refs/heads/master refs/remotes/master [6ms]
[2022-04-21T20:13:46.440Z] > git remote --verbose [5ms]
[2022-04-21T20:13:46.440Z] > git for-each-ref --sort -committerdate --format %(refname) %(objectname) %(*objectname) [6ms]
[2022-04-21T20:13:46.446Z] > git config --get commit.template [4ms]
[2022-04-21T20:13:47.602Z] > git ls-tree -l HEAD -- /Users/jdej/dev/jdej/dotfiles/.history/zsh/.zsh-config_20201010165543 [6ms]
[2022-04-21T20:13:47.602Z] > git ls-tree -l HEAD -- /Users/jdej/dev/jdej/dotfiles/.history/zsh/.p10k_20220421221001.zsh [7ms]
[2022-04-21T20:13:47.603Z] > git ls-tree -l HEAD -- /Users/jdej/dev/jdej/dotfiles/.history/zsh/.p10k_20201010165543.zsh [10ms]
[2022-04-21T20:13:47.603Z] > git ls-tree -l HEAD -- /Users/jdej/dev/jdej/dotfiles/.history/zsh/.zsh-config_20220421221300 [5ms]
[2022-04-21T20:13:47.610Z] > git ls-tree -l HEAD -- /Users/jdej/dev/jdej/dotfiles/zsh/.zsh-config [9ms]
[2022-04-21T20:13:47.611Z] > git ls-tree -l HEAD -- /Users/jdej/dev/jdej/dotfiles/zsh/.p10k.zsh [11ms]
[2022-04-21T20:13:49.006Z] > git symbolic-ref --short HEAD [4ms]
[2022-04-21T20:13:49.014Z] > git for-each-ref --format=%(refname)%00%(upstream:short)%00%(objectname)%00%(upstream:track) refs/heads/master refs/remotes/master [6ms]
[2022-04-21T20:13:49.022Z] > git for-each-ref --sort -committerdate --format %(refname) %(objectname) %(*objectname) [6ms]
[2022-04-21T20:13:49.022Z] > git remote --verbose [5ms]
[2022-04-21T20:13:49.031Z] > git config --get commit.template [6ms]
[2022-04-21T20:13:49.035Z] > git clean -f -q -- /Users/jdej/dev/jdej/dotfiles/.history/zsh/.p10k_20220421221001.zsh [5ms]
[2022-04-21T20:13:49.044Z] > git checkout -q [7ms]
[2022-04-21T20:13:49.058Z] > git symbolic-ref --short HEAD [5ms]
[2022-04-21T20:13:49.065Z] > git for-each-ref --format=%(refname)%00%(upstream:short)%00%(objectname)%00%(upstream:track) refs/heads/master refs/remotes/master [6ms]
[2022-04-21T20:13:49.072Z] > git remote --verbose [4ms]
[2022-04-21T20:13:49.072Z] > git for-each-ref --sort -committerdate --format %(refname) %(objectname) %(*objectname) [6ms]
[2022-04-21T20:13:49.079Z] > git config --get commit.template [4ms]
[2022-04-21T20:13:50.232Z] > git ls-tree -l HEAD -- /Users/jdej/dev/jdej/dotfiles/.history/zsh/.zsh-config_20201010165543 [6ms]
[2022-04-21T20:13:50.233Z] > git ls-tree -l HEAD -- /Users/jdej/dev/jdej/dotfiles/.history/zsh/.p10k_20220421221001.zsh [8ms]
[2022-04-21T20:13:50.233Z] > git ls-tree -l HEAD -- /Users/jdej/dev/jdej/dotfiles/.history/zsh/.p10k_20201010165543.zsh [10ms]
[2022-04-21T20:13:50.233Z] > git ls-tree -l HEAD -- /Users/jdej/dev/jdej/dotfiles/.history/zsh/.zsh-config_20220421221300 [5ms]
[2022-04-21T20:13:50.234Z] > git ls-tree -l HEAD -- /Users/jdej/dev/jdej/dotfiles/zsh/.p10k.zsh [4ms]
[2022-04-21T20:13:50.243Z] > git ls-tree -l HEAD -- /Users/jdej/dev/jdej/dotfiles/zsh/.zsh-config [12ms]
[2022-04-21T20:13:52.316Z] > git clean -f -q -- /Users/jdej/dev/jdej/dotfiles/.history/zsh/.p10k_20201010165543.zsh [5ms]
[2022-04-21T20:13:52.325Z] > git checkout -q [7ms]
[2022-04-21T20:13:52.339Z] > git symbolic-ref --short HEAD [4ms]
[2022-04-21T20:13:52.347Z] > git for-each-ref --format=%(refname)%00%(upstream:short)%00%(objectname)%00%(upstream:track) refs/heads/master refs/remotes/master [6ms]
[2022-04-21T20:13:52.354Z] > git remote --verbose [4ms]
[2022-04-21T20:13:52.354Z] > git for-each-ref --sort -committerdate --format %(refname) %(objectname) %(*objectname) [6ms]
[2022-04-21T20:13:52.361Z] > git config --get commit.template [4ms]
[2022-04-21T20:13:53.502Z] > git ls-tree -l HEAD -- /Users/jdej/dev/jdej/dotfiles/.history/zsh/.zsh-config_20201010165543 [7ms]
[2022-04-21T20:13:53.503Z] > git ls-tree -l HEAD -- /Users/jdej/dev/jdej/dotfiles/.history/zsh/.p10k_20220421221001.zsh [9ms]
[2022-04-21T20:13:53.503Z] > git ls-tree -l HEAD -- /Users/jdej/dev/jdej/dotfiles/.history/zsh/.p10k_20201010165543.zsh [11ms]
[2022-04-21T20:13:53.504Z] > git ls-tree -l HEAD -- /Users/jdej/dev/jdej/dotfiles/.history/zsh/.zsh-config_20220421221300 [5ms]
[2022-04-21T20:13:53.511Z] > git ls-tree -l HEAD -- /Users/jdej/dev/jdej/dotfiles/zsh/.p10k.zsh [11ms]
[2022-04-21T20:13:53.512Z] > git ls-tree -l HEAD -- /Users/jdej/dev/jdej/dotfiles/zsh/.zsh-config [10ms]
[2022-04-21T20:13:54.050Z] > git symbolic-ref --short HEAD [4ms]
[2022-04-21T20:13:54.058Z] > git for-each-ref --format=%(refname)%00%(upstream:short)%00%(objectname)%00%(upstream:track) refs/heads/master refs/remotes/master [6ms]
[2022-04-21T20:13:54.066Z] > git for-each-ref --sort -committerdate --format %(refname) %(objectname) %(*objectname) [6ms]
[2022-04-21T20:13:54.066Z] > git remote --verbose [5ms]
[2022-04-21T20:13:54.072Z] > git config --get commit.template [3ms]
[2022-04-21T20:13:55.284Z] > git ls-tree -l HEAD -- /Users/jdej/dev/jdej/dotfiles/zsh/.zsh-config [6ms]
[2022-04-21T20:14:02.222Z] > git ls-tree -l HEAD -- /Users/jdej/dev/jdej/dotfiles/zsh/.p10k.zsh [10ms]
[2022-04-21T20:14:03.375Z] > git ls-files --stage -- /Users/jdej/dev/jdej/dotfiles/zsh/.zsh-config [5ms]
[2022-04-21T20:14:03.381Z] > git cat-file -s 1d98ab74df52cbec0d0373bab7eb6be998dc35dd [5ms]
[2022-04-21T20:14:05.041Z] > git ls-files --stage -- /Users/jdej/dev/jdej/dotfiles/zsh/.zshsetup [5ms]
[2022-04-21T20:14:05.047Z] > git cat-file -s 6dc899b050d3b1567a15cd12c10690a27a110ee5 [4ms]
[2022-04-21T20:14:05.958Z] > git ls-files --stage -- /Users/jdej/dev/jdej/dotfiles/zsh/.p10k.zsh [4ms]
[2022-04-21T20:14:05.965Z] > git cat-file -s 1479f405a073b186c4da67133d3d3e1ca201c836 [6ms]
[2022-04-21T20:14:49.155Z] > git ls-files --stage -- /Users/jdej/dev/jdej/dotfiles/git/jira-hook [5ms]
[2022-04-21T20:14:49.161Z] > git cat-file -s ea25be7837dccbf1c3009124ab6918c4f5b8126e [5ms]
[2022-04-21T20:15:13.666Z] > git ls-files --stage -- /Users/jdej/dev/jdej/dotfiles/git/.gitssh [5ms]
[2022-04-21T20:15:13.672Z] > git cat-file -s d143c96392a51bcdc8f07e217a456f261c89dfbd [5ms]
[2022-04-21T20:15:18.994Z] > git ls-files --stage -- /Users/jdej/dev/jdej/dotfiles/git/.gitsetup [5ms]
[2022-04-21T20:15:19.001Z] > git cat-file -s 252ea9355ddb9d6551b4e2bd72d49a0560137e3c [5ms]
[2022-04-21T20:15:20.754Z] > git ls-files --stage -- /Users/jdej/dev/jdej/dotfiles/git/.gitprofiles [5ms]
[2022-04-21T20:15:20.760Z] > git cat-file -s c34d57a3822f0cb4d63133829e504f137ce41819 [4ms]
[2022-04-21T20:16:33.409Z] > git ls-files --stage -- /Users/jdej/dev/jdej/dotfiles/vscode/.vscodesetup [4ms]
[2022-04-21T20:16:33.414Z] > git cat-file -s 8f99abf75e2c6dd029a6eb5eff0bd9fba1311d58 [4ms]
[2022-04-21T20:19:09.348Z] > git ls-files --stage -- /Users/jdej/dev/jdej/dotfiles/vscode/.vscodesetup [6ms]
[2022-04-21T20:19:09.354Z] > git cat-file -s 8f99abf75e2c6dd029a6eb5eff0bd9fba1311d58 [4ms]
[2022-04-21T20:19:39.340Z] > git ls-files --stage -- /Users/jdej/dev/jdej/dotfiles/vscode/.vscodesetup [12ms]
[2022-04-21T20:19:39.410Z] > git cat-file -s 8f99abf75e2c6dd029a6eb5eff0bd9fba1311d58 [66ms]
[2022-04-21T20:20:14.247Z] > git ls-files --stage -- /Users/jdej/dev/jdej/dotfiles/vscode/.vscodesetup [5ms]
[2022-04-21T20:20:14.253Z] > git cat-file -s 8f99abf75e2c6dd029a6eb5eff0bd9fba1311d58 [4ms]
[2022-04-21T20:20:36.817Z] > git ls-files --stage -- /Users/jdej/dev/jdej/dotfiles/vscode/settings.json [6ms]
[2022-04-21T20:20:36.824Z] > git cat-file -s 0c83381b76b25613b083a8283200848f80f97944 [6ms]
[2022-04-21T20:20:42.059Z] > git symbolic-ref --short HEAD [4ms]
[2022-04-21T20:20:42.071Z] > git for-each-ref --format=%(refname)%00%(upstream:short)%00%(objectname)%00%(upstream:track) refs/heads/master refs/remotes/master [10ms]
[2022-04-21T20:20:42.079Z] > git remote --verbose [5ms]
[2022-04-21T20:20:42.079Z] > git for-each-ref --sort -committerdate --format %(refname) %(objectname) %(*objectname) [6ms]
[2022-04-21T20:20:42.086Z] > git config --get commit.template [4ms]
[2022-04-21T20:20:43.510Z] > git ls-files --stage -- /Users/jdej/dev/jdej/dotfiles/vscode/.vscodesetup [5ms]
[2022-04-21T20:20:43.516Z] > git cat-file -s 8f99abf75e2c6dd029a6eb5eff0bd9fba1311d58 [5ms]
[2022-04-21T20:21:40.071Z] > git symbolic-ref --short HEAD [6ms]
[2022-04-21T20:21:40.080Z] > git for-each-ref --format=%(refname)%00%(upstream:short)%00%(objectname)%00%(upstream:track) refs/heads/master refs/remotes/master [7ms]
[2022-04-21T20:21:40.087Z] > git for-each-ref --sort -committerdate --format %(refname) %(objectname) %(*objectname) [6ms]
[2022-04-21T20:21:40.087Z] > git remote --verbose [4ms]
[2022-04-21T20:21:40.093Z] > git config --get commit.template [4ms]
[2022-04-21T20:21:40.164Z] > git ls-files --stage -- /Users/jdej/dev/jdej/dotfiles/vscode/.vscodesetup [7ms]
[2022-04-21T20:21:40.171Z] > git cat-file -s 8f99abf75e2c6dd029a6eb5eff0bd9fba1311d58 [6ms]
[2022-04-21T20:23:22.774Z] > git symbolic-ref --short HEAD [4ms]
[2022-04-21T20:23:22.782Z] > git for-each-ref --format=%(refname)%00%(upstream:short)%00%(objectname)%00%(upstream:track) refs/heads/master refs/remotes/master [6ms]
[2022-04-21T20:23:22.789Z] > git remote --verbose [4ms]
[2022-04-21T20:23:22.789Z] > git for-each-ref --sort -committerdate --format %(refname) %(objectname) %(*objectname) [6ms]
[2022-04-21T20:23:22.795Z] > git config --get commit.template [3ms]
[2022-04-21T20:23:31.474Z] > git log --format=%H%n%aN%n%aE%n%at%n%ct%n%P%n%B -z -n21 -- /Users/jdej/dev/jdej/dotfiles/vscode/.vscodesetup [6ms]
[2022-04-21T20:24:15.342Z] > git symbolic-ref --short HEAD [5ms]
[2022-04-21T20:24:15.350Z] > git for-each-ref --format=%(refname)%00%(upstream:short)%00%(objectname)%00%(upstream:track) refs/heads/master refs/remotes/master [7ms]
[2022-04-21T20:24:15.358Z] > git for-each-ref --sort -committerdate --format %(refname) %(objectname) %(*objectname) [6ms]
[2022-04-21T20:24:15.358Z] > git remote --verbose [5ms]
[2022-04-21T20:24:15.364Z] > git config --get commit.template [4ms]
[2022-04-21T20:24:16.909Z] > git ls-files --stage -- /Users/jdej/dev/jdej/dotfiles/vscode/.vscodesetup [4ms]
[2022-04-21T20:24:16.915Z] > git cat-file -s 8f99abf75e2c6dd029a6eb5eff0bd9fba1311d58 [4ms]
[2022-04-21T20:24:27.182Z] > git symbolic-ref --short HEAD [4ms]
[2022-04-21T20:24:27.190Z] > git for-each-ref --format=%(refname)%00%(upstream:short)%00%(objectname)%00%(upstream:track) refs/heads/master refs/remotes/master [6ms]
[2022-04-21T20:24:27.197Z] > git remote --verbose [5ms]
[2022-04-21T20:24:27.197Z] > git for-each-ref --sort -committerdate --format %(refname) %(objectname) %(*objectname) [6ms]
[2022-04-21T20:24:27.203Z] > git config --get commit.template [4ms]
[2022-04-21T20:24:30.332Z] > git ls-tree -l HEAD -- /Users/jdej/dev/jdej/dotfiles/.history/vscode/.vscodesetup_20220421222320 [5ms]
[2022-04-21T20:24:34.168Z] > git clean -f -q -- /Users/jdej/dev/jdej/dotfiles/.history/vscode/.vscodesetup_20220421222320 [15ms]
[2022-04-21T20:24:34.182Z] > git checkout -q [10ms]
[2022-04-21T20:24:34.198Z] > git symbolic-ref --short HEAD [6ms]
[2022-04-21T20:24:34.205Z] > git for-each-ref --format=%(refname)%00%(upstream:short)%00%(objectname)%00%(upstream:track) refs/heads/master refs/remotes/master [6ms]
[2022-04-21T20:24:34.212Z] > git remote --verbose [4ms]
[2022-04-21T20:24:34.213Z] > git for-each-ref --sort -committerdate --format %(refname) %(objectname) %(*objectname) [6ms]
[2022-04-21T20:24:34.219Z] > git config --get commit.template [4ms]
[2022-04-21T20:24:35.274Z] > git symbolic-ref --short HEAD [5ms]
[2022-04-21T20:24:35.282Z] > git for-each-ref --format=%(refname)%00%(upstream:short)%00%(objectname)%00%(upstream:track) refs/heads/master refs/remotes/master [7ms]
[2022-04-21T20:24:35.289Z] > git remote --verbose [4ms]
[2022-04-21T20:24:35.290Z] > git for-each-ref --sort -committerdate --format %(refname) %(objectname) %(*objectname) [6ms]
[2022-04-21T20:24:35.297Z] > git config --get commit.template [4ms]
[2022-04-21T20:24:35.369Z] > git ls-tree -l HEAD -- /Users/jdej/dev/jdej/dotfiles/.history/vscode/.vscodesetup_20220421222320 [6ms]
[2022-04-21T20:24:39.365Z] > git clean -f -q -- /Users/jdej/dev/jdej/dotfiles/.history/vscode/.vscodesetup_20220421222426 [5ms]
[2022-04-21T20:24:39.373Z] > git checkout -q [6ms]
[2022-04-21T20:24:39.387Z] > git symbolic-ref --short HEAD [4ms]
[2022-04-21T20:24:39.395Z] > git for-each-ref --format=%(refname)%00%(upstream:short)%00%(objectname)%00%(upstream:track) refs/heads/master refs/remotes/master [6ms]
[2022-04-21T20:24:39.403Z] > git remote --verbose [5ms]
[2022-04-21T20:24:39.403Z] > git for-each-ref --sort -committerdate --format %(refname) %(objectname) %(*objectname) [6ms]
[2022-04-21T20:24:39.410Z] > git config --get commit.template [5ms]
[2022-04-21T20:24:40.463Z] > git symbolic-ref --short HEAD [5ms]
[2022-04-21T20:24:40.471Z] > git for-each-ref --format=%(refname)%00%(upstream:short)%00%(objectname)%00%(upstream:track) refs/heads/master refs/remotes/master [6ms]
[2022-04-21T20:24:40.478Z] > git for-each-ref --sort -committerdate --format %(refname) %(objectname) %(*objectname) [5ms]
[2022-04-21T20:24:40.479Z] > git remote --verbose [5ms]
[2022-04-21T20:24:40.485Z] > git config --get commit.template [4ms]
[2022-04-21T20:24:40.559Z] > git ls-tree -l HEAD -- /Users/jdej/dev/jdej/dotfiles/.history/vscode/.vscodesetup_20220421222320 [5ms]
[2022-04-21T20:24:49.438Z] > git ls-files --stage -- /Users/jdej/dev/jdej/dotfiles/vscode/.vscodesetup [5ms]
[2022-04-21T20:24:49.444Z] > git cat-file -s 8f99abf75e2c6dd029a6eb5eff0bd9fba1311d58 [5ms]
[2022-04-21T20:24:50.278Z] > git symbolic-ref --short HEAD [4ms]
[2022-04-21T20:24:50.286Z] > git for-each-ref --format=%(refname)%00%(upstream:short)%00%(objectname)%00%(upstream:track) refs/heads/master refs/remotes/master [6ms]
[2022-04-21T20:24:50.293Z] > git remote --verbose [4ms]
[2022-04-21T20:24:50.293Z] > git for-each-ref --sort -committerdate --format %(refname) %(objectname) %(*objectname) [5ms]
[2022-04-21T20:24:50.300Z] > git config --get commit.template [4ms]
